[22:54:21] SELECT ItemCount FROM GameServerInfo WHERE Number = 0
[22:54:21] SELECT * FROM Guild
[22:54:21] SELECT GensRankingMonth FROM GameServerInfo WHERE Number=0
[22:54:21] SELECT * From IGC_Gens WHERE Influence=1 ORDER By Points DESC
[22:54:21] SELECT * From IGC_Gens WHERE Influence=2 ORDER By Points DESC
[22:54:21] EXEC IGC_DeleteAllPartyMatchingList
[22:54:26] SELECT * FROM DefaultClassType
[22:54:27] EXEC IGC_ArcaBattleWinGuildSelect
[22:54:27] EXEC IGC_ArcaBattleProcSelect
[22:54:36] SELECT * FROM MEMB_INFO WHERE memb___id='fast'
[22:54:36] SELECT * FROM IGC_MachineID_Banned WHERE HWID = '1051-4E4B-5E3C-9DA0-9357'
[22:54:36] INSERT INTO ConnectionHistory (AccountID, ServerName, IP, Date, State, HWID) Values('fast','RegularSrv','186.182.173.58', GETDATE(), 'Connect', '1051-4E4B-5E3C-9DA0-9357')
[22:54:36] EXEC WZ_CONNECT_MEMB 'fast','RegularSrv','186.182.173.58'
[22:54:36] EXEC VIPSystem_CheckAccount 'fast'
[22:54:38] SELECT * FROM MEMB_INFO WHERE memb___id='XCZBO'
[22:54:38] SELECT * FROM IGC_MachineID_Banned WHERE HWID = '5C58-F257-9696-1845-0130'
[22:54:38] INSERT INTO ConnectionHistory (AccountID, ServerName, IP, Date, State, HWID) Values('XCZBO','RegularSrv','186.19.118.155', GETDATE(), 'Connect', '5C58-F257-9696-1845-0130')
[22:54:38] EXEC WZ_CONNECT_MEMB 'XCZBO','RegularSrv','186.19.118.155'
[22:54:38] EXEC VIPSystem_CheckAccount 'XCZBO'
[22:54:38] SELECT Id FROM AccountCharacter WHERE Id='fast'
[22:54:38] SELECT * FROM AccountCharacter WHERE Id='fast'
[22:54:38] SELECT WarehouseExpansion, Summoner, RageFighter, SecCode FROM AccountCharacter WHERE Id='fast'
[22:54:38] SELECT cLevel, Class, CtlCode FROM vCharacterPreview WHERE Name='Tomi'
[22:54:38] SELECT Inventory FROM Character WHERE Name='Tomi'
[22:54:38] SELECT RESETS FROM Character WHERE Name='Tomi'
[22:54:38] SELECT G_Status FROM GuildMember WHERE Name='Tomi'
[22:54:38] SELECT cLevel, Class, CtlCode FROM vCharacterPreview WHERE Name='test'
[22:54:38] SELECT Inventory FROM Character WHERE Name='test'
[22:54:38] SELECT RESETS FROM Character WHERE Name='test'
[22:54:38] SELECT G_Status FROM GuildMember WHERE Name='test'
[22:54:40] SELECT Id FROM AccountCharacter WHERE Id='XCZBO'
[22:54:40] SELECT * FROM AccountCharacter WHERE Id='XCZBO'
[22:54:40] SELECT WarehouseExpansion, Summoner, RageFighter, SecCode FROM AccountCharacter WHERE Id='XCZBO'
[22:54:40] SELECT cLevel, Class, CtlCode FROM vCharacterPreview WHERE Name='XCZBO'
[22:54:40] SELECT Inventory FROM Character WHERE Name='XCZBO'
[22:54:40] SELECT RESETS FROM Character WHERE Name='XCZBO'
[22:54:40] SELECT G_Status FROM GuildMember WHERE Name='XCZBO'
[22:54:40] SELECT * FROM AccountCharacter WHERE Id = 'fast'
[22:54:40] SELECT WarehouseExpansion FROM AccountCharacter WHERE Id = 'fast'
[22:54:40] SELECT cLevel, mLevel, Class, LevelUpPoint, mlPoint, Experience, mlExperience, mlNextExp, Strength, Dexterity, Vitality, Energy, Money, Life, MaxLife, Mana, MaxMana, MapNumber, MapPosX, MapPosY, MapDir, PkCount, PkLevel, PkTime, CtlCode, Leadership, ChatLimitTime, FruitPoint, RESETS, Married, MarryName, InventoryExpansion, WinDuels, LoseDuels, BlockChatTime, PenaltyMask FROM Character WHERE Name='Tomi' AND AccountID='fast'
[22:54:40] SELECT Inventory from Character where Name='Tomi'
[22:54:40] SELECT MagicList from Character where Name='Tomi'
[22:54:40] SELECT Quest from Character where Name='Tomi'
[22:54:40] SELECT AuthorityMask, DATEDIFF(DAY, GETDATE(), Expiry) AS ExpirationTime FROM T_GMSystem WHERE Name='Tomi'
[22:54:40] UPDATE AccountCharacter SET GameIDC='Tomi' WHERE Id='fast'
[22:54:40] SELECT * FROM OptionData WHERE Name='Tomi'
[22:54:40] SELECT SkillKey from OptionData where Name='Tomi'
[22:54:40] SELECT MuBotData FROM Character WHERE Name = 'Tomi'
[22:54:40] SELECT WCoinP, WCoinC, GoblinPoint FROM T_InGameShop_Point WHERE AccountID = 'fast'
[22:54:40] EXEC IGC_QuestExpUserInfoLoad_Fir 'Tomi'
[22:54:40] SELECT GUID, MemoTotal FROM T_FriendMain where Name = 'Tomi'
[22:54:40] SELECT FriendGuid, FriendName, Del FROM T_FriendList where GUID = 3
[22:54:40] EXEC IGC_QuestExpUserInfoLoad_Sec 'Tomi', 1, ?, ?, ?
[22:54:40] EXEC IGC_QuestExpUserInfoLoad_Sec 'Tomi', 18, ?, ?, ?
[22:54:40] SELECT FriendName FROM T_WaitFriend where GUID=3
[22:54:40] SELECT MemoIndex, FriendName, wDate, Subject, bRead FROM T_FriendMail where GUID=3
[22:54:40] EXEC IGC_GetGuildMatchingAcceptNRejectInfo 'Tomi'
[22:54:40] SELECT * FROM PetWarehouse WHERE Name= 'Tomi'
[22:54:40] EXEC IGC_GensLoad 'Tomi'
[22:54:40] SELECT Items from PetWarehouse WHERE Name= 'Tomi'
[22:54:40] EXEC IGC_PeriodItemExpiredItemSelectEx 1, 'Tomi'
[22:54:40] EXEC IGC_GensAbuseLoad 'Tomi'
[22:54:40] EXEC IGC_PeriodItemSelectEx 1, 'Tomi'
[22:54:40] EXEC IGC_LuckyItemSelect 'Tomi'
[22:54:40] EXEC IGC_PeriodBuffSelect 'Tomi'
[22:54:40] SELECT G_Name, G_Level, G_Status FROM GuildMember where Name='Tomi'
[22:54:40] EXEC IGC_PentagramInfoSelect 1, 'fast', 'Tomi', 0
[22:54:40] EXEC IGC_PentagramInfoSelect 1, 'fast', 'Tomi', 1
[22:54:40] EXEC IGC_MineSystem_Select_UPTUserInfo 'Tomi'
[22:54:42] SELECT * FROM AccountCharacter WHERE Id = 'XCZBO'
[22:54:42] SELECT WarehouseExpansion FROM AccountCharacter WHERE Id = 'XCZBO'
[22:54:42] SELECT cLevel, mLevel, Class, LevelUpPoint, mlPoint, Experience, mlExperience, mlNextExp, Strength, Dexterity, Vitality, Energy, Money, Life, MaxLife, Mana, MaxMana, MapNumber, MapPosX, MapPosY, MapDir, PkCount, PkLevel, PkTime, CtlCode, Leadership, ChatLimitTime, FruitPoint, RESETS, Married, MarryName, InventoryExpansion, WinDuels, LoseDuels, BlockChatTime, PenaltyMask FROM Character WHERE Name='XCZBO' AND AccountID='XCZBO'
[22:54:42] SELECT Inventory from Character where Name='XCZBO'
[22:54:42] SELECT MagicList from Character where Name='XCZBO'
[22:54:42] SELECT Quest from Character where Name='XCZBO'
[22:54:42] SELECT AuthorityMask, DATEDIFF(DAY, GETDATE(), Expiry) AS ExpirationTime FROM T_GMSystem WHERE Name='XCZBO'
[22:54:42] UPDATE AccountCharacter SET GameIDC='XCZBO' WHERE Id='XCZBO'
[22:54:42] SELECT * FROM OptionData WHERE Name='XCZBO'
[22:54:42] SELECT MuBotData FROM Character WHERE Name = 'XCZBO'
[22:54:42] EXEC IGC_QuestExpUserInfoLoad_Fir 'XCZBO'
[22:54:42] SELECT WCoinP, WCoinC, GoblinPoint FROM T_InGameShop_Point WHERE AccountID = 'XCZBO'
[22:54:42] SELECT GUID, MemoTotal FROM T_FriendMain where Name = 'XCZBO'
[22:54:42] EXEC IGC_QuestExpUserInfoLoad_Sec 'XCZBO', 2, ?, ?, ?
[22:54:42] SELECT FriendGuid, FriendName, Del FROM T_FriendList where GUID = 5
[22:54:42] EXEC IGC_QuestExpUserInfoLoad_Sec 'XCZBO', 4, ?, ?, ?
[22:54:42] EXEC IGC_QuestExpUserInfoLoad_Sec 'XCZBO', 18, ?, ?, ?
[22:54:42] SELECT FriendName FROM T_WaitFriend where GUID=5
[22:54:42] EXEC IGC_QuestExpUserInfoLoad_Sec 'XCZBO', 3, ?, ?, ?
[22:54:42] SELECT MemoIndex, FriendName, wDate, Subject, bRead FROM T_FriendMail where GUID=5
[22:54:42] EXEC IGC_GetGuildMatchingAcceptNRejectInfo 'XCZBO'
[22:54:42] EXEC IGC_GensLoad 'XCZBO'
[22:54:42] SELECT * FROM PetWarehouse WHERE Name= 'XCZBO'
[22:54:42] SELECT Items from PetWarehouse WHERE Name= 'XCZBO'
[22:54:42] EXEC IGC_PeriodItemExpiredItemSelectEx 6, 'XCZBO'
[22:54:42] EXEC IGC_GensAbuseLoad 'XCZBO'
[22:54:42] EXEC IGC_PeriodItemSelectEx 6, 'XCZBO'
[22:54:42] EXEC IGC_LuckyItemSelect 'XCZBO'
[22:54:42] EXEC IGC_PeriodBuffSelect 'XCZBO'
[22:54:42] SELECT G_Name, G_Level, G_Status FROM GuildMember where Name='XCZBO'
[22:54:42] EXEC IGC_PentagramInfoSelect 6, 'XCZBO', 'XCZBO', 0
[22:54:42] EXEC IGC_PentagramInfoSelect 6, 'XCZBO', 'XCZBO', 1
[22:54:42] EXEC IGC_MineSystem_Select_UPTUserInfo 'XCZBO'
[22:54:42] SELECT * FROM MEMB_INFO WHERE memb___id='Idk288'
[22:54:42] SELECT * FROM IGC_MachineID_Banned WHERE HWID = '5C76-4E4B-155F-2474-375F'
[22:54:42] INSERT INTO ConnectionHistory (AccountID, ServerName, IP, Date, State, HWID) Values('Idk288','RegularSrv','181.13.118.12', GETDATE(), 'Connect', '5C76-4E4B-155F-2474-375F')
[22:54:42] EXEC WZ_CONNECT_MEMB 'Idk288','RegularSrv','181.13.118.12'
[22:54:42] EXEC VIPSystem_CheckAccount 'Idk288'
[22:54:44] SELECT Id FROM AccountCharacter WHERE Id='Idk288'
[22:54:44] SELECT * FROM AccountCharacter WHERE Id='Idk288'
[22:54:44] SELECT WarehouseExpansion, Summoner, RageFighter, SecCode FROM AccountCharacter WHERE Id='Idk288'
[22:54:44] SELECT cLevel, Class, CtlCode FROM vCharacterPreview WHERE Name='Conqueror'
[22:54:44] SELECT Inventory FROM Character WHERE Name='Conqueror'
[22:54:44] SELECT RESETS FROM Character WHERE Name='Conqueror'
[22:54:44] SELECT G_Status FROM GuildMember WHERE Name='Conqueror'
[22:54:46] SELECT * FROM AccountCharacter WHERE Id = 'Idk288'
[22:54:46] SELECT WarehouseExpansion FROM AccountCharacter WHERE Id = 'Idk288'
[22:54:46] SELECT cLevel, mLevel, Class, LevelUpPoint, mlPoint, Experience, mlExperience, mlNextExp, Strength, Dexterity, Vitality, Energy, Money, Life, MaxLife, Mana, MaxMana, MapNumber, MapPosX, MapPosY, MapDir, PkCount, PkLevel, PkTime, CtlCode, Leadership, ChatLimitTime, FruitPoint, RESETS, Married, MarryName, InventoryExpansion, WinDuels, LoseDuels, BlockChatTime, PenaltyMask FROM Character WHERE Name='Conqueror' AND AccountID='Idk288'
[22:54:46] SELECT Inventory from Character where Name='Conqueror'
[22:54:46] SELECT MagicList from Character where Name='Conqueror'
[22:54:46] SELECT Quest from Character where Name='Conqueror'
[22:54:46] SELECT AuthorityMask, DATEDIFF(DAY, GETDATE(), Expiry) AS ExpirationTime FROM T_GMSystem WHERE Name='Conqueror'
[22:54:46] UPDATE AccountCharacter SET GameIDC='Conqueror' WHERE Id='Idk288'
[22:54:46] SELECT * FROM OptionData WHERE Name='Conqueror'
[22:54:46] SELECT MuBotData FROM Character WHERE Name = 'Conqueror'
[22:54:46] SELECT WCoinP, WCoinC, GoblinPoint FROM T_InGameShop_Point WHERE AccountID = 'Idk288'
[22:54:46] EXEC IGC_QuestExpUserInfoLoad_Fir 'Conqueror'
[22:54:46] SELECT GUID, MemoTotal FROM T_FriendMain where Name = 'Conqueror'
[22:54:46] EXEC IGC_QuestExpUserInfoLoad_Sec 'Conqueror', 1, ?, ?, ?
[22:54:46] SELECT FriendGuid, FriendName, Del FROM T_FriendList where GUID = 4
[22:54:46] SELECT FriendName FROM T_WaitFriend where GUID=4
[22:54:46] SELECT MemoIndex, FriendName, wDate, Subject, bRead FROM T_FriendMail where GUID=4
[22:54:46] EXEC IGC_GetGuildMatchingAcceptNRejectInfo 'Conqueror'
[22:54:46] EXEC IGC_GensLoad 'Conqueror'
[22:54:46] SELECT * FROM PetWarehouse WHERE Name= 'Conqueror'
[22:54:46] SELECT Items from PetWarehouse WHERE Name= 'Conqueror'
[22:54:46] EXEC IGC_GensAbuseLoad 'Conqueror'
[22:54:46] EXEC IGC_PeriodItemExpiredItemSelectEx 4, 'Conqueror'
[22:54:46] EXEC IGC_PeriodItemSelectEx 4, 'Conqueror'
[22:54:46] EXEC IGC_LuckyItemSelect 'Conqueror'
[22:54:46] EXEC IGC_PeriodBuffSelect 'Conqueror'
[22:54:46] SELECT G_Name, G_Level, G_Status FROM GuildMember where Name='Conqueror'
[22:54:46] EXEC IGC_PentagramInfoSelect 4, 'Idk288', 'Conqueror', 0
[22:54:46] EXEC IGC_PentagramInfoSelect 4, 'Idk288', 'Conqueror', 1
[22:54:46] EXEC IGC_MineSystem_Select_UPTUserInfo 'Conqueror'
[22:55:20] SELECT WCoinP, WCoinC, GoblinPoint FROM T_InGameShop_Point WHERE AccountID = 'Idk288'
[22:55:21] EXEC WZ_IBS_GetItemsList 'Idk288', 1
[22:55:24] SELECT WCoinP, WCoinC, GoblinPoint FROM T_InGameShop_Point WHERE AccountID = 'Idk288'
[22:55:24] EXEC WZ_IBS_GetItemsList 'Idk288', 1
[22:55:25] SELECT WCoinP, WCoinC, GoblinPoint FROM T_InGameShop_Point WHERE AccountID = 'Idk288'
[22:55:25] EXEC WZ_IBS_GetItemsList 'Idk288', 1
[22:55:40] WZ_GetItemSerial2 '3000'
[22:59:54] SELECT WCoinP, WCoinC, GoblinPoint FROM T_InGameShop_Point WHERE AccountID = 'XCZBO'
[22:59:54] EXEC WZ_IBS_GetItemsList 'XCZBO', 1
[23:02:00] SELECT AccountID FROM warehouse WHERE AccountID='XCZBO'
[23:02:00] UPDATE warehouse set WHOpen = 1 WHERE AccountID='XCZBO'
[23:02:00] SELECT Money, pw FROM warehouse WHERE AccountID='XCZBO'
[23:02:00] SELECT Items FROM warehouse WHERE AccountID='XCZBO'
[23:02:09] UPDATE Character SET Inventory=? WHERE Name='XCZBO'
[23:02:09] UPDATE warehouse SET Money=0, pw=0 WHERE AccountID='XCZBO'
[23:02:09] UPDATE warehouse SET Items=? WHERE AccountID='XCZBO'
[23:02:09] UPDATE warehouse set WHOpen = 0 WHERE AccountID='XCZBO'
[23:04:36] UPDATE Character SET cLevel=221, mLevel=0, Class=17,LevelUpPoint=0, mlPoint=0, Experience=112009000, mlExperience=0, mlNextExp=35507050, Strength=386, Dexterity=43, Vitality=25, Energy=10, Money=1991835793, Life=550.000000, MaxLife=550.000000, Mana=130.000000, MaxMana=130.000000, MapNumber=0, MapPosX=136, MapPosY=126, MapDir=5, PkCount=1, PkLevel=3, PkTime=0, Leadership=0, ChatLimitTime=0, FruitPoint=0, RESETS = 0, Married = 0, MarryName = '', WinDuels=0, LoseDuels=0, BlockChatTime=0, PenaltyMask=0, ExGameServerCode=65535 WHERE Name = 'Tomi'
[23:04:36] UPDATE Character SET Inventory=? WHERE Name='Tomi'
[23:04:36] UPDATE Character SET MagicList=? WHERE Name='Tomi'
[23:04:36] UPDATE Character SET Quest=? WHERE Name='Tomi'
[23:04:36] UPDATE PetWarehouse SET Items=? WHERE Name='Tomi'
[23:04:38] UPDATE Character SET cLevel=89, mLevel=0, Class=96,LevelUpPoint=14, mlPoint=0, Experience=7563680, mlExperience=0, mlNextExp=35507050, Strength=200, Dexterity=200, Vitality=156, Energy=150, Money=1140727, Life=476.000000, MaxLife=476.000000, Mana=297.000000, MaxMana=296.000000, MapNumber=0, MapPosX=110, MapPosY=62, MapDir=5, PkCount=1, PkLevel=2, PkTime=1011, Leadership=0, ChatLimitTime=0, FruitPoint=0, RESETS = 0, Married = 0, MarryName = '', WinDuels=0, LoseDuels=0, BlockChatTime=0, PenaltyMask=0, ExGameServerCode=65535 WHERE Name = 'XCZBO'
[23:04:38] UPDATE Character SET Inventory=? WHERE Name='XCZBO'
[23:04:38] UPDATE Character SET MagicList=? WHERE Name='XCZBO'
[23:04:38] UPDATE Character SET Quest=? WHERE Name='XCZBO'
[23:04:38] UPDATE PetWarehouse SET Items=? WHERE Name='XCZBO'
[23:04:42] UPDATE Character SET cLevel=1, mLevel=0, Class=16,LevelUpPoint=0, mlPoint=0, Experience=0, mlExperience=0, mlNextExp=35507050, Strength=28, Dexterity=20, Vitality=25, Energy=10, Money=0, Life=110.000000, MaxLife=110.000000, Mana=20.000000, MaxMana=20.000000, MapNumber=0, MapPosX=136, MapPosY=127, MapDir=1, PkCount=1, PkLevel=3, PkTime=0, Leadership=0, ChatLimitTime=0, FruitPoint=0, RESETS = 0, Married = 0, MarryName = '', WinDuels=0, LoseDuels=0, BlockChatTime=0, PenaltyMask=0, ExGameServerCode=65535 WHERE Name = 'Conqueror'
[23:04:42] UPDATE Character SET Inventory=? WHERE Name='Conqueror'
[23:04:42] UPDATE Character SET MagicList=? WHERE Name='Conqueror'
[23:04:42] UPDATE Character SET Quest=? WHERE Name='Conqueror'
[23:04:42] UPDATE PetWarehouse SET Items=? WHERE Name='Conqueror'
[23:05:52] SELECT AccountID FROM warehouse WHERE AccountID='XCZBO'
[23:05:52] UPDATE warehouse set WHOpen = 1 WHERE AccountID='XCZBO'
[23:05:52] SELECT Money, pw FROM warehouse WHERE AccountID='XCZBO'
[23:05:52] SELECT Items FROM warehouse WHERE AccountID='XCZBO'
[23:06:00] UPDATE warehouse SET Money=0, pw=0 WHERE AccountID='XCZBO'
[23:06:00] UPDATE warehouse SET Items=? WHERE AccountID='XCZBO'
[23:06:00] UPDATE warehouse set WHOpen = 0 WHERE AccountID='XCZBO'
[23:06:00] UPDATE Character SET Inventory=? WHERE Name='XCZBO'
[23:06:51] SELECT AccountID FROM warehouse WHERE AccountID='XCZBO'
[23:06:51] UPDATE warehouse set WHOpen = 1 WHERE AccountID='XCZBO'
[23:06:51] SELECT Money, pw FROM warehouse WHERE AccountID='XCZBO'
[23:06:51] SELECT Items FROM warehouse WHERE AccountID='XCZBO'
[23:07:30] SELECT * FROM MEMB_INFO WHERE memb___id='XCZBO'
[23:07:30] SELECT * FROM IGC_MachineID_Banned WHERE HWID = '5C58-F257-9696-1845-0130'
[23:07:36] INSERT INTO ConnectionHistory (AccountID, ServerName, IP, Date, State, HWID) Values('XCZBO','RegularSrv','', GETDATE(), 'Disconnect', 'N/A')
[23:07:36] UPDATE Character SET cLevel=89, mLevel=0, Class=96,LevelUpPoint=0, mlPoint=0, Experience=7558662, mlExperience=0, mlNextExp=35507050, Strength=200, Dexterity=200, Vitality=170, Energy=150, Money=1129320, Life=504.000000, MaxLife=504.000000, Mana=296.000000, MaxMana=296.000000, MapNumber=0, MapPosX=146, MapPosY=144, MapDir=3, PkCount=1, PkLevel=2, PkTime=1280, Leadership=0, ChatLimitTime=0, FruitPoint=0, RESETS = 0, Married = 0, MarryName = '', WinDuels=0, LoseDuels=0, BlockChatTime=0, PenaltyMask=0, ExGameServerCode=65535 WHERE Name = 'XCZBO'
[23:07:36] UPDATE warehouse SET Money=0, pw=0 WHERE AccountID='XCZBO'
[23:07:36] EXEC IGC_DeleteWaitPartyMatchingList 'XCZBO'
[23:07:36] UPDATE warehouse SET Items=? WHERE AccountID='XCZBO'
[23:07:36] EXEC WZ_DISCONNECT_MEMB 'XCZBO'
[23:07:36] UPDATE Character SET Inventory=? WHERE Name='XCZBO'
[23:07:36] UPDATE Character SET MagicList=? WHERE Name='XCZBO'
[23:07:36] UPDATE Character SET Quest=? WHERE Name='XCZBO'
[23:07:36] UPDATE PetWarehouse SET Items=? WHERE Name='XCZBO'
[23:07:38] SELECT * FROM MEMB_INFO WHERE memb___id='XCZBO'
[23:07:38] SELECT * FROM IGC_MachineID_Banned WHERE HWID = '5C58-F257-9696-1845-0130'
[23:07:38] INSERT INTO ConnectionHistory (AccountID, ServerName, IP, Date, State, HWID) Values('XCZBO','RegularSrv','186.19.118.155', GETDATE(), 'Connect', '5C58-F257-9696-1845-0130')
[23:07:38] EXEC WZ_CONNECT_MEMB 'XCZBO','RegularSrv','186.19.118.155'
[23:07:38] EXEC VIPSystem_CheckAccount 'XCZBO'
[23:07:40] SELECT Id FROM AccountCharacter WHERE Id='XCZBO'
[23:07:40] SELECT * FROM AccountCharacter WHERE Id='XCZBO'
[23:07:40] SELECT WarehouseExpansion, Summoner, RageFighter, SecCode FROM AccountCharacter WHERE Id='XCZBO'
[23:07:40] SELECT cLevel, Class, CtlCode FROM vCharacterPreview WHERE Name='XCZBO'
[23:07:40] SELECT Inventory FROM Character WHERE Name='XCZBO'
[23:07:40] SELECT RESETS FROM Character WHERE Name='XCZBO'
[23:07:40] SELECT G_Status FROM GuildMember WHERE Name='XCZBO'
[23:07:42] SELECT * FROM AccountCharacter WHERE Id = 'XCZBO'
[23:07:42] SELECT WarehouseExpansion FROM AccountCharacter WHERE Id = 'XCZBO'
[23:07:42] SELECT cLevel, mLevel, Class, LevelUpPoint, mlPoint, Experience, mlExperience, mlNextExp, Strength, Dexterity, Vitality, Energy, Money, Life, MaxLife, Mana, MaxMana, MapNumber, MapPosX, MapPosY, MapDir, PkCount, PkLevel, PkTime, CtlCode, Leadership, ChatLimitTime, FruitPoint, RESETS, Married, MarryName, InventoryExpansion, WinDuels, LoseDuels, BlockChatTime, PenaltyMask FROM Character WHERE Name='XCZBO' AND AccountID='XCZBO'
[23:07:42] SELECT Inventory from Character where Name='XCZBO'
[23:07:42] SELECT MagicList from Character where Name='XCZBO'
[23:07:42] SELECT Quest from Character where Name='XCZBO'
[23:07:42] SELECT AuthorityMask, DATEDIFF(DAY, GETDATE(), Expiry) AS ExpirationTime FROM T_GMSystem WHERE Name='XCZBO'
[23:07:42] UPDATE AccountCharacter SET GameIDC='XCZBO' WHERE Id='XCZBO'
[23:07:42] SELECT * FROM OptionData WHERE Name='XCZBO'
[23:07:42] SELECT MuBotData FROM Character WHERE Name = 'XCZBO'
[23:07:42] SELECT WCoinP, WCoinC, GoblinPoint FROM T_InGameShop_Point WHERE AccountID = 'XCZBO'
[23:07:42] EXEC IGC_QuestExpUserInfoLoad_Fir 'XCZBO'
[23:07:42] SELECT GUID, MemoTotal FROM T_FriendMain where Name = 'XCZBO'
[23:07:42] EXEC IGC_QuestExpUserInfoLoad_Sec 'XCZBO', 2, ?, ?, ?
[23:07:42] SELECT FriendGuid, FriendName, Del FROM T_FriendList where GUID = 5
[23:07:42] EXEC IGC_QuestExpUserInfoLoad_Sec 'XCZBO', 4, ?, ?, ?
[23:07:42] SELECT FriendName FROM T_WaitFriend where GUID=5
[23:07:42] EXEC IGC_QuestExpUserInfoLoad_Sec 'XCZBO', 18, ?, ?, ?
[23:07:42] EXEC IGC_QuestExpUserInfoLoad_Sec 'XCZBO', 3, ?, ?, ?
[23:07:42] SELECT MemoIndex, FriendName, wDate, Subject, bRead FROM T_FriendMail where GUID=5
[23:07:42] EXEC IGC_GetGuildMatchingAcceptNRejectInfo 'XCZBO'
[23:07:42] EXEC IGC_GensLoad 'XCZBO'
[23:07:42] SELECT * FROM PetWarehouse WHERE Name= 'XCZBO'
[23:07:42] SELECT Items from PetWarehouse WHERE Name= 'XCZBO'
[23:07:42] EXEC IGC_PeriodItemExpiredItemSelectEx 6, 'XCZBO'
[23:07:42] EXEC IGC_GensAbuseLoad 'XCZBO'
[23:07:42] EXEC IGC_PeriodItemSelectEx 6, 'XCZBO'
[23:07:42] EXEC IGC_LuckyItemSelect 'XCZBO'
[23:07:42] EXEC IGC_PeriodBuffSelect 'XCZBO'
[23:07:42] SELECT G_Name, G_Level, G_Status FROM GuildMember where Name='XCZBO'
[23:07:42] EXEC IGC_PentagramInfoSelect 6, 'XCZBO', 'XCZBO', 0
[23:07:42] EXEC IGC_PentagramInfoSelect 6, 'XCZBO', 'XCZBO', 1
[23:07:42] EXEC IGC_MineSystem_Select_UPTUserInfo 'XCZBO'
[23:07:44] SELECT AccountID FROM warehouse WHERE AccountID='XCZBO'
[23:07:44] UPDATE warehouse set WHOpen = 1 WHERE AccountID='XCZBO'
[23:07:44] SELECT Money, pw FROM warehouse WHERE AccountID='XCZBO'
[23:07:44] SELECT Items FROM warehouse WHERE AccountID='XCZBO'
[23:08:30] EXEC IGC_DeleteWaitPartyMatchingList 'XCZBO'
[23:08:30] UPDATE warehouse SET Money=0, pw=0 WHERE AccountID='XCZBO'
[23:08:30] UPDATE warehouse SET Items=? WHERE AccountID='XCZBO'
[23:08:30] INSERT INTO ConnectionHistory (AccountID, ServerName, IP, Date, State, HWID) Values('XCZBO','RegularSrv','', GETDATE(), 'Disconnect', 'N/A')
[23:08:30] UPDATE Character SET cLevel=89, mLevel=0, Class=96,LevelUpPoint=0, mlPoint=0, Experience=7558662, mlExperience=0, mlNextExp=35507050, Strength=200, Dexterity=200, Vitality=170, Energy=150, Money=1129320, Life=504.000000, MaxLife=504.000000, Mana=297.000000, MaxMana=297.000000, MapNumber=0, MapPosX=146, MapPosY=144, MapDir=4, PkCount=1, PkLevel=2, PkTime=1351, Leadership=0, ChatLimitTime=0, FruitPoint=0, RESETS = 0, Married = 0, MarryName = '', WinDuels=0, LoseDuels=0, BlockChatTime=0, PenaltyMask=0, ExGameServerCode=65535 WHERE Name = 'XCZBO'
[23:08:30] EXEC WZ_DISCONNECT_MEMB 'XCZBO'
[23:08:30] UPDATE Character SET Inventory=? WHERE Name='XCZBO'
[23:08:30] UPDATE Character SET MagicList=? WHERE Name='XCZBO'
[23:08:30] UPDATE Character SET Quest=? WHERE Name='XCZBO'
[23:08:30] UPDATE PetWarehouse SET Items=? WHERE Name='XCZBO'
[23:14:37] UPDATE Character SET cLevel=221, mLevel=0, Class=17,LevelUpPoint=0, mlPoint=0, Experience=112009000, mlExperience=0, mlNextExp=35507050, Strength=386, Dexterity=43, Vitality=25, Energy=10, Money=1991835793, Life=550.000000, MaxLife=550.000000, Mana=130.000000, MaxMana=130.000000, MapNumber=0, MapPosX=136, MapPosY=126, MapDir=5, PkCount=1, PkLevel=3, PkTime=0, Leadership=0, ChatLimitTime=0, FruitPoint=0, RESETS = 0, Married = 0, MarryName = '', WinDuels=0, LoseDuels=0, BlockChatTime=0, PenaltyMask=0, ExGameServerCode=65535 WHERE Name = 'Tomi'
[23:14:37] UPDATE Character SET Inventory=? WHERE Name='Tomi'
[23:14:37] UPDATE Character SET MagicList=? WHERE Name='Tomi'
[23:14:37] UPDATE Character SET Quest=? WHERE Name='Tomi'
[23:14:37] UPDATE PetWarehouse SET Items=? WHERE Name='Tomi'
[23:14:43] UPDATE Character SET cLevel=1, mLevel=0, Class=16,LevelUpPoint=0, mlPoint=0, Experience=0, mlExperience=0, mlNextExp=35507050, Strength=28, Dexterity=20, Vitality=25, Energy=10, Money=0, Life=110.000000, MaxLife=110.000000, Mana=20.000000, MaxMana=20.000000, MapNumber=0, MapPosX=136, MapPosY=127, MapDir=1, PkCount=1, PkLevel=3, PkTime=0, Leadership=0, ChatLimitTime=0, FruitPoint=0, RESETS = 0, Married = 0, MarryName = '', WinDuels=0, LoseDuels=0, BlockChatTime=0, PenaltyMask=0, ExGameServerCode=65535 WHERE Name = 'Conqueror'
[23:14:43] UPDATE Character SET Inventory=? WHERE Name='Conqueror'
[23:14:43] UPDATE Character SET MagicList=? WHERE Name='Conqueror'
[23:14:43] UPDATE Character SET Quest=? WHERE Name='Conqueror'
[23:14:43] UPDATE PetWarehouse SET Items=? WHERE Name='Conqueror'
[23:17:24] SELECT Name FROM OptionData WHERE Name='Tomi'
[23:17:24] UPDATE OptionData SET GameOption=9, Qkey=0, Wkey=0, Ekey=0, ChatWindow=38, Rkey=0, QWERLevel=17819, EnableChangeMode=0 WHERE Name='Tomi'
[23:17:24] UPDATE OptionData SET SkillKey=? where Name='Tomi'
[23:17:30] EXEC IGC_DeleteWaitPartyMatchingList 'Tomi'
[23:17:30] UPDATE Character SET cLevel=221, mLevel=0, Class=17,LevelUpPoint=0, mlPoint=0, Experience=112009000, mlExperience=0, mlNextExp=35507050, Strength=386, Dexterity=43, Vitality=25, Energy=10, Money=1989433793, Life=550.000000, MaxLife=550.000000, Mana=130.000000, MaxMana=130.000000, MapNumber=3, MapPosX=171, MapPosY=101, MapDir=4, PkCount=1, PkLevel=3, PkTime=0, Leadership=0, ChatLimitTime=0, FruitPoint=0, RESETS = 0, Married = 0, MarryName = '', WinDuels=0, LoseDuels=0, BlockChatTime=0, PenaltyMask=0, ExGameServerCode=65535 WHERE Name = 'Tomi'
[23:17:30] UPDATE Character SET Inventory=? WHERE Name='Tomi'
[23:17:30] UPDATE Character SET MagicList=? WHERE Name='Tomi'
[23:17:30] UPDATE PetWarehouse SET Items=? WHERE Name='Tomi'
[23:17:30] UPDATE Character SET Quest=? WHERE Name='Tomi'
[23:17:30] SELECT Id FROM AccountCharacter WHERE Id='fast'
[23:17:30] SELECT * FROM AccountCharacter WHERE Id='fast'
[23:17:30] SELECT WarehouseExpansion, Summoner, RageFighter, SecCode FROM AccountCharacter WHERE Id='fast'
[23:17:30] SELECT cLevel, Class, CtlCode FROM vCharacterPreview WHERE Name='Tomi'
[23:17:30] SELECT Inventory FROM Character WHERE Name='Tomi'
[23:17:30] SELECT RESETS FROM Character WHERE Name='Tomi'
[23:17:30] SELECT G_Status FROM GuildMember WHERE Name='Tomi'
[23:17:30] SELECT cLevel, Class, CtlCode FROM vCharacterPreview WHERE Name='test'
[23:17:30] SELECT Inventory FROM Character WHERE Name='test'
[23:17:30] SELECT RESETS FROM Character WHERE Name='test'
[23:17:30] SELECT G_Status FROM GuildMember WHERE Name='test'
[23:17:47] SELECT * FROM AccountCharacter WHERE Id = 'fast'
[23:17:47] SELECT WarehouseExpansion FROM AccountCharacter WHERE Id = 'fast'
[23:17:47] SELECT cLevel, mLevel, Class, LevelUpPoint, mlPoint, Experience, mlExperience, mlNextExp, Strength, Dexterity, Vitality, Energy, Money, Life, MaxLife, Mana, MaxMana, MapNumber, MapPosX, MapPosY, MapDir, PkCount, PkLevel, PkTime, CtlCode, Leadership, ChatLimitTime, FruitPoint, RESETS, Married, MarryName, InventoryExpansion, WinDuels, LoseDuels, BlockChatTime, PenaltyMask FROM Character WHERE Name='Tomi' AND AccountID='fast'
[23:17:47] SELECT Inventory from Character where Name='Tomi'
[23:17:47] SELECT MagicList from Character where Name='Tomi'
[23:17:47] SELECT Quest from Character where Name='Tomi'
[23:17:47] SELECT AuthorityMask, DATEDIFF(DAY, GETDATE(), Expiry) AS ExpirationTime FROM T_GMSystem WHERE Name='Tomi'
[23:17:47] UPDATE AccountCharacter SET GameIDC='Tomi' WHERE Id='fast'
[23:17:47] SELECT * FROM OptionData WHERE Name='Tomi'
[23:17:47] SELECT SkillKey from OptionData where Name='Tomi'
[23:17:47] SELECT MuBotData FROM Character WHERE Name = 'Tomi'
[23:17:47] EXEC IGC_QuestExpUserInfoLoad_Fir 'Tomi'
[23:17:47] SELECT GUID, MemoTotal FROM T_FriendMain where Name = 'Tomi'
[23:17:47] SELECT WCoinP, WCoinC, GoblinPoint FROM T_InGameShop_Point WHERE AccountID = 'fast'
[23:17:47] EXEC IGC_QuestExpUserInfoLoad_Sec 'Tomi', 1, ?, ?, ?
[23:17:47] SELECT FriendGuid, FriendName, Del FROM T_FriendList where GUID = 3
[23:17:47] EXEC IGC_QuestExpUserInfoLoad_Sec 'Tomi', 18, ?, ?, ?
[23:17:47] SELECT FriendName FROM T_WaitFriend where GUID=3
[23:17:47] SELECT MemoIndex, FriendName, wDate, Subject, bRead FROM T_FriendMail where GUID=3
[23:17:47] EXEC IGC_GetGuildMatchingAcceptNRejectInfo 'Tomi'
[23:17:47] EXEC IGC_GensLoad 'Tomi'
[23:17:47] SELECT * FROM PetWarehouse WHERE Name= 'Tomi'
[23:17:47] SELECT Items from PetWarehouse WHERE Name= 'Tomi'
[23:17:47] EXEC IGC_PeriodItemExpiredItemSelectEx 1, 'Tomi'
[23:17:47] EXEC IGC_GensAbuseLoad 'Tomi'
[23:17:47] EXEC IGC_PeriodItemSelectEx 1, 'Tomi'
[23:17:47] EXEC IGC_LuckyItemSelect 'Tomi'
[23:17:47] EXEC IGC_PeriodBuffSelect 'Tomi'
[23:17:47] SELECT G_Name, G_Level, G_Status FROM GuildMember where Name='Tomi'
[23:17:47] EXEC IGC_PentagramInfoSelect 1, 'fast', 'Tomi', 0
[23:17:47] EXEC IGC_PentagramInfoSelect 1, 'fast', 'Tomi', 1
[23:17:47] EXEC IGC_MineSystem_Select_UPTUserInfo 'Tomi'
[23:17:58] UPDATE Character SET cLevel=221, mLevel=0, Class=17,LevelUpPoint=0, mlPoint=0, Experience=112009000, mlExperience=0, mlNextExp=35507050, Strength=386, Dexterity=43, Vitality=25, Energy=10, Money=1988433793, Life=550.000000, MaxLife=550.000000, Mana=130.000000, MaxMana=130.000000, MapNumber=3, MapPosX=179, MapPosY=102, MapDir=3, PkCount=1, PkLevel=2, PkTime=15, Leadership=0, ChatLimitTime=0, FruitPoint=0, RESETS = 0, Married = 0, MarryName = '', WinDuels=0, LoseDuels=0, BlockChatTime=0, PenaltyMask=0, ExGameServerCode=65535 WHERE Name = 'Tomi'
[23:17:58] UPDATE Character SET Inventory=? WHERE Name='Tomi'
[23:17:58] UPDATE Character SET MagicList=? WHERE Name='Tomi'
[23:17:58] UPDATE Character SET Quest=? WHERE Name='Tomi'
[23:17:58] UPDATE Character SET cLevel=221, mLevel=0, Class=17,LevelUpPoint=0, mlPoint=0, Experience=112009000, mlExperience=0, mlNextExp=35507050, Strength=386, Dexterity=43, Vitality=25, Energy=10, Money=1988433793, Life=550.000000, MaxLife=550.000000, Mana=130.000000, MaxMana=130.000000, MapNumber=3, MapPosX=179, MapPosY=102, MapDir=3, PkCount=1, PkLevel=2, PkTime=15, Leadership=0, ChatLimitTime=0, FruitPoint=0, RESETS = 0, Married = 0, MarryName = '', WinDuels=0, LoseDuels=0, BlockChatTime=0, PenaltyMask=0, ExGameServerCode=65535 WHERE Name = 'Tomi'
[23:17:58] UPDATE PetWarehouse SET Items=? WHERE Name='Tomi'
[23:17:58] UPDATE Character SET Inventory=? WHERE Name='Tomi'
[23:17:58] UPDATE Character SET MagicList=? WHERE Name='Tomi'
[23:17:58] UPDATE Character SET Quest=? WHERE Name='Tomi'
[23:17:58] UPDATE PetWarehouse SET Items=? WHERE Name='Tomi'
[23:22:41] SELECT Name FROM OptionData WHERE Name='Conqueror'
[23:22:41] INSERT INTO OptionData (Name, GameOption, Qkey, Wkey, Ekey, ChatWindow, Rkey, QWERLevel, EnableChangeMode) VALUES ('Conqueror', 9, 0, 0, 0, 38, 0, 20317, 0)
[23:22:41] UPDATE OptionData SET SkillKey=? where Name='Conqueror'
[23:22:47] EXEC IGC_DeleteWaitPartyMatchingList 'Conqueror'
[23:22:47] INSERT INTO ConnectionHistory (AccountID, ServerName, IP, Date, State, HWID) Values('Idk288','RegularSrv','', GETDATE(), 'Disconnect', 'N/A')
[23:22:47] UPDATE Character SET cLevel=1, mLevel=0, Class=16,LevelUpPoint=0, mlPoint=0, Experience=0, mlExperience=0, mlNextExp=35507050, Strength=28, Dexterity=20, Vitality=25, Energy=10, Money=0, Life=110.000000, MaxLife=110.000000, Mana=20.000000, MaxMana=20.000000, MapNumber=0, MapPosX=135, MapPosY=126, MapDir=7, PkCount=1, PkLevel=3, PkTime=0, Leadership=0, ChatLimitTime=0, FruitPoint=0, RESETS = 0, Married = 0, MarryName = '', WinDuels=0, LoseDuels=0, BlockChatTime=0, PenaltyMask=0, ExGameServerCode=65535 WHERE Name = 'Conqueror'
[23:22:47] UPDATE Character SET Inventory=? WHERE Name='Conqueror'
[23:22:47] EXEC WZ_DISCONNECT_MEMB 'Idk288'
[23:22:47] UPDATE Character SET MagicList=? WHERE Name='Conqueror'
[23:22:47] UPDATE Character SET Quest=? WHERE Name='Conqueror'
[23:22:47] UPDATE PetWarehouse SET Items=? WHERE Name='Conqueror'
[23:23:28] EXEC IGC_DeleteWaitPartyMatchingList 'Tomi'
[23:23:28] UPDATE Character SET cLevel=221, mLevel=0, Class=17,LevelUpPoint=0, mlPoint=0, Experience=112009000, mlExperience=0, mlNextExp=35507050, Strength=386, Dexterity=43, Vitality=25, Energy=10, Money=1988431793, Life=550.000000, MaxLife=550.000000, Mana=130.000000, MaxMana=130.000000, MapNumber=0, MapPosX=141, MapPosY=123, MapDir=1, PkCount=1, PkLevel=2, PkTime=510, Leadership=0, ChatLimitTime=0, FruitPoint=0, RESETS = 0, Married = 0, MarryName = '', WinDuels=0, LoseDuels=0, BlockChatTime=0, PenaltyMask=0, ExGameServerCode=65535 WHERE Name = 'Tomi'
[23:23:28] INSERT INTO ConnectionHistory (AccountID, ServerName, IP, Date, State, HWID) Values('fast','RegularSrv','', GETDATE(), 'Disconnect', 'N/A')
[23:23:29] EXEC WZ_DISCONNECT_MEMB 'fast'
[23:23:29] UPDATE Character SET Inventory=? WHERE Name='Tomi'
[23:23:29] UPDATE Character SET MagicList=? WHERE Name='Tomi'
[23:23:29] UPDATE Character SET Quest=? WHERE Name='Tomi'
[23:23:29] UPDATE PetWarehouse SET Items=? WHERE Name='Tomi'
[23:26:42] SELECT * FROM MEMB_INFO WHERE memb___id='fast'
[23:26:42] SELECT * FROM IGC_MachineID_Banned WHERE HWID = '1051-4E4B-5E3C-9DA0-9357'
[23:26:42] INSERT INTO ConnectionHistory (AccountID, ServerName, IP, Date, State, HWID) Values('fast','RegularSrv','186.182.173.58', GETDATE(), 'Connect', '1051-4E4B-5E3C-9DA0-9357')
[23:26:42] EXEC WZ_CONNECT_MEMB 'fast','RegularSrv','186.182.173.58'
[23:26:42] EXEC VIPSystem_CheckAccount 'fast'
[23:26:42] SELECT Id FROM AccountCharacter WHERE Id='fast'
[23:26:42] SELECT * FROM AccountCharacter WHERE Id='fast'
[23:26:42] SELECT WarehouseExpansion, Summoner, RageFighter, SecCode FROM AccountCharacter WHERE Id='fast'
[23:26:42] SELECT cLevel, Class, CtlCode FROM vCharacterPreview WHERE Name='Tomi'
[23:26:42] SELECT Inventory FROM Character WHERE Name='Tomi'
[23:26:42] SELECT RESETS FROM Character WHERE Name='Tomi'
[23:26:42] SELECT G_Status FROM GuildMember WHERE Name='Tomi'
[23:26:42] SELECT cLevel, Class, CtlCode FROM vCharacterPreview WHERE Name='test'
[23:26:42] SELECT Inventory FROM Character WHERE Name='test'
[23:26:42] SELECT RESETS FROM Character WHERE Name='test'
[23:26:42] SELECT G_Status FROM GuildMember WHERE Name='test'
[23:30:42] INSERT INTO ConnectionHistory (AccountID, ServerName, IP, Date, State, HWID) Values('fast','RegularSrv','', GETDATE(), 'Disconnect', 'N/A')
[23:30:42] EXEC WZ_DISCONNECT_MEMB 'fast'
[23:31:14] SELECT * FROM MEMB_INFO WHERE memb___id='fast'
[23:31:14] SELECT * FROM IGC_MachineID_Banned WHERE HWID = '1051-4E4B-5E3C-9DA0-9357'
[23:31:14] INSERT INTO ConnectionHistory (AccountID, ServerName, IP, Date, State, HWID) Values('fast','RegularSrv','186.182.173.58', GETDATE(), 'Connect', '1051-4E4B-5E3C-9DA0-9357')
[23:31:14] EXEC WZ_CONNECT_MEMB 'fast','RegularSrv','186.182.173.58'
[23:31:14] EXEC VIPSystem_CheckAccount 'fast'
[23:31:14] SELECT Id FROM AccountCharacter WHERE Id='fast'
[23:31:14] SELECT * FROM AccountCharacter WHERE Id='fast'
[23:31:14] SELECT WarehouseExpansion, Summoner, RageFighter, SecCode FROM AccountCharacter WHERE Id='fast'
[23:31:14] SELECT cLevel, Class, CtlCode FROM vCharacterPreview WHERE Name='Tomi'
[23:31:14] SELECT Inventory FROM Character WHERE Name='Tomi'
[23:31:14] SELECT RESETS FROM Character WHERE Name='Tomi'
[23:31:14] SELECT G_Status FROM GuildMember WHERE Name='Tomi'
[23:31:14] SELECT cLevel, Class, CtlCode FROM vCharacterPreview WHERE Name='test'
[23:31:14] SELECT Inventory FROM Character WHERE Name='test'
[23:31:14] SELECT RESETS FROM Character WHERE Name='test'
[23:31:14] SELECT G_Status FROM GuildMember WHERE Name='test'
[23:31:15] SELECT * FROM AccountCharacter WHERE Id = 'fast'
[23:31:15] SELECT WarehouseExpansion FROM AccountCharacter WHERE Id = 'fast'
[23:31:15] SELECT cLevel, mLevel, Class, LevelUpPoint, mlPoint, Experience, mlExperience, mlNextExp, Strength, Dexterity, Vitality, Energy, Money, Life, MaxLife, Mana, MaxMana, MapNumber, MapPosX, MapPosY, MapDir, PkCount, PkLevel, PkTime, CtlCode, Leadership, ChatLimitTime, FruitPoint, RESETS, Married, MarryName, InventoryExpansion, WinDuels, LoseDuels, BlockChatTime, PenaltyMask FROM Character WHERE Name='Tomi' AND AccountID='fast'
[23:31:15] SELECT Inventory from Character where Name='Tomi'
[23:31:15] SELECT MagicList from Character where Name='Tomi'
[23:31:15] SELECT Quest from Character where Name='Tomi'
[23:31:15] SELECT AuthorityMask, DATEDIFF(DAY, GETDATE(), Expiry) AS ExpirationTime FROM T_GMSystem WHERE Name='Tomi'
[23:31:15] UPDATE AccountCharacter SET GameIDC='Tomi' WHERE Id='fast'
[23:31:15] SELECT * FROM OptionData WHERE Name='Tomi'
[23:31:15] SELECT WCoinP, WCoinC, GoblinPoint FROM T_InGameShop_Point WHERE AccountID = 'fast'
[23:31:15] SELECT SkillKey from OptionData where Name='Tomi'
[23:31:15] SELECT MuBotData FROM Character WHERE Name = 'Tomi'
[23:31:15] EXEC IGC_QuestExpUserInfoLoad_Fir 'Tomi'
[23:31:15] SELECT * FROM PetWarehouse WHERE Name= 'Tomi'
[23:31:15] SELECT GUID, MemoTotal FROM T_FriendMain where Name = 'Tomi'
[23:31:15] SELECT Items from PetWarehouse WHERE Name= 'Tomi'
[23:31:15] SELECT FriendGuid, FriendName, Del FROM T_FriendList where GUID = 3
[23:31:15] EXEC IGC_QuestExpUserInfoLoad_Sec 'Tomi', 1, ?, ?, ?
[23:31:15] EXEC IGC_QuestExpUserInfoLoad_Sec 'Tomi', 18, ?, ?, ?
[23:31:15] SELECT FriendName FROM T_WaitFriend where GUID=3
[23:31:15] SELECT MemoIndex, FriendName, wDate, Subject, bRead FROM T_FriendMail where GUID=3
[23:31:15] EXEC IGC_GetGuildMatchingAcceptNRejectInfo 'Tomi'
[23:31:15] EXEC IGC_GensLoad 'Tomi'
[23:31:15] EXEC IGC_PeriodItemExpiredItemSelectEx 1, 'Tomi'
[23:31:15] EXEC IGC_PeriodItemSelectEx 1, 'Tomi'
[23:31:15] EXEC IGC_GensAbuseLoad 'Tomi'
[23:31:15] EXEC IGC_LuckyItemSelect 'Tomi'
[23:31:15] EXEC IGC_PeriodBuffSelect 'Tomi'
[23:31:15] EXEC IGC_PentagramInfoSelect 1, 'fast', 'Tomi', 0
[23:31:15] SELECT G_Name, G_Level, G_Status FROM GuildMember where Name='Tomi'
[23:31:15] EXEC IGC_PentagramInfoSelect 1, 'fast', 'Tomi', 1
[23:31:15] EXEC IGC_MineSystem_Select_UPTUserInfo 'Tomi'
[23:31:25] SELECT AccountID FROM warehouse WHERE AccountID='fast'
[23:31:25] UPDATE warehouse set WHOpen = 1 WHERE AccountID='fast'
[23:31:25] SELECT Money, pw FROM warehouse WHERE AccountID='fast'
[23:31:25] SELECT Items FROM warehouse WHERE AccountID='fast'
[23:31:43] UPDATE warehouse SET Money=0, pw=0 WHERE AccountID='fast'
[23:31:43] UPDATE Character SET Inventory=? WHERE Name='Tomi'
[23:31:43] UPDATE warehouse SET Items=? WHERE AccountID='fast'
[23:31:43] UPDATE warehouse set WHOpen = 0 WHERE AccountID='fast'
[23:31:45] SELECT Name FROM OptionData WHERE Name='Tomi'
[23:31:45] UPDATE OptionData SET GameOption=9, Qkey=0, Wkey=0, Ekey=0, ChatWindow=38, Rkey=0, QWERLevel=60274, EnableChangeMode=0 WHERE Name='Tomi'
[23:31:45] UPDATE OptionData SET SkillKey=? where Name='Tomi'
[23:31:51] INSERT INTO ConnectionHistory (AccountID, ServerName, IP, Date, State, HWID) Values('fast','RegularSrv','', GETDATE(), 'Disconnect', 'N/A')
[23:31:51] UPDATE Character SET cLevel=221, mLevel=0, Class=18,LevelUpPoint=0, mlPoint=0, Experience=112009000, mlExperience=0, mlNextExp=35507050, Strength=65000, Dexterity=65000, Vitality=65000, Energy=65000, Money=1988431793, Life=550.000000, MaxLife=195475.000000, Mana=29043.000000, MaxMana=65120.000000, MapNumber=0, MapPosX=147, MapPosY=112, MapDir=3, PkCount=1, PkLevel=2, PkTime=563, Leadership=0, ChatLimitTime=0, FruitPoint=0, RESETS = 0, Married = 0, MarryName = '', WinDuels=0, LoseDuels=0, BlockChatTime=0, PenaltyMask=0, ExGameServerCode=65535 WHERE Name = 'Tomi'
[23:31:51] EXEC IGC_DeleteWaitPartyMatchingList 'Tomi'
[23:31:51] EXEC WZ_DISCONNECT_MEMB 'fast'
[23:31:51] UPDATE Character SET Inventory=? WHERE Name='Tomi'
[23:31:51] UPDATE Character SET MagicList=? WHERE Name='Tomi'
[23:31:51] UPDATE Character SET Quest=? WHERE Name='Tomi'
[23:31:51] UPDATE PetWarehouse SET Items=? WHERE Name='Tomi'
[23:32:03] SELECT * FROM MEMB_INFO WHERE memb___id='fast'
[23:32:03] SELECT * FROM IGC_MachineID_Banned WHERE HWID = '1051-4E4B-5E3C-9DA0-9357'
[23:32:03] INSERT INTO ConnectionHistory (AccountID, ServerName, IP, Date, State, HWID) Values('fast','RegularSrv','186.182.173.58', GETDATE(), 'Connect', '1051-4E4B-5E3C-9DA0-9357')
[23:32:03] EXEC WZ_CONNECT_MEMB 'fast','RegularSrv','186.182.173.58'
[23:32:03] EXEC VIPSystem_CheckAccount 'fast'
[23:32:03] SELECT Id FROM AccountCharacter WHERE Id='fast'
[23:32:03] SELECT * FROM AccountCharacter WHERE Id='fast'
[23:32:03] SELECT WarehouseExpansion, Summoner, RageFighter, SecCode FROM AccountCharacter WHERE Id='fast'
[23:32:03] SELECT cLevel, Class, CtlCode FROM vCharacterPreview WHERE Name='Tomi'
[23:32:03] SELECT Inventory FROM Character WHERE Name='Tomi'
[23:32:03] SELECT RESETS FROM Character WHERE Name='Tomi'
[23:32:03] SELECT G_Status FROM GuildMember WHERE Name='Tomi'
[23:32:03] SELECT cLevel, Class, CtlCode FROM vCharacterPreview WHERE Name='test'
[23:32:03] SELECT Inventory FROM Character WHERE Name='test'
[23:32:03] SELECT RESETS FROM Character WHERE Name='test'
[23:32:03] SELECT G_Status FROM GuildMember WHERE Name='test'
[23:32:06] SELECT * FROM AccountCharacter WHERE Id = 'fast'
[23:32:06] SELECT WarehouseExpansion FROM AccountCharacter WHERE Id = 'fast'
[23:32:06] SELECT cLevel, mLevel, Class, LevelUpPoint, mlPoint, Experience, mlExperience, mlNextExp, Strength, Dexterity, Vitality, Energy, Money, Life, MaxLife, Mana, MaxMana, MapNumber, MapPosX, MapPosY, MapDir, PkCount, PkLevel, PkTime, CtlCode, Leadership, ChatLimitTime, FruitPoint, RESETS, Married, MarryName, InventoryExpansion, WinDuels, LoseDuels, BlockChatTime, PenaltyMask FROM Character WHERE Name='Tomi' AND AccountID='fast'
[23:32:06] SELECT Inventory from Character where Name='Tomi'
[23:32:06] SELECT MagicList from Character where Name='Tomi'
[23:32:06] SELECT Quest from Character where Name='Tomi'
[23:32:06] SELECT AuthorityMask, DATEDIFF(DAY, GETDATE(), Expiry) AS ExpirationTime FROM T_GMSystem WHERE Name='Tomi'
[23:32:06] UPDATE AccountCharacter SET GameIDC='Tomi' WHERE Id='fast'
[23:32:06] SELECT * FROM OptionData WHERE Name='Tomi'
[23:32:06] SELECT SkillKey from OptionData where Name='Tomi'
[23:32:06] SELECT MuBotData FROM Character WHERE Name = 'Tomi'
[23:32:06] EXEC IGC_QuestExpUserInfoLoad_Fir 'Tomi'
[23:32:06] SELECT WCoinP, WCoinC, GoblinPoint FROM T_InGameShop_Point WHERE AccountID = 'fast'
[23:32:06] SELECT GUID, MemoTotal FROM T_FriendMain where Name = 'Tomi'
[23:32:06] SELECT FriendGuid, FriendName, Del FROM T_FriendList where GUID = 3
[23:32:06] EXEC IGC_QuestExpUserInfoLoad_Sec 'Tomi', 1, ?, ?, ?
[23:32:06] EXEC IGC_QuestExpUserInfoLoad_Sec 'Tomi', 18, ?, ?, ?
[23:32:06] SELECT FriendName FROM T_WaitFriend where GUID=3
[23:32:06] SELECT MemoIndex, FriendName, wDate, Subject, bRead FROM T_FriendMail where GUID=3
[23:32:06] EXEC IGC_GetGuildMatchingAcceptNRejectInfo 'Tomi'
[23:32:06] SELECT * FROM PetWarehouse WHERE Name= 'Tomi'
[23:32:06] EXEC IGC_GensLoad 'Tomi'
[23:32:06] SELECT Items from PetWarehouse WHERE Name= 'Tomi'
[23:32:06] EXEC IGC_GensAbuseLoad 'Tomi'
[23:32:06] EXEC IGC_PeriodItemExpiredItemSelectEx 1, 'Tomi'
[23:32:06] EXEC IGC_PeriodItemSelectEx 1, 'Tomi'
[23:32:06] EXEC IGC_LuckyItemSelect 'Tomi'
[23:32:06] EXEC IGC_PeriodBuffSelect 'Tomi'
[23:32:06] SELECT G_Name, G_Level, G_Status FROM GuildMember where Name='Tomi'
[23:32:06] EXEC IGC_PentagramInfoSelect 1, 'fast', 'Tomi', 0
[23:32:06] EXEC IGC_PentagramInfoSelect 1, 'fast', 'Tomi', 1
[23:32:06] EXEC IGC_MineSystem_Select_UPTUserInfo 'Tomi'
[23:32:10] SELECT AccountID FROM warehouse WHERE AccountID='fast'
[23:32:10] UPDATE warehouse set WHOpen = 1 WHERE AccountID='fast'
[23:32:10] SELECT Money, pw FROM warehouse WHERE AccountID='fast'
[23:32:10] SELECT Items FROM warehouse WHERE AccountID='fast'
[23:32:16] UPDATE warehouse SET Money=0, pw=0 WHERE AccountID='fast'
[23:32:16] UPDATE Character SET Inventory=? WHERE Name='Tomi'
[23:32:16] UPDATE warehouse SET Items=? WHERE AccountID='fast'
[23:32:16] UPDATE warehouse set WHOpen = 0 WHERE AccountID='fast'
[23:33:22] SELECT AccountID FROM warehouse WHERE AccountID='fast'
[23:33:22] UPDATE warehouse set WHOpen = 1 WHERE AccountID='fast'
[23:33:22] SELECT Money, pw FROM warehouse WHERE AccountID='fast'
[23:33:22] SELECT Items FROM warehouse WHERE AccountID='fast'
[23:33:24] UPDATE warehouse SET Money=0, pw=0 WHERE AccountID='fast'
[23:33:24] UPDATE Character SET Inventory=? WHERE Name='Tomi'
[23:33:24] UPDATE warehouse SET Items=? WHERE AccountID='fast'
[23:33:24] UPDATE warehouse set WHOpen = 0 WHERE AccountID='fast'
[23:33:56] UPDATE Character SET cLevel=400, mLevel=0, Class=18,LevelUpPoint=0, mlPoint=0, Experience=3892250000, mlExperience=0, mlNextExp=35507050, Strength=65000, Dexterity=65000, Vitality=65000, Energy=65000, Money=1984923343, Life=195833.000000, MaxLife=195833.000000, Mana=65209.000000, MaxMana=65209.000000, MapNumber=3, MapPosX=179, MapPosY=102, MapDir=3, PkCount=1, PkLevel=2, PkTime=728, Leadership=0, ChatLimitTime=0, FruitPoint=0, RESETS = 0, Married = 0, MarryName = '', WinDuels=0, LoseDuels=0, BlockChatTime=0, PenaltyMask=0, ExGameServerCode=65535 WHERE Name = 'Tomi'
[23:33:56] UPDATE Character SET Inventory=? WHERE Name='Tomi'
[23:33:56] UPDATE Character SET MagicList=? WHERE Name='Tomi'
[23:33:56] UPDATE Character SET Quest=? WHERE Name='Tomi'
[23:33:56] UPDATE PetWarehouse SET Items=? WHERE Name='Tomi'
[23:33:56] UPDATE Character SET cLevel=400, mLevel=0, Class=18,LevelUpPoint=0, mlPoint=0, Experience=3892250000, mlExperience=0, mlNextExp=35507050, Strength=65000, Dexterity=65000, Vitality=65000, Energy=65000, Money=1984923343, Life=195833.000000, MaxLife=195833.000000, Mana=65209.000000, MaxMana=65209.000000, MapNumber=3, MapPosX=179, MapPosY=102, MapDir=3, PkCount=1, PkLevel=2, PkTime=728, Leadership=0, ChatLimitTime=0, FruitPoint=0, RESETS = 0, Married = 0, MarryName = '', WinDuels=0, LoseDuels=0, BlockChatTime=0, PenaltyMask=0, ExGameServerCode=65535 WHERE Name = 'Tomi'
[23:33:56] UPDATE Character SET Inventory=? WHERE Name='Tomi'
[23:33:56] UPDATE Character SET MagicList=? WHERE Name='Tomi'
[23:33:56] UPDATE Character SET Quest=? WHERE Name='Tomi'
[23:33:56] UPDATE PetWarehouse SET Items=? WHERE Name='Tomi'
[23:34:06] SELECT * FROM MEMB_INFO WHERE memb___id='XCZBO'
[23:34:06] SELECT * FROM IGC_MachineID_Banned WHERE HWID = '5C58-F257-9696-1845-0130'
[23:34:06] INSERT INTO ConnectionHistory (AccountID, ServerName, IP, Date, State, HWID) Values('XCZBO','RegularSrv','186.19.118.155', GETDATE(), 'Connect', '5C58-F257-9696-1845-0130')
[23:34:06] EXEC WZ_CONNECT_MEMB 'XCZBO','RegularSrv','186.19.118.155'
[23:34:06] EXEC VIPSystem_CheckAccount 'XCZBO'
[23:34:06] SELECT Id FROM AccountCharacter WHERE Id='XCZBO'
[23:34:06] SELECT * FROM AccountCharacter WHERE Id='XCZBO'
[23:34:06] SELECT WarehouseExpansion, Summoner, RageFighter, SecCode FROM AccountCharacter WHERE Id='XCZBO'
[23:34:06] SELECT cLevel, Class, CtlCode FROM vCharacterPreview WHERE Name='XCZBO'
[23:34:06] SELECT Inventory FROM Character WHERE Name='XCZBO'
[23:34:06] SELECT RESETS FROM Character WHERE Name='XCZBO'
[23:34:06] SELECT G_Status FROM GuildMember WHERE Name='XCZBO'
[23:34:17] SELECT * FROM AccountCharacter WHERE Id = 'XCZBO'
[23:34:17] SELECT WarehouseExpansion FROM AccountCharacter WHERE Id = 'XCZBO'
[23:34:17] SELECT cLevel, mLevel, Class, LevelUpPoint, mlPoint, Experience, mlExperience, mlNextExp, Strength, Dexterity, Vitality, Energy, Money, Life, MaxLife, Mana, MaxMana, MapNumber, MapPosX, MapPosY, MapDir, PkCount, PkLevel, PkTime, CtlCode, Leadership, ChatLimitTime, FruitPoint, RESETS, Married, MarryName, InventoryExpansion, WinDuels, LoseDuels, BlockChatTime, PenaltyMask FROM Character WHERE Name='XCZBO' AND AccountID='XCZBO'
[23:34:17] SELECT Inventory from Character where Name='XCZBO'
[23:34:17] SELECT MagicList from Character where Name='XCZBO'
[23:34:17] SELECT Quest from Character where Name='XCZBO'
[23:34:17] SELECT AuthorityMask, DATEDIFF(DAY, GETDATE(), Expiry) AS ExpirationTime FROM T_GMSystem WHERE Name='XCZBO'
[23:34:17] UPDATE AccountCharacter SET GameIDC='XCZBO' WHERE Id='XCZBO'
[23:34:17] SELECT * FROM OptionData WHERE Name='XCZBO'
[23:34:17] SELECT MuBotData FROM Character WHERE Name = 'XCZBO'
[23:34:17] EXEC IGC_QuestExpUserInfoLoad_Fir 'XCZBO'
[23:34:17] SELECT GUID, MemoTotal FROM T_FriendMain where Name = 'XCZBO'
[23:34:17] SELECT WCoinP, WCoinC, GoblinPoint FROM T_InGameShop_Point WHERE AccountID = 'XCZBO'
[23:34:17] SELECT FriendGuid, FriendName, Del FROM T_FriendList where GUID = 5
[23:34:17] EXEC IGC_QuestExpUserInfoLoad_Sec 'XCZBO', 2, ?, ?, ?
[23:34:17] EXEC IGC_QuestExpUserInfoLoad_Sec 'XCZBO', 4, ?, ?, ?
[23:34:17] SELECT FriendName FROM T_WaitFriend where GUID=5
[23:34:17] EXEC IGC_QuestExpUserInfoLoad_Sec 'XCZBO', 18, ?, ?, ?
[23:34:17] EXEC IGC_QuestExpUserInfoLoad_Sec 'XCZBO', 3, ?, ?, ?
[23:34:17] SELECT MemoIndex, FriendName, wDate, Subject, bRead FROM T_FriendMail where GUID=5
[23:34:17] EXEC IGC_GetGuildMatchingAcceptNRejectInfo 'XCZBO'
[23:34:17] EXEC IGC_GensLoad 'XCZBO'
[23:34:17] SELECT * FROM PetWarehouse WHERE Name= 'XCZBO'
[23:34:17] SELECT Items from PetWarehouse WHERE Name= 'XCZBO'
[23:34:17] EXEC IGC_PeriodItemExpiredItemSelectEx 6, 'XCZBO'
[23:34:17] EXEC IGC_GensAbuseLoad 'XCZBO'
[23:34:17] EXEC IGC_PeriodItemSelectEx 6, 'XCZBO'
[23:34:17] EXEC IGC_LuckyItemSelect 'XCZBO'
[23:34:17] EXEC IGC_PeriodBuffSelect 'XCZBO'
[23:34:17] SELECT G_Name, G_Level, G_Status FROM GuildMember where Name='XCZBO'
[23:34:17] EXEC IGC_PentagramInfoSelect 6, 'XCZBO', 'XCZBO', 0
[23:34:17] EXEC IGC_PentagramInfoSelect 6, 'XCZBO', 'XCZBO', 1
[23:34:17] EXEC IGC_MineSystem_Select_UPTUserInfo 'XCZBO'
[23:34:37] SELECT AccountID FROM warehouse WHERE AccountID='XCZBO'
[23:34:37] UPDATE warehouse set WHOpen = 1 WHERE AccountID='XCZBO'
[23:34:37] SELECT Money, pw FROM warehouse WHERE AccountID='XCZBO'
[23:34:37] SELECT Items FROM warehouse WHERE AccountID='XCZBO'
[23:34:50] UPDATE warehouse SET Money=0, pw=0 WHERE AccountID='XCZBO'
[23:34:50] UPDATE warehouse SET Items=? WHERE AccountID='XCZBO'
[23:34:50] UPDATE warehouse set WHOpen = 0 WHERE AccountID='XCZBO'
[23:34:50] UPDATE Character SET Inventory=? WHERE Name='XCZBO'
[23:41:59] UPDATE Character SET cLevel=400, mLevel=0, Class=18,LevelUpPoint=0, mlPoint=0, Experience=3892250000, mlExperience=0, mlNextExp=35507050, Strength=65000, Dexterity=65000, Vitality=65000, Energy=65000, Money=1984919343, Life=195833.000000, MaxLife=195833.000000, Mana=65209.000000, MaxMana=65209.000000, MapNumber=52, MapPosX=13, MapPosY=13, MapDir=1, PkCount=1, PkLevel=2, PkTime=1451, Leadership=0, ChatLimitTime=0, FruitPoint=0, RESETS = 0, Married = 0, MarryName = '', WinDuels=0, LoseDuels=0, BlockChatTime=0, PenaltyMask=0, ExGameServerCode=65535 WHERE Name = 'Tomi'
[23:41:59] UPDATE Character SET Inventory=? WHERE Name='Tomi'
[23:41:59] UPDATE Character SET MagicList=? WHERE Name='Tomi'
[23:41:59] UPDATE Character SET Quest=? WHERE Name='Tomi'
[23:41:59] UPDATE PetWarehouse SET Items=? WHERE Name='Tomi'
[23:43:55] UPDATE Character SET cLevel=94, mLevel=0, Class=96,LevelUpPoint=7, mlPoint=0, Experience=9098980, mlExperience=0, mlNextExp=35507050, Strength=228, Dexterity=200, Vitality=170, Energy=150, Money=1633483, Life=510.000000, MaxLife=510.000000, Mana=302.000000, MaxMana=302.000000, MapNumber=0, MapPosX=149, MapPosY=219, MapDir=4, PkCount=1, PkLevel=2, PkTime=2394, Leadership=0, ChatLimitTime=0, FruitPoint=0, RESETS = 0, Married = 0, MarryName = '', WinDuels=0, LoseDuels=0, BlockChatTime=0, PenaltyMask=0, ExGameServerCode=65535 WHERE Name = 'XCZBO'
[23:43:55] UPDATE Character SET Inventory=? WHERE Name='XCZBO'
[23:43:55] UPDATE Character SET MagicList=? WHERE Name='XCZBO'
[23:43:55] UPDATE Character SET Quest=? WHERE Name='XCZBO'
[23:43:55] UPDATE PetWarehouse SET Items=? WHERE Name='XCZBO'
[23:44:02] SELECT * FROM MEMB_INFO WHERE memb___id='XCZBO'
[23:44:02] SELECT * FROM IGC_MachineID_Banned WHERE HWID = '5C58-F257-9696-1845-0130'
[23:44:12] SELECT * FROM MEMB_INFO WHERE memb___id='XCZBO'
[23:44:12] SELECT * FROM IGC_MachineID_Banned WHERE HWID = '5C58-F257-9696-1845-0130'
[23:44:13] EXEC IGC_DeleteWaitPartyMatchingList 'XCZBO'
[23:44:13] UPDATE Character SET cLevel=94, mLevel=0, Class=96,LevelUpPoint=7, mlPoint=0, Experience=9098980, mlExperience=0, mlNextExp=35507050, Strength=228, Dexterity=200, Vitality=170, Energy=150, Money=1633483, Life=510.000000, MaxLife=510.000000, Mana=302.000000, MaxMana=302.000000, MapNumber=0, MapPosX=149, MapPosY=219, MapDir=4, PkCount=1, PkLevel=2, PkTime=2422, Leadership=0, ChatLimitTime=0, FruitPoint=0, RESETS = 0, Married = 0, MarryName = '', WinDuels=0, LoseDuels=0, BlockChatTime=0, PenaltyMask=0, ExGameServerCode=65535 WHERE Name = 'XCZBO'
[23:44:13] INSERT INTO ConnectionHistory (AccountID, ServerName, IP, Date, State, HWID) Values('XCZBO','RegularSrv','', GETDATE(), 'Disconnect', 'N/A')
[23:44:13] EXEC WZ_DISCONNECT_MEMB 'XCZBO'
[23:44:13] UPDATE Character SET Inventory=? WHERE Name='XCZBO'
[23:44:13] UPDATE Character SET MagicList=? WHERE Name='XCZBO'
[23:44:13] UPDATE Character SET Quest=? WHERE Name='XCZBO'
[23:44:13] UPDATE PetWarehouse SET Items=? WHERE Name='XCZBO'
[23:45:11] SELECT * FROM MEMB_INFO WHERE memb___id='XCZBO'
[23:45:11] SELECT * FROM IGC_MachineID_Banned WHERE HWID = '5C58-F257-9696-1845-0130'
[23:45:11] INSERT INTO ConnectionHistory (AccountID, ServerName, IP, Date, State, HWID) Values('XCZBO','RegularSrv','186.19.118.155', GETDATE(), 'Connect', '5C58-F257-9696-1845-0130')
[23:45:11] EXEC WZ_CONNECT_MEMB 'XCZBO','RegularSrv','186.19.118.155'
[23:45:11] EXEC VIPSystem_CheckAccount 'XCZBO'
[23:45:11] SELECT Id FROM AccountCharacter WHERE Id='XCZBO'
[23:45:11] SELECT * FROM AccountCharacter WHERE Id='XCZBO'
[23:45:11] SELECT WarehouseExpansion, Summoner, RageFighter, SecCode FROM AccountCharacter WHERE Id='XCZBO'
[23:45:11] SELECT cLevel, Class, CtlCode FROM vCharacterPreview WHERE Name='XCZBO'
[23:45:11] SELECT Inventory FROM Character WHERE Name='XCZBO'
[23:45:11] SELECT RESETS FROM Character WHERE Name='XCZBO'
[23:45:11] SELECT G_Status FROM GuildMember WHERE Name='XCZBO'
[23:45:21] SELECT * FROM AccountCharacter WHERE Id = 'XCZBO'
[23:45:21] SELECT WarehouseExpansion FROM AccountCharacter WHERE Id = 'XCZBO'
[23:45:21] SELECT cLevel, mLevel, Class, LevelUpPoint, mlPoint, Experience, mlExperience, mlNextExp, Strength, Dexterity, Vitality, Energy, Money, Life, MaxLife, Mana, MaxMana, MapNumber, MapPosX, MapPosY, MapDir, PkCount, PkLevel, PkTime, CtlCode, Leadership, ChatLimitTime, FruitPoint, RESETS, Married, MarryName, InventoryExpansion, WinDuels, LoseDuels, BlockChatTime, PenaltyMask FROM Character WHERE Name='XCZBO' AND AccountID='XCZBO'
[23:45:21] SELECT Inventory from Character where Name='XCZBO'
[23:45:21] SELECT MagicList from Character where Name='XCZBO'
[23:45:21] SELECT Quest from Character where Name='XCZBO'
[23:45:21] SELECT AuthorityMask, DATEDIFF(DAY, GETDATE(), Expiry) AS ExpirationTime FROM T_GMSystem WHERE Name='XCZBO'
[23:45:21] UPDATE AccountCharacter SET GameIDC='XCZBO' WHERE Id='XCZBO'
[23:45:21] SELECT * FROM OptionData WHERE Name='XCZBO'
[23:45:21] SELECT MuBotData FROM Character WHERE Name = 'XCZBO'
[23:45:21] EXEC IGC_QuestExpUserInfoLoad_Fir 'XCZBO'
[23:45:21] SELECT WCoinP, WCoinC, GoblinPoint FROM T_InGameShop_Point WHERE AccountID = 'XCZBO'
[23:45:21] SELECT GUID, MemoTotal FROM T_FriendMain where Name = 'XCZBO'
[23:45:21] SELECT FriendGuid, FriendName, Del FROM T_FriendList where GUID = 5
[23:45:21] EXEC IGC_QuestExpUserInfoLoad_Sec 'XCZBO', 2, ?, ?, ?
[23:45:21] EXEC IGC_QuestExpUserInfoLoad_Sec 'XCZBO', 4, ?, ?, ?
[23:45:21] SELECT FriendName FROM T_WaitFriend where GUID=5
[23:45:21] EXEC IGC_QuestExpUserInfoLoad_Sec 'XCZBO', 18, ?, ?, ?
[23:45:21] EXEC IGC_QuestExpUserInfoLoad_Sec 'XCZBO', 3, ?, ?, ?
[23:45:21] SELECT MemoIndex, FriendName, wDate, Subject, bRead FROM T_FriendMail where GUID=5
[23:45:21] EXEC IGC_GetGuildMatchingAcceptNRejectInfo 'XCZBO'
[23:45:21] EXEC IGC_GensLoad 'XCZBO'
[23:45:21] SELECT * FROM PetWarehouse WHERE Name= 'XCZBO'
[23:45:21] SELECT Items from PetWarehouse WHERE Name= 'XCZBO'
[23:45:21] EXEC IGC_GensAbuseLoad 'XCZBO'
[23:45:21] EXEC IGC_PeriodItemExpiredItemSelectEx 6, 'XCZBO'
[23:45:21] EXEC IGC_PeriodItemSelectEx 6, 'XCZBO'
[23:45:21] EXEC IGC_LuckyItemSelect 'XCZBO'
[23:45:21] EXEC IGC_PeriodBuffSelect 'XCZBO'
[23:45:21] SELECT G_Name, G_Level, G_Status FROM GuildMember where Name='XCZBO'
[23:45:21] EXEC IGC_PentagramInfoSelect 6, 'XCZBO', 'XCZBO', 0
[23:45:21] EXEC IGC_PentagramInfoSelect 6, 'XCZBO', 'XCZBO', 1
[23:45:21] EXEC IGC_MineSystem_Select_UPTUserInfo 'XCZBO'
[23:48:27] SELECT WCoinP, WCoinC, GoblinPoint FROM T_InGameShop_Point WHERE AccountID = 'XCZBO'
[23:48:27] EXEC WZ_IBS_GetItemsList 'XCZBO', 1
[23:48:42] EXEC SP_POINT_ACCM_BC_5TH '1', '7', 'fast', 'Tomi', '1', '-300', '0', '0'
[23:48:42] SQLSTATE: 22007, Diagnosis: [Microsoft][ODBC SQL Server Driver][SQL Server]La conversin del tipo de datos varchar en smalldatetime produjo un valor fuera de intervalo.
[23:48:42] SQLSTATE: 23000, Diagnosis: [Microsoft][ODBC SQL Server Driver][SQL Server]No se puede insertar el valor NULL en la columna 'RegDate', tabla 'Ranking.dbo.EVENT_INFO_BC_5TH'. La columna no admite valores NULL. Error de INSERT.
[23:48:42] SQLSTATE: 01000, Diagnosis: [Microsoft][ODBC SQL Server Driver][SQL Server]Se termin la instruccin.
[23:48:56] SELECT AccountID FROM warehouse WHERE AccountID='XCZBO'
[23:48:56] UPDATE warehouse set WHOpen = 1 WHERE AccountID='XCZBO'
[23:48:56] SELECT Money, pw FROM warehouse WHERE AccountID='XCZBO'
[23:48:56] SELECT Items FROM warehouse WHERE AccountID='XCZBO'
[23:49:03] UPDATE Character SET Inventory=? WHERE Name='XCZBO'
[23:49:03] UPDATE warehouse SET Money=0, pw=0 WHERE AccountID='XCZBO'
[23:49:03] UPDATE warehouse SET Items=? WHERE AccountID='XCZBO'
[23:49:03] UPDATE warehouse set WHOpen = 0 WHERE AccountID='XCZBO'
[23:49:14] SELECT AccountID FROM warehouse WHERE AccountID='fast'
[23:49:14] UPDATE warehouse set WHOpen = 1 WHERE AccountID='fast'
[23:49:14] SELECT Money, pw FROM warehouse WHERE AccountID='fast'
[23:49:14] SELECT Items FROM warehouse WHERE AccountID='fast'
[23:49:25] UPDATE warehouse SET Money=0, pw=0 WHERE AccountID='fast'
[23:49:25] UPDATE Character SET Inventory=? WHERE Name='Tomi'
[23:49:25] UPDATE warehouse SET Items=? WHERE AccountID='fast'
[23:49:25] UPDATE warehouse set WHOpen = 0 WHERE AccountID='fast'
[23:52:00] UPDATE Character SET cLevel=400, mLevel=17, Class=18,LevelUpPoint=0, mlPoint=17, Experience=3892250000, mlExperience=700646570, mlNextExp=711844740, Strength=65000, Dexterity=65000, Vitality=65000, Energy=65000, Money=1993916344, Life=195867.000000, MaxLife=195867.000000, Mana=65218.000000, MaxMana=65218.000000, MapNumber=0, MapPosX=137, MapPosY=124, MapDir=1, PkCount=2, PkLevel=3, PkTime=0, Leadership=0, ChatLimitTime=0, FruitPoint=0, RESETS = 0, Married = 0, MarryName = '', WinDuels=0, LoseDuels=0, BlockChatTime=0, PenaltyMask=0, ExGameServerCode=65535 WHERE Name = 'Tomi'
[23:52:00] UPDATE Character SET Inventory=? WHERE Name='Tomi'
[23:52:00] UPDATE Character SET MagicList=? WHERE Name='Tomi'
[23:52:00] UPDATE Character SET Quest=? WHERE Name='Tomi'
[23:52:00] UPDATE PetWarehouse SET Items=? WHERE Name='Tomi'
[23:54:54] SELECT Name FROM OptionData WHERE Name='XCZBO'
[23:54:54] INSERT INTO OptionData (Name, GameOption, Qkey, Wkey, Ekey, ChatWindow, Rkey, QWERLevel, EnableChangeMode) VALUES ('XCZBO', 9, 0, 0, 0, 38, 0, 41846, 0)
[23:54:54] UPDATE OptionData SET SkillKey=? where Name='XCZBO'
[23:54:57] EXEC IGC_DeleteWaitPartyMatchingList 'XCZBO'
[23:54:57] INSERT INTO ConnectionHistory (AccountID, ServerName, IP, Date, State, HWID) Values('XCZBO','RegularSrv','', GETDATE(), 'Disconnect', 'N/A')
[23:54:57] UPDATE Character SET cLevel=112, mLevel=0, Class=96,LevelUpPoint=14, mlPoint=0, Experience=15160200, mlExperience=0, mlNextExp=35507050, Strength=300, Dexterity=200, Vitality=217, Energy=150, Money=3075052, Life=628.000000, MaxLife=628.000000, Mana=318.000000, MaxMana=320.000000, MapNumber=2, MapPosX=218, MapPosY=173, MapDir=5, PkCount=2, PkLevel=3, PkTime=0, Leadership=0, ChatLimitTime=0, FruitPoint=0, RESETS = 0, Married = 0, MarryName = '', WinDuels=0, LoseDuels=0, BlockChatTime=0, PenaltyMask=0, ExGameServerCode=65535 WHERE Name = 'XCZBO'
[23:54:57] EXEC WZ_DISCONNECT_MEMB 'XCZBO'
[23:54:57] UPDATE Character SET Inventory=? WHERE Name='XCZBO'
[23:54:57] UPDATE Character SET MagicList=? WHERE Name='XCZBO'
[23:54:57] UPDATE Character SET Quest=? WHERE Name='XCZBO'
[23:54:57] UPDATE PetWarehouse SET Items=? WHERE Name='XCZBO'
[23:55:42] EXEC IGC_DeleteWaitPartyMatchingList 'Tomi'
[23:55:42] UPDATE Character SET cLevel=400, mLevel=17, Class=18,LevelUpPoint=0, mlPoint=17, Experience=3892250000, mlExperience=700646570, mlNextExp=711844740, Strength=65000, Dexterity=65000, Vitality=65000, Energy=65000, Money=1993906344, Life=195867.000000, MaxLife=195867.000000, Mana=65218.000000, MaxMana=65218.000000, MapNumber=0, MapPosX=136, MapPosY=126, MapDir=5, PkCount=2, PkLevel=3, PkTime=0, Leadership=0, ChatLimitTime=0, FruitPoint=0, RESETS = 0, Married = 0, MarryName = '', WinDuels=0, LoseDuels=0, BlockChatTime=0, PenaltyMask=0, ExGameServerCode=65535 WHERE Name = 'Tomi'
[23:55:42] INSERT INTO ConnectionHistory (AccountID, ServerName, IP, Date, State, HWID) Values('fast','RegularSrv','', GETDATE(), 'Disconnect', 'N/A')
[23:55:42] EXEC WZ_DISCONNECT_MEMB 'fast'
[23:55:42] UPDATE Character SET Inventory=? WHERE Name='Tomi'
[23:55:42] UPDATE Character SET MagicList=? WHERE Name='Tomi'
[23:55:42] UPDATE Character SET Quest=? WHERE Name='Tomi'
[23:55:42] UPDATE PetWarehouse SET Items=? WHERE Name='Tomi'
