[21:02:39] SELECT ItemCount FROM GameServerInfo WHERE Number = 0
[21:02:39] SELECT * FROM Guild
[21:02:39] SELECT GensRankingMonth FROM GameServerInfo WHERE Number=0
[21:02:39] SELECT * From IGC_Gens WHERE Influence=1 ORDER By Points DESC
[21:02:39] SELECT * From IGC_Gens WHERE Influence=2 ORDER By Points DESC
[21:02:39] EXEC IGC_DeleteAllPartyMatchingList
[21:03:05] SELECT * FROM DefaultClassType
[21:03:06] EXEC IGC_ArcaBattleWinGuildSelect
[21:03:06] EXEC IGC_ArcaBattleProcSelect
[21:19:12] SELECT * FROM MEMB_INFO WHERE memb___id='fast'
[21:19:16] SELECT * FROM MEMB_INFO WHERE memb___id='fast'
[21:23:52] SELECT * FROM MEMB_INFO WHERE memb___id='fast'
[21:23:52] SELECT * FROM IGC_MachineID_Banned WHERE HWID = '1051-4E4B-5E3C-9DA0-9357'
[21:23:52] INSERT INTO ConnectionHistory (AccountID, ServerName, IP, Date, State, HWID) Values('fast','RegularSrv','186.182.173.58', GETDATE(), 'Connect', '1051-4E4B-5E3C-9DA0-9357')
[21:23:52] EXEC WZ_CONNECT_MEMB 'fast','RegularSrv','186.182.173.58'
[21:23:52] EXEC VIPSystem_CheckAccount 'fast'
[21:23:52] SELECT Id FROM AccountCharacter WHERE Id='fast'
[21:23:52] INSERT INTO AccountCharacter (Id) VALUES ('fast')
[21:23:52] SELECT * FROM AccountCharacter WHERE Id='fast'
[21:23:52] SELECT WarehouseExpansion, Summoner, RageFighter, SecCode FROM AccountCharacter WHERE Id='fast'
[21:23:55] SELECT * FROM AccountCharacter WHERE Id='fast'
[21:23:55] WZ_CreateCharacter 'fast', 'dasdsad', '16'
[21:23:55] UPDATE AccountCharacter SET GameID1='dasdsad' WHERE Id='fast'
[21:23:55] SELECT cLevel FROM vCharacterPreview WHERE Name='dasdsad'
[21:23:57] SELECT * FROM AccountCharacter WHERE Id = 'fast'
[21:23:57] SELECT WarehouseExpansion FROM AccountCharacter WHERE Id = 'fast'
[21:23:57] SELECT cLevel, mLevel, Class, LevelUpPoint, mlPoint, Experience, mlExperience, mlNextExp, Strength, Dexterity, Vitality, Energy, Money, Life, MaxLife, Mana, MaxMana, MapNumber, MapPosX, MapPosY, MapDir, PkCount, PkLevel, PkTime, CtlCode, Leadership, ChatLimitTime, FruitPoint, RESETS, Married, MarryName, InventoryExpansion, WinDuels, LoseDuels, BlockChatTime, PenaltyMask FROM Character WHERE Name='dasdsad' AND AccountID='fast'
[21:23:57] SELECT Inventory from Character where Name='dasdsad'
[21:23:57] SELECT MagicList from Character where Name='dasdsad'
[21:23:57] SELECT Quest from Character where Name='dasdsad'
[21:23:57] SELECT AuthorityMask, DATEDIFF(DAY, GETDATE(), Expiry) AS ExpirationTime FROM T_GMSystem WHERE Name='dasdsad'
[21:23:57] UPDATE AccountCharacter SET GameIDC='dasdsad' WHERE Id='fast'
[21:23:57] SELECT * FROM OptionData WHERE Name='dasdsad'
[21:23:57] SELECT MuBotData FROM Character WHERE Name = 'dasdsad'
[21:23:57] SELECT WCoinP, WCoinC, GoblinPoint FROM T_InGameShop_Point WHERE AccountID = 'fast'
[21:23:57] SELECT GUID, MemoTotal FROM T_FriendMain where Name = 'dasdsad'
[21:23:57] EXEC WZ_UserGuidCreate 'dasdsad'
[21:23:57] SELECT GUID, MemoTotal FROM T_FriendMain where Name = 'dasdsad'
[21:23:57] SELECT FriendGuid, FriendName, Del FROM T_FriendList where GUID = 1
[21:23:57] SELECT FriendName FROM T_WaitFriend where GUID=1
[21:23:57] SELECT MemoIndex, FriendName, wDate, Subject, bRead FROM T_FriendMail where GUID=1
[21:23:57] EXEC IGC_GetGuildMatchingAcceptNRejectInfo 'dasdsad'
[21:23:57] SELECT * FROM PetWarehouse WHERE Name= 'dasdsad'
[21:23:57] EXEC IGC_QuestExpUserInfoLoad_Fir 'dasdsad'
[21:23:57] EXEC IGC_GensLoad 'dasdsad'
[21:23:57] INSERT INTO PetWarehouse (AccountID,Name,DbVersion,SubEquip) VALUES ('fast', 'dasdsad','3','0')
[21:23:57] UPDATE PetWarehouse SET Items=? WHERE Name='dasdsad'
[21:23:57] EXEC IGC_PeriodItemExpiredItemSelectEx 1, 'dasdsad'
[21:23:57] EXEC IGC_GensAbuseLoad 'dasdsad'
[21:23:57] EXEC IGC_PeriodItemSelectEx 1, 'dasdsad'
[21:23:57] EXEC IGC_LuckyItemSelect 'dasdsad'
[21:23:57] EXEC IGC_PeriodBuffSelect 'dasdsad'
[21:23:57] SELECT G_Name, G_Level, G_Status FROM GuildMember where Name='dasdsad'
[21:23:57] EXEC IGC_PentagramInfoSelect 1, 'fast', 'dasdsad', 0
[21:23:57] EXEC IGC_PentagramInfoSelect 1, 'fast', 'dasdsad', 1
[21:23:57] EXEC IGC_MineSystem_Select_UPTUserInfo 'dasdsad'
[21:24:56] SELECT Name FROM OptionData WHERE Name='dasdsad'
[21:24:56] INSERT INTO OptionData (Name, GameOption, Qkey, Wkey, Ekey, ChatWindow, Rkey, QWERLevel, EnableChangeMode) VALUES ('dasdsad', 9, 0, 0, 0, 38, 0, 25523, 0)
[21:24:56] UPDATE OptionData SET SkillKey=? where Name='dasdsad'
[21:25:02] EXEC IGC_DeleteWaitPartyMatchingList 'dasdsad'
[21:25:02] UPDATE Character SET cLevel=1, mLevel=0, Class=16,LevelUpPoint=0, mlPoint=0, Experience=0, mlExperience=0, mlNextExp=35507050, Strength=28, Dexterity=20, Vitality=25, Energy=10, Money=0, Life=110.000000, MaxLife=110.000000, Mana=20.000000, MaxMana=20.000000, MapNumber=0, MapPosX=168, MapPosY=127, MapDir=0, PkCount=0, PkLevel=2, PkTime=96, Leadership=0, ChatLimitTime=0, FruitPoint=0, RESETS = 0, Married = 0, MarryName = '', WinDuels=0, LoseDuels=0, BlockChatTime=0, PenaltyMask=0, ExGameServerCode=65535 WHERE Name = 'dasdsad'
[21:25:02] UPDATE Character SET Inventory=? WHERE Name='dasdsad'
[21:25:02] UPDATE Character SET MagicList=? WHERE Name='dasdsad'
[21:25:02] UPDATE Character SET Quest=? WHERE Name='dasdsad'
[21:25:02] UPDATE PetWarehouse SET Items=? WHERE Name='dasdsad'
[21:25:02] SELECT Id FROM AccountCharacter WHERE Id='fast'
[21:25:02] SELECT * FROM AccountCharacter WHERE Id='fast'
[21:25:02] SELECT WarehouseExpansion, Summoner, RageFighter, SecCode FROM AccountCharacter WHERE Id='fast'
[21:25:02] SELECT cLevel, Class, CtlCode FROM vCharacterPreview WHERE Name='dasdsad'
[21:25:02] SELECT Inventory FROM Character WHERE Name='dasdsad'
[21:25:02] SELECT RESETS FROM Character WHERE Name='dasdsad'
[21:25:02] SELECT G_Status FROM GuildMember WHERE Name='dasdsad'
[21:25:30] INSERT INTO ConnectionHistory (AccountID, ServerName, IP, Date, State, HWID) Values('fast','RegularSrv','', GETDATE(), 'Disconnect', 'N/A')
[21:25:30] EXEC WZ_DISCONNECT_MEMB 'fast'
[21:26:31] SELECT * FROM MEMB_INFO WHERE memb___id='fast'
[21:26:31] SELECT * FROM IGC_MachineID_Banned WHERE HWID = '1051-4E4B-5E3C-9DA0-9357'
[21:26:31] INSERT INTO ConnectionHistory (AccountID, ServerName, IP, Date, State, HWID) Values('fast','RegularSrv','186.182.173.58', GETDATE(), 'Connect', '1051-4E4B-5E3C-9DA0-9357')
[21:26:31] EXEC WZ_CONNECT_MEMB 'fast','RegularSrv','186.182.173.58'
[21:26:31] EXEC VIPSystem_CheckAccount 'fast'
[21:26:31] SELECT Id FROM AccountCharacter WHERE Id='fast'
[21:26:31] SELECT * FROM AccountCharacter WHERE Id='fast'
[21:26:31] SELECT WarehouseExpansion, Summoner, RageFighter, SecCode FROM AccountCharacter WHERE Id='fast'
[21:26:31] SELECT cLevel, Class, CtlCode FROM vCharacterPreview WHERE Name='dasdsad'
[21:26:31] SELECT Inventory FROM Character WHERE Name='dasdsad'
[21:26:31] SELECT RESETS FROM Character WHERE Name='dasdsad'
[21:26:31] SELECT G_Status FROM GuildMember WHERE Name='dasdsad'
[21:26:37] SELECT * FROM AccountCharacter WHERE Id='fast'
[21:26:37] WZ_CreateCharacter 'fast', 'test', '96'
[21:26:37] UPDATE AccountCharacter SET GameID2='test' WHERE Id='fast'
[21:26:37] SELECT cLevel FROM vCharacterPreview WHERE Name='test'
[21:26:38] SELECT * FROM AccountCharacter WHERE Id = 'fast'
[21:26:38] SELECT WarehouseExpansion FROM AccountCharacter WHERE Id = 'fast'
[21:26:38] SELECT cLevel, mLevel, Class, LevelUpPoint, mlPoint, Experience, mlExperience, mlNextExp, Strength, Dexterity, Vitality, Energy, Money, Life, MaxLife, Mana, MaxMana, MapNumber, MapPosX, MapPosY, MapDir, PkCount, PkLevel, PkTime, CtlCode, Leadership, ChatLimitTime, FruitPoint, RESETS, Married, MarryName, InventoryExpansion, WinDuels, LoseDuels, BlockChatTime, PenaltyMask FROM Character WHERE Name='test' AND AccountID='fast'
[21:26:38] SELECT Inventory from Character where Name='test'
[21:26:38] SELECT MagicList from Character where Name='test'
[21:26:38] SELECT Quest from Character where Name='test'
[21:26:38] SELECT AuthorityMask, DATEDIFF(DAY, GETDATE(), Expiry) AS ExpirationTime FROM T_GMSystem WHERE Name='test'
[21:26:38] UPDATE AccountCharacter SET GameIDC='test' WHERE Id='fast'
[21:26:38] SELECT * FROM OptionData WHERE Name='test'
[21:26:38] SELECT MuBotData FROM Character WHERE Name = 'test'
[21:26:38] EXEC IGC_QuestExpUserInfoLoad_Fir 'test'
[21:26:38] SELECT WCoinP, WCoinC, GoblinPoint FROM T_InGameShop_Point WHERE AccountID = 'fast'
[21:26:38] SELECT GUID, MemoTotal FROM T_FriendMain where Name = 'test'
[21:26:38] EXEC WZ_UserGuidCreate 'test'
[21:26:38] SELECT GUID, MemoTotal FROM T_FriendMain where Name = 'test'
[21:26:38] SELECT FriendGuid, FriendName, Del FROM T_FriendList where GUID = 2
[21:26:38] SELECT FriendName FROM T_WaitFriend where GUID=2
[21:26:38] SELECT MemoIndex, FriendName, wDate, Subject, bRead FROM T_FriendMail where GUID=2
[21:26:38] EXEC IGC_GetGuildMatchingAcceptNRejectInfo 'test'
[21:26:38] EXEC IGC_GensLoad 'test'
[21:26:38] SELECT * FROM PetWarehouse WHERE Name= 'test'
[21:26:38] INSERT INTO PetWarehouse (AccountID,Name,DbVersion,SubEquip) VALUES ('fast', 'test','3','0')
[21:26:38] UPDATE PetWarehouse SET Items=? WHERE Name='test'
[21:26:38] EXEC IGC_GensAbuseLoad 'test'
[21:26:38] EXEC IGC_PeriodItemExpiredItemSelectEx 1, 'test'
[21:26:38] EXEC IGC_PeriodItemSelectEx 1, 'test'
[21:26:38] EXEC IGC_LuckyItemSelect 'test'
[21:26:38] EXEC IGC_PeriodBuffSelect 'test'
[21:26:38] SELECT G_Name, G_Level, G_Status FROM GuildMember where Name='test'
[21:26:38] EXEC IGC_PentagramInfoSelect 1, 'fast', 'test', 0
[21:26:38] EXEC IGC_PentagramInfoSelect 1, 'fast', 'test', 1
[21:26:38] EXEC IGC_MineSystem_Select_UPTUserInfo 'test'
[21:28:24] WZ_GetItemSerial2 '3000'
[21:28:32] EXEC IGC_DeleteWaitPartyMatchingList 'test'
[21:28:32] INSERT INTO ConnectionHistory (AccountID, ServerName, IP, Date, State, HWID) Values('fast','RegularSrv','', GETDATE(), 'Disconnect', 'N/A')
[21:28:32] UPDATE Character SET cLevel=3, mLevel=0, Class=96,LevelUpPoint=14, mlPoint=0, Experience=440, mlExperience=0, mlNextExp=35507050, Strength=32, Dexterity=27, Vitality=25, Energy=20, Money=92, Life=102.000000, MaxLife=102.000000, Mana=42.000000, MaxMana=42.000000, MapNumber=0, MapPosX=98, MapPosY=127, MapDir=3, PkCount=0, PkLevel=2, PkTime=180, Leadership=0, ChatLimitTime=0, FruitPoint=0, RESETS = 0, Married = 0, MarryName = '', WinDuels=0, LoseDuels=0, BlockChatTime=0, PenaltyMask=0, ExGameServerCode=65535 WHERE Name = 'test'
[21:28:32] EXEC WZ_DISCONNECT_MEMB 'fast'
[21:28:32] UPDATE Character SET Inventory=? WHERE Name='test'
[21:28:32] UPDATE Character SET MagicList=? WHERE Name='test'
[21:28:32] UPDATE Character SET Quest=? WHERE Name='test'
[21:28:32] UPDATE PetWarehouse SET Items=? WHERE Name='test'
[21:56:28] SELECT * FROM MEMB_INFO WHERE memb___id='tom'
[21:56:32] SELECT * FROM MEMB_INFO WHERE memb___id='tom'
[21:56:40] SELECT * FROM MEMB_INFO WHERE memb___id='tom'
[21:56:46] SELECT * FROM MEMB_INFO WHERE memb___id='fast'
[21:56:46] SELECT * FROM IGC_MachineID_Banned WHERE HWID = '1051-4E4B-5E3C-9DA0-9357'
[21:56:46] INSERT INTO ConnectionHistory (AccountID, ServerName, IP, Date, State, HWID) Values('fast','RegularSrv','186.182.173.58', GETDATE(), 'Connect', '1051-4E4B-5E3C-9DA0-9357')
[21:56:46] EXEC WZ_CONNECT_MEMB 'fast','RegularSrv','186.182.173.58'
[21:56:46] EXEC VIPSystem_CheckAccount 'fast'
[21:56:46] INSERT INTO ConnectionHistory (AccountID, ServerName, IP, Date, State, HWID) Values('fast','RegularSrv','', GETDATE(), 'Disconnect', 'N/A')
[21:56:46] EXEC WZ_DISCONNECT_MEMB 'fast'
[21:57:04] SELECT * FROM MEMB_INFO WHERE memb___id='fast'
[21:57:06] SELECT * FROM MEMB_INFO WHERE memb___id='fast'
[21:57:06] SELECT * FROM IGC_MachineID_Banned WHERE HWID = '1051-4E4B-5E3C-9DA0-9357'
[21:57:06] INSERT INTO ConnectionHistory (AccountID, ServerName, IP, Date, State, HWID) Values('fast','RegularSrv','186.182.173.58', GETDATE(), 'Connect', '1051-4E4B-5E3C-9DA0-9357')
[21:57:06] EXEC WZ_CONNECT_MEMB 'fast','RegularSrv','186.182.173.58'
[21:57:06] EXEC VIPSystem_CheckAccount 'fast'
[21:57:06] SELECT Id FROM AccountCharacter WHERE Id='fast'
[21:57:06] SELECT * FROM AccountCharacter WHERE Id='fast'
[21:57:06] SELECT WarehouseExpansion, Summoner, RageFighter, SecCode FROM AccountCharacter WHERE Id='fast'
[21:57:06] SELECT cLevel, Class, CtlCode FROM vCharacterPreview WHERE Name='dasdsad'
[21:57:06] SELECT Inventory FROM Character WHERE Name='dasdsad'
[21:57:06] SELECT RESETS FROM Character WHERE Name='dasdsad'
[21:57:06] SELECT G_Status FROM GuildMember WHERE Name='dasdsad'
[21:57:06] SELECT cLevel, Class, CtlCode FROM vCharacterPreview WHERE Name='test'
[21:57:06] SELECT Inventory FROM Character WHERE Name='test'
[21:57:06] SELECT RESETS FROM Character WHERE Name='test'
[21:57:06] SELECT G_Status FROM GuildMember WHERE Name='test'
[21:57:16] EXEC IGC_DeleteCharacter 'dasdsad'
[21:57:16] SELECT * FROM AccountCharacter WHERE Id='fast'
[21:57:16] UPDATE AccountCharacter SET GameID1=NULL WHERE Id='fast'
[21:57:36] SELECT * FROM AccountCharacter WHERE Id='fast'
[21:57:36] WZ_CreateCharacter 'fast', 'Tomi', '16'
[21:57:36] UPDATE AccountCharacter SET GameID1='Tomi' WHERE Id='fast'
[21:57:36] SELECT cLevel FROM vCharacterPreview WHERE Name='Tomi'
[21:57:37] SELECT * FROM AccountCharacter WHERE Id = 'fast'
[21:57:37] SELECT WarehouseExpansion FROM AccountCharacter WHERE Id = 'fast'
[21:57:37] SELECT cLevel, mLevel, Class, LevelUpPoint, mlPoint, Experience, mlExperience, mlNextExp, Strength, Dexterity, Vitality, Energy, Money, Life, MaxLife, Mana, MaxMana, MapNumber, MapPosX, MapPosY, MapDir, PkCount, PkLevel, PkTime, CtlCode, Leadership, ChatLimitTime, FruitPoint, RESETS, Married, MarryName, InventoryExpansion, WinDuels, LoseDuels, BlockChatTime, PenaltyMask FROM Character WHERE Name='Tomi' AND AccountID='fast'
[21:57:37] SELECT Inventory from Character where Name='Tomi'
[21:57:37] SELECT MagicList from Character where Name='Tomi'
[21:57:37] SELECT Quest from Character where Name='Tomi'
[21:57:37] SELECT AuthorityMask, DATEDIFF(DAY, GETDATE(), Expiry) AS ExpirationTime FROM T_GMSystem WHERE Name='Tomi'
[21:57:37] UPDATE AccountCharacter SET GameIDC='Tomi' WHERE Id='fast'
[21:57:37] SELECT * FROM OptionData WHERE Name='Tomi'
[21:57:37] SELECT MuBotData FROM Character WHERE Name = 'Tomi'
[21:57:37] SELECT WCoinP, WCoinC, GoblinPoint FROM T_InGameShop_Point WHERE AccountID = 'fast'
[21:57:37] EXEC IGC_QuestExpUserInfoLoad_Fir 'Tomi'
[21:57:37] SELECT GUID, MemoTotal FROM T_FriendMain where Name = 'Tomi'
[21:57:37] EXEC WZ_UserGuidCreate 'Tomi'
[21:57:37] SELECT GUID, MemoTotal FROM T_FriendMain where Name = 'Tomi'
[21:57:37] SELECT FriendGuid, FriendName, Del FROM T_FriendList where GUID = 3
[21:57:37] SELECT FriendName FROM T_WaitFriend where GUID=3
[21:57:37] SELECT MemoIndex, FriendName, wDate, Subject, bRead FROM T_FriendMail where GUID=3
[21:57:37] EXEC IGC_GetGuildMatchingAcceptNRejectInfo 'Tomi'
[21:57:37] EXEC IGC_GensLoad 'Tomi'
[21:57:37] SELECT * FROM PetWarehouse WHERE Name= 'Tomi'
[21:57:37] INSERT INTO PetWarehouse (AccountID,Name,DbVersion,SubEquip) VALUES ('fast', 'Tomi','3','0')
[21:57:37] UPDATE PetWarehouse SET Items=? WHERE Name='Tomi'
[21:57:37] EXEC IGC_PeriodItemExpiredItemSelectEx 1, 'Tomi'
[21:57:37] EXEC IGC_GensAbuseLoad 'Tomi'
[21:57:37] EXEC IGC_PeriodItemSelectEx 1, 'Tomi'
[21:57:37] EXEC IGC_LuckyItemSelect 'Tomi'
[21:57:37] EXEC IGC_PeriodBuffSelect 'Tomi'
[21:57:37] SELECT G_Name, G_Level, G_Status FROM GuildMember where Name='Tomi'
[21:57:37] EXEC IGC_PentagramInfoSelect 1, 'fast', 'Tomi', 0
[21:57:37] EXEC IGC_PentagramInfoSelect 1, 'fast', 'Tomi', 1
[21:57:37] EXEC IGC_MineSystem_Select_UPTUserInfo 'Tomi'
[22:03:44] SELECT AccountID FROM warehouse WHERE AccountID='fast'
[22:03:44] INSERT INTO warehouse (AccountID, Money, EndUseDate, WHOpen) VALUES ('fast',0, getdate(),1)
[22:03:44] UPDATE Character SET Inventory=? WHERE Name='Tomi'
[22:03:44] UPDATE warehouse SET Money=0, pw=0 WHERE AccountID='fast'
[22:03:44] UPDATE warehouse SET Items=? WHERE AccountID='fast'
[22:03:44] UPDATE warehouse set WHOpen = 0 WHERE AccountID='fast'
[22:03:49] SELECT AccountID FROM warehouse WHERE AccountID='fast'
[22:03:49] UPDATE warehouse set WHOpen = 1 WHERE AccountID='fast'
[22:03:49] SELECT Money, pw FROM warehouse WHERE AccountID='fast'
[22:03:49] SELECT Items FROM warehouse WHERE AccountID='fast'
[22:03:58] UPDATE warehouse SET Money=0, pw=0 WHERE AccountID='fast'
[22:03:58] UPDATE Character SET Inventory=? WHERE Name='Tomi'
[22:03:58] UPDATE warehouse SET Items=? WHERE AccountID='fast'
[22:03:58] UPDATE warehouse set WHOpen = 0 WHERE AccountID='fast'
[22:04:00] SELECT AccountID FROM warehouse WHERE AccountID='fast'
[22:04:00] UPDATE warehouse set WHOpen = 1 WHERE AccountID='fast'
[22:04:00] SELECT Money, pw FROM warehouse WHERE AccountID='fast'
[22:04:00] SELECT Items FROM warehouse WHERE AccountID='fast'
[22:04:01] UPDATE warehouse SET Money=0, pw=0 WHERE AccountID='fast'
[22:04:01] UPDATE Character SET Inventory=? WHERE Name='Tomi'
[22:04:01] UPDATE warehouse SET Items=? WHERE AccountID='fast'
[22:04:01] UPDATE warehouse set WHOpen = 0 WHERE AccountID='fast'
[22:04:05] SELECT AccountID FROM warehouse WHERE AccountID='fast'
[22:04:05] UPDATE warehouse set WHOpen = 1 WHERE AccountID='fast'
[22:04:05] SELECT Money, pw FROM warehouse WHERE AccountID='fast'
[22:04:05] SELECT Items FROM warehouse WHERE AccountID='fast'
[22:04:06] UPDATE warehouse SET Money=0, pw=0 WHERE AccountID='fast'
[22:04:06] UPDATE Character SET Inventory=? WHERE Name='Tomi'
[22:04:06] UPDATE warehouse SET Items=? WHERE AccountID='fast'
[22:04:06] UPDATE warehouse set WHOpen = 0 WHERE AccountID='fast'
[22:04:09] SELECT AccountID FROM warehouse WHERE AccountID='fast'
[22:04:09] UPDATE warehouse set WHOpen = 1 WHERE AccountID='fast'
[22:04:09] SELECT Money, pw FROM warehouse WHERE AccountID='fast'
[22:04:09] SELECT Items FROM warehouse WHERE AccountID='fast'
[22:04:23] UPDATE warehouse SET Money=0, pw=0 WHERE AccountID='fast'
[22:04:23] UPDATE Character SET Inventory=? WHERE Name='Tomi'
[22:04:23] UPDATE warehouse SET Items=? WHERE AccountID='fast'
[22:04:23] UPDATE warehouse set WHOpen = 0 WHERE AccountID='fast'
[22:06:42] SELECT * FROM MEMB_INFO WHERE memb___id='Idk288'
[22:06:57] UPDATE Character SET cLevel=26, mLevel=0, Class=16,LevelUpPoint=40, mlPoint=0, Experience=212500, mlExperience=0, mlNextExp=35507050, Strength=90, Dexterity=43, Vitality=25, Energy=10, Money=8864, Life=160.000000, MaxLife=160.000000, Mana=32.000000, MaxMana=32.000000, MapNumber=2, MapPosX=212, MapPosY=51, MapDir=5, PkCount=0, PkLevel=2, PkTime=858, Leadership=0, ChatLimitTime=0, FruitPoint=0, RESETS = 0, Married = 0, MarryName = '', WinDuels=0, LoseDuels=0, BlockChatTime=0, PenaltyMask=0, ExGameServerCode=65535 WHERE Name = 'Tomi'
[22:06:57] UPDATE Character SET Inventory=? WHERE Name='Tomi'
[22:06:57] UPDATE Character SET MagicList=? WHERE Name='Tomi'
[22:06:57] UPDATE Character SET Quest=? WHERE Name='Tomi'
[22:06:57] UPDATE PetWarehouse SET Items=? WHERE Name='Tomi'
[22:07:31] SELECT * FROM MEMB_INFO WHERE memb___id='Idk288'
[22:07:55] SELECT * FROM MEMB_INFO WHERE memb___id='Idk288'
[22:07:56] SELECT * FROM MEMB_INFO WHERE memb___id='forgoten'
[22:07:58] SELECT * FROM MEMB_INFO WHERE memb___id='Idk288'
[22:09:10] SELECT * FROM MEMB_INFO WHERE memb___id='forgoten'
[22:09:12] SELECT * FROM MEMB_INFO WHERE memb___id='forgoten'
[22:09:27] SELECT * FROM MEMB_INFO WHERE memb___id='Idk288'
[22:09:27] SELECT * FROM IGC_MachineID_Banned WHERE HWID = '5C76-4E4B-155F-2474-375F'
[22:09:27] INSERT INTO ConnectionHistory (AccountID, ServerName, IP, Date, State, HWID) Values('Idk288','RegularSrv','181.13.118.12', GETDATE(), 'Connect', '5C76-4E4B-155F-2474-375F')
[22:09:27] EXEC WZ_CONNECT_MEMB 'Idk288','RegularSrv','181.13.118.12'
[22:09:27] EXEC VIPSystem_CheckAccount 'Idk288'
[22:09:27] SELECT Id FROM AccountCharacter WHERE Id='Idk288'
[22:09:27] INSERT INTO AccountCharacter (Id) VALUES ('Idk288')
[22:09:27] SELECT * FROM AccountCharacter WHERE Id='Idk288'
[22:09:27] SELECT WarehouseExpansion, Summoner, RageFighter, SecCode FROM AccountCharacter WHERE Id='Idk288'
[22:09:27] SELECT * FROM MEMB_INFO WHERE memb___id='forgoten'
[22:09:27] SELECT * FROM IGC_MachineID_Banned WHERE HWID = '1057-4E4B-5E3C-9DA1-2663'
[22:09:27] INSERT INTO ConnectionHistory (AccountID, ServerName, IP, Date, State, HWID) Values('forgoten','RegularSrv','181.44.131.125', GETDATE(), 'Connect', '1057-4E4B-5E3C-9DA1-2663')
[22:09:27] EXEC WZ_CONNECT_MEMB 'forgoten','RegularSrv','181.44.131.125'
[22:09:27] EXEC VIPSystem_CheckAccount 'forgoten'
[22:09:27] INSERT INTO ConnectionHistory (AccountID, ServerName, IP, Date, State, HWID) Values('forgoten','RegularSrv','', GETDATE(), 'Disconnect', 'N/A')
[22:09:27] EXEC WZ_DISCONNECT_MEMB 'forgoten'
[22:09:33] SELECT * FROM AccountCharacter WHERE Id='Idk288'
[22:09:33] WZ_CreateCharacter 'Idk288', 'Conqueror', '16'
[22:09:33] UPDATE AccountCharacter SET GameID1='Conqueror' WHERE Id='Idk288'
[22:09:33] SELECT cLevel FROM vCharacterPreview WHERE Name='Conqueror'
[22:09:36] SELECT * FROM AccountCharacter WHERE Id = 'Idk288'
[22:09:36] SELECT WarehouseExpansion FROM AccountCharacter WHERE Id = 'Idk288'
[22:09:36] SELECT cLevel, mLevel, Class, LevelUpPoint, mlPoint, Experience, mlExperience, mlNextExp, Strength, Dexterity, Vitality, Energy, Money, Life, MaxLife, Mana, MaxMana, MapNumber, MapPosX, MapPosY, MapDir, PkCount, PkLevel, PkTime, CtlCode, Leadership, ChatLimitTime, FruitPoint, RESETS, Married, MarryName, InventoryExpansion, WinDuels, LoseDuels, BlockChatTime, PenaltyMask FROM Character WHERE Name='Conqueror' AND AccountID='Idk288'
[22:09:36] SELECT Inventory from Character where Name='Conqueror'
[22:09:36] SELECT MagicList from Character where Name='Conqueror'
[22:09:36] SELECT Quest from Character where Name='Conqueror'
[22:09:36] SELECT AuthorityMask, DATEDIFF(DAY, GETDATE(), Expiry) AS ExpirationTime FROM T_GMSystem WHERE Name='Conqueror'
[22:09:36] UPDATE AccountCharacter SET GameIDC='Conqueror' WHERE Id='Idk288'
[22:09:36] SELECT * FROM OptionData WHERE Name='Conqueror'
[22:09:36] SELECT MuBotData FROM Character WHERE Name = 'Conqueror'
[22:09:36] SELECT WCoinP, WCoinC, GoblinPoint FROM T_InGameShop_Point WHERE AccountID = 'Idk288'
[22:09:36] EXEC IGC_QuestExpUserInfoLoad_Fir 'Conqueror'
[22:09:36] SELECT GUID, MemoTotal FROM T_FriendMain where Name = 'Conqueror'
[22:09:36] EXEC WZ_UserGuidCreate 'Conqueror'
[22:09:36] SELECT GUID, MemoTotal FROM T_FriendMain where Name = 'Conqueror'
[22:09:36] SELECT FriendGuid, FriendName, Del FROM T_FriendList where GUID = 4
[22:09:36] SELECT FriendName FROM T_WaitFriend where GUID=4
[22:09:36] SELECT MemoIndex, FriendName, wDate, Subject, bRead FROM T_FriendMail where GUID=4
[22:09:36] EXEC IGC_GetGuildMatchingAcceptNRejectInfo 'Conqueror'
[22:09:36] EXEC IGC_GensLoad 'Conqueror'
[22:09:36] SELECT * FROM PetWarehouse WHERE Name= 'Conqueror'
[22:09:36] INSERT INTO PetWarehouse (AccountID,Name,DbVersion,SubEquip) VALUES ('Idk288', 'Conqueror','3','0')
[22:09:36] UPDATE PetWarehouse SET Items=? WHERE Name='Conqueror'
[22:09:36] EXEC IGC_GensAbuseLoad 'Conqueror'
[22:09:36] EXEC IGC_PeriodItemExpiredItemSelectEx 4, 'Conqueror'
[22:09:36] EXEC IGC_PeriodItemSelectEx 4, 'Conqueror'
[22:09:36] EXEC IGC_LuckyItemSelect 'Conqueror'
[22:09:36] EXEC IGC_PeriodBuffSelect 'Conqueror'
[22:09:36] SELECT G_Name, G_Level, G_Status FROM GuildMember where Name='Conqueror'
[22:09:36] EXEC IGC_PentagramInfoSelect 4, 'Idk288', 'Conqueror', 0
[22:09:36] EXEC IGC_PentagramInfoSelect 4, 'Idk288', 'Conqueror', 1
[22:09:36] EXEC IGC_MineSystem_Select_UPTUserInfo 'Conqueror'
[22:09:42] SELECT * FROM MEMB_INFO WHERE memb___id='XCZBO'
[22:09:42] SELECT * FROM IGC_MachineID_Banned WHERE HWID = '5C58-F257-9696-1845-0130'
[22:09:42] INSERT INTO ConnectionHistory (AccountID, ServerName, IP, Date, State, HWID) Values('XCZBO','RegularSrv','186.19.118.155', GETDATE(), 'Connect', '5C58-F257-9696-1845-0130')
[22:09:42] EXEC WZ_CONNECT_MEMB 'XCZBO','RegularSrv','186.19.118.155'
[22:09:42] EXEC VIPSystem_CheckAccount 'XCZBO'
[22:09:42] SELECT Id FROM AccountCharacter WHERE Id='XCZBO'
[22:09:42] INSERT INTO AccountCharacter (Id) VALUES ('XCZBO')
[22:09:42] SELECT * FROM AccountCharacter WHERE Id='XCZBO'
[22:09:42] SELECT WarehouseExpansion, Summoner, RageFighter, SecCode FROM AccountCharacter WHERE Id='XCZBO'
[22:09:57] SELECT * FROM AccountCharacter WHERE Id='XCZBO'
[22:09:57] WZ_CreateCharacter 'XCZBO', 'XCZBO', '96'
[22:09:57] UPDATE AccountCharacter SET GameID1='XCZBO' WHERE Id='XCZBO'
[22:09:57] SELECT cLevel FROM vCharacterPreview WHERE Name='XCZBO'
[22:09:59] SELECT * FROM AccountCharacter WHERE Id = 'XCZBO'
[22:09:59] SELECT WarehouseExpansion FROM AccountCharacter WHERE Id = 'XCZBO'
[22:09:59] SELECT cLevel, mLevel, Class, LevelUpPoint, mlPoint, Experience, mlExperience, mlNextExp, Strength, Dexterity, Vitality, Energy, Money, Life, MaxLife, Mana, MaxMana, MapNumber, MapPosX, MapPosY, MapDir, PkCount, PkLevel, PkTime, CtlCode, Leadership, ChatLimitTime, FruitPoint, RESETS, Married, MarryName, InventoryExpansion, WinDuels, LoseDuels, BlockChatTime, PenaltyMask FROM Character WHERE Name='XCZBO' AND AccountID='XCZBO'
[22:09:59] SELECT Inventory from Character where Name='XCZBO'
[22:09:59] SELECT MagicList from Character where Name='XCZBO'
[22:09:59] SELECT Quest from Character where Name='XCZBO'
[22:09:59] SELECT AuthorityMask, DATEDIFF(DAY, GETDATE(), Expiry) AS ExpirationTime FROM T_GMSystem WHERE Name='XCZBO'
[22:09:59] UPDATE AccountCharacter SET GameIDC='XCZBO' WHERE Id='XCZBO'
[22:09:59] SELECT * FROM OptionData WHERE Name='XCZBO'
[22:09:59] SELECT MuBotData FROM Character WHERE Name = 'XCZBO'
[22:09:59] SELECT WCoinP, WCoinC, GoblinPoint FROM T_InGameShop_Point WHERE AccountID = 'XCZBO'
[22:09:59] EXEC IGC_QuestExpUserInfoLoad_Fir 'XCZBO'
[22:09:59] SELECT GUID, MemoTotal FROM T_FriendMain where Name = 'XCZBO'
[22:09:59] EXEC WZ_UserGuidCreate 'XCZBO'
[22:09:59] SELECT GUID, MemoTotal FROM T_FriendMain where Name = 'XCZBO'
[22:09:59] SELECT FriendGuid, FriendName, Del FROM T_FriendList where GUID = 5
[22:09:59] SELECT FriendName FROM T_WaitFriend where GUID=5
[22:09:59] SELECT MemoIndex, FriendName, wDate, Subject, bRead FROM T_FriendMail where GUID=5
[22:09:59] EXEC IGC_GetGuildMatchingAcceptNRejectInfo 'XCZBO'
[22:09:59] EXEC IGC_GensLoad 'XCZBO'
[22:09:59] SELECT * FROM PetWarehouse WHERE Name= 'XCZBO'
[22:09:59] INSERT INTO PetWarehouse (AccountID,Name,DbVersion,SubEquip) VALUES ('XCZBO', 'XCZBO','3','0')
[22:09:59] UPDATE PetWarehouse SET Items=? WHERE Name='XCZBO'
[22:10:00] EXEC IGC_GensAbuseLoad 'XCZBO'
[22:10:00] EXEC IGC_PeriodItemExpiredItemSelectEx 6, 'XCZBO'
[22:10:00] EXEC IGC_PeriodItemSelectEx 6, 'XCZBO'
[22:10:00] EXEC IGC_LuckyItemSelect 'XCZBO'
[22:10:00] EXEC IGC_PeriodBuffSelect 'XCZBO'
[22:10:00] SELECT G_Name, G_Level, G_Status FROM GuildMember where Name='XCZBO'
[22:10:00] EXEC IGC_PentagramInfoSelect 6, 'XCZBO', 'XCZBO', 0
[22:10:00] EXEC IGC_PentagramInfoSelect 6, 'XCZBO', 'XCZBO', 1
[22:10:00] EXEC IGC_MineSystem_Select_UPTUserInfo 'XCZBO'
[22:10:09] SELECT WCoinP, WCoinC, GoblinPoint FROM T_InGameShop_Point WHERE AccountID = 'Idk288'
[22:10:09] EXEC WZ_IBS_GetItemsList 'Idk288', 1
[22:10:35] SELECT * FROM MEMB_INFO WHERE memb___id='forgoten'
[22:10:35] SELECT * FROM IGC_MachineID_Banned WHERE HWID = '1057-4E4B-5E3C-9DA1-2663'
[22:10:35] INSERT INTO ConnectionHistory (AccountID, ServerName, IP, Date, State, HWID) Values('forgoten','RegularSrv','181.44.131.125', GETDATE(), 'Connect', '1057-4E4B-5E3C-9DA1-2663')
[22:10:35] EXEC WZ_CONNECT_MEMB 'forgoten','RegularSrv','181.44.131.125'
[22:10:35] EXEC VIPSystem_CheckAccount 'forgoten'
[22:10:35] SELECT Id FROM AccountCharacter WHERE Id='forgoten'
[22:10:35] INSERT INTO AccountCharacter (Id) VALUES ('forgoten')
[22:10:35] SELECT * FROM AccountCharacter WHERE Id='forgoten'
[22:10:35] SELECT WarehouseExpansion, Summoner, RageFighter, SecCode FROM AccountCharacter WHERE Id='forgoten'
[22:10:42] SELECT AccountID FROM warehouse WHERE AccountID='XCZBO'
[22:10:42] INSERT INTO warehouse (AccountID, Money, EndUseDate, WHOpen) VALUES ('XCZBO',0, getdate(),1)
[22:10:43] UPDATE Character SET Inventory=? WHERE Name='XCZBO'
[22:10:43] UPDATE warehouse SET Money=0, pw=0 WHERE AccountID='XCZBO'
[22:10:43] UPDATE warehouse SET Items=? WHERE AccountID='XCZBO'
[22:10:43] UPDATE warehouse set WHOpen = 0 WHERE AccountID='XCZBO'
[22:10:56] SELECT AccountID FROM warehouse WHERE AccountID='Idk288'
[22:10:56] INSERT INTO warehouse (AccountID, Money, EndUseDate, WHOpen) VALUES ('Idk288',0, getdate(),1)
[22:10:57] UPDATE Character SET Inventory=? WHERE Name='Conqueror'
[22:10:57] UPDATE warehouse SET Money=0, pw=0 WHERE AccountID='Idk288'
[22:10:57] UPDATE warehouse SET Items=? WHERE AccountID='Idk288'
[22:10:57] UPDATE warehouse set WHOpen = 0 WHERE AccountID='Idk288'
[22:11:00] SELECT WCoinP, WCoinC, GoblinPoint FROM T_InGameShop_Point WHERE AccountID = 'Idk288'
[22:11:00] EXEC WZ_IBS_GetItemsList 'Idk288', 1
[22:11:07] SELECT * FROM AccountCharacter WHERE Id='forgoten'
[22:11:07] WZ_CreateCharacter 'forgoten', 'dios', '16'
[22:11:07] UPDATE AccountCharacter SET GameID1='dios' WHERE Id='forgoten'
[22:11:07] SELECT cLevel FROM vCharacterPreview WHERE Name='dios'
[22:11:09] SELECT * FROM AccountCharacter WHERE Id = 'forgoten'
[22:11:09] SELECT WarehouseExpansion FROM AccountCharacter WHERE Id = 'forgoten'
[22:11:09] SELECT cLevel, mLevel, Class, LevelUpPoint, mlPoint, Experience, mlExperience, mlNextExp, Strength, Dexterity, Vitality, Energy, Money, Life, MaxLife, Mana, MaxMana, MapNumber, MapPosX, MapPosY, MapDir, PkCount, PkLevel, PkTime, CtlCode, Leadership, ChatLimitTime, FruitPoint, RESETS, Married, MarryName, InventoryExpansion, WinDuels, LoseDuels, BlockChatTime, PenaltyMask FROM Character WHERE Name='dios' AND AccountID='forgoten'
[22:11:09] SELECT Inventory from Character where Name='dios'
[22:11:09] SELECT MagicList from Character where Name='dios'
[22:11:09] SELECT Quest from Character where Name='dios'
[22:11:09] SELECT AuthorityMask, DATEDIFF(DAY, GETDATE(), Expiry) AS ExpirationTime FROM T_GMSystem WHERE Name='dios'
[22:11:09] UPDATE AccountCharacter SET GameIDC='dios' WHERE Id='forgoten'
[22:11:09] SELECT * FROM OptionData WHERE Name='dios'
[22:11:09] SELECT MuBotData FROM Character WHERE Name = 'dios'
[22:11:09] SELECT WCoinP, WCoinC, GoblinPoint FROM T_InGameShop_Point WHERE AccountID = 'forgoten'
[22:11:09] SELECT GUID, MemoTotal FROM T_FriendMain where Name = 'dios'
[22:11:09] EXEC IGC_QuestExpUserInfoLoad_Fir 'dios'
[22:11:09] EXEC WZ_UserGuidCreate 'dios'
[22:11:09] SELECT GUID, MemoTotal FROM T_FriendMain where Name = 'dios'
[22:11:09] SELECT FriendGuid, FriendName, Del FROM T_FriendList where GUID = 6
[22:11:09] SELECT FriendName FROM T_WaitFriend where GUID=6
[22:11:09] SELECT MemoIndex, FriendName, wDate, Subject, bRead FROM T_FriendMail where GUID=6
[22:11:09] EXEC IGC_GetGuildMatchingAcceptNRejectInfo 'dios'
[22:11:09] EXEC IGC_GensLoad 'dios'
[22:11:09] SELECT * FROM PetWarehouse WHERE Name= 'dios'
[22:11:09] INSERT INTO PetWarehouse (AccountID,Name,DbVersion,SubEquip) VALUES ('forgoten', 'dios','3','0')
[22:11:09] UPDATE PetWarehouse SET Items=? WHERE Name='dios'
[22:11:09] EXEC IGC_GensAbuseLoad 'dios'
[22:11:09] EXEC IGC_PeriodItemExpiredItemSelectEx 5, 'dios'
[22:11:09] EXEC IGC_PeriodItemSelectEx 5, 'dios'
[22:11:09] EXEC IGC_LuckyItemSelect 'dios'
[22:11:09] EXEC IGC_PeriodBuffSelect 'dios'
[22:11:09] SELECT G_Name, G_Level, G_Status FROM GuildMember where Name='dios'
[22:11:09] EXEC IGC_PentagramInfoSelect 5, 'forgoten', 'dios', 0
[22:11:09] EXEC IGC_PentagramInfoSelect 5, 'forgoten', 'dios', 1
[22:11:09] EXEC IGC_MineSystem_Select_UPTUserInfo 'dios'
[22:13:22] SELECT AccountID FROM warehouse WHERE AccountID='Idk288'
[22:13:22] UPDATE warehouse set WHOpen = 1 WHERE AccountID='Idk288'
[22:13:22] SELECT Money, pw FROM warehouse WHERE AccountID='Idk288'
[22:13:22] SELECT Items FROM warehouse WHERE AccountID='Idk288'
[22:13:23] UPDATE Character SET Inventory=? WHERE Name='Conqueror'
[22:13:23] UPDATE warehouse SET Money=0, pw=0 WHERE AccountID='Idk288'
[22:13:23] UPDATE warehouse SET Items=? WHERE AccountID='Idk288'
[22:13:23] UPDATE warehouse set WHOpen = 0 WHERE AccountID='Idk288'
