[21:02:39] Initializing...
[21:02:39] DataServer(e) version: 6.0.0.0 Compiled at: Oct 23 2017 01:51:42
[21:02:39] ./IGC_AllowedIPList.xml File Loaded successfuly
[21:02:39] IP Address 127.0.0.1 valid, no resolving required
[21:02:39] [SUCCESS] - DATA SERVER CONNECT MSSQL SUCCESS (COUNT: 23)
[21:02:39] [DataServer] ItemCount: 0
[21:02:39] [SUCCESS] - JOIN SERVER CONNECT MSSQL SUCCESS
[21:02:39] [SUCCESS] - EXDATASERVER CONNECT MSSQL SUCCESS
[21:02:39] [MuOnlineDB] GuildData Loaded in 16 msec
[21:02:39] [SUCCESS] - FRIEND DB CONNECT MSSQL SUCCESS
[21:02:39] [Gens System] Initializing Gens...
[21:02:39] [ GensRanking ] - ..\\IGCData\\Gens\\IGC_GensRanking.dat file is Loaded
[21:02:39] [Gens System] Current Month: 1
[21:02:39] [Gens System] Ranking Making [START]
[21:02:39] [Gens System] (D:0.000000) VS (V:0.000000)
[21:02:39] [Gens System] Ranking Making [END]
[21:02:39] Current Global Connections Limit (HWiD) per ServerGroup: 3
[21:02:39] [IOCP] Using normal functionality
[21:02:39] [IOCP] ST_JOINSERVER Start! PORT [ 56970 ]
[21:02:39] [WARNING]: IOCP Thread Handles set to 16
[21:02:39] [IOCP] ST_DATASERVER Start! PORT [ 56960 ]
[21:02:39] [WARNING]: IOCP Thread Handles set to 16
[21:02:39] [IOCP] ST_EXDATASERVER Start! PORT [ 56906 ]
[21:02:39] [WARNING]: IOCP Thread Handles set to 16
[21:03:05] [Server Engine] Connect : Index : 0 - IP : 127.0.0.1 - ServerType : 1
[21:03:05] [Server Engine] Connect : Index : 1 - IP : 127.0.0.1 - ServerType : 2
[21:03:05] [Server Engine] Connect : Index : 2 - IP : 127.0.0.1 - ServerType : 3
[21:03:05] [DataServer] GameServer(0)(1) connect
[21:03:05] [Join Server] GameServer connected RegularSrv PORT : 56900 CODE : 0 VIP : 0 HWIDCount : 3
[21:03:05] [ExDB] GameServer with ServerCode[0] connected.
[21:19:12] [MeMuOnline] Account doesn't exist - ID : fast
[21:19:16] [MeMuOnline] Account doesn't exist - ID : fast
[21:23:52] [JoinServer] Add User (fast) (ServerCode:0) (ServerGroup:1) (Index:12005) (IP:186.182.173.58) (HWID:1051-4E4B-5E3C-9DA0-9357)
[21:23:52] [fast] - no charactes
[21:23:52] [fast] - characters: [][][][][]
[21:23:52] [fast] - Account Data: [SU:1][RF:1][Expanded WH:0]
[21:23:55] [fast] created character -> [dasdsad]
[21:23:57] [Friend List Request] Name[dasdsad].
[21:23:57] [Friend List Send] Name[dasdsad].
[21:23:57] [Friend List Send] Friend Count[0].
[21:23:57] [Mail List Request] Name[dasdsad].
[21:23:57] [Mail List Send] Name: [dasdsad].
[21:23:57] [Mail List Send] Mail Count: 0.
[21:23:57] [Guild Member Info Request] Member [dasdsad].
[21:23:57] [Send Guild Member Info] No info returned from DB.
[21:25:02] [fast] - characters: [dasdsad][][][][]
[21:25:02] [fast] - Account Data: [SU:1][RF:1][Expanded WH:0]
[21:25:30] [JoinServer] Delete User (fast)
[21:26:31] [JoinServer] Add User (fast) (ServerCode:0) (ServerGroup:1) (Index:12006) (IP:186.182.173.58) (HWID:1051-4E4B-5E3C-9DA0-9357)
[21:26:31] [fast] - characters: [dasdsad][][][][]
[21:26:31] [fast] - Account Data: [SU:1][RF:1][Expanded WH:0]
[21:26:37] [fast] created character -> [test]
[21:26:38] [Friend List Request] Name[test].
[21:26:38] [Friend List Send] Name[test].
[21:26:38] [Friend List Send] Friend Count[0].
[21:26:38] [Mail List Request] Name[test].
[21:26:38] [Mail List Send] Name: [test].
[21:26:38] [Mail List Send] Mail Count: 0.
[21:26:38] [Guild Member Info Request] Member [test].
[21:26:38] [Send Guild Member Info] No info returned from DB.
[21:28:32] [JoinServer] Delete User (fast)
[21:56:28] [MeMuOnline] Account doesn't exist - ID : tom
[21:56:32] [MeMuOnline] Account doesn't exist - ID : tom
[21:56:40] [MeMuOnline] Account doesn't exist - ID : tom
[21:56:46] [JoinServer] Add User (fast) (ServerCode:0) (ServerGroup:1) (Index:12013) (IP:186.182.173.58) (HWID:1051-4E4B-5E3C-9DA0-9357)
[21:56:46] [JoinServer] Delete User (fast)
[21:57:04] [MeMuOnline] Wrong Password - ID : fast
[21:57:06] [JoinServer] Add User (fast) (ServerCode:0) (ServerGroup:1) (Index:12014) (IP:186.182.173.58) (HWID:1051-4E4B-5E3C-9DA0-9357)
[21:57:06] [fast] - characters: [dasdsad][test][][][]
[21:57:06] [fast] - Account Data: [SU:1][RF:1][Expanded WH:1]
[21:57:16] [fast] deleted character -> [dasdsad]
[21:57:36] [fast] created character -> [Tomi]
[21:57:37] [Friend List Request] Name[Tomi].
[21:57:37] [Friend List Send] Name[Tomi].
[21:57:37] [Friend List Send] Friend Count[0].
[21:57:37] [Mail List Request] Name[Tomi].
[21:57:37] [Mail List Send] Name: [Tomi].
[21:57:37] [Mail List Send] Mail Count: 0.
[21:57:37] [Guild Member Info Request] Member [Tomi].
[21:57:37] [Send Guild Member Info] No info returned from DB.
[22:06:42] [MeMuOnline] Account doesn't exist - ID : Idk288
[22:07:31] [MeMuOnline] Account doesn't exist - ID : Idk288
[22:07:55] [MeMuOnline] Account doesn't exist - ID : Idk288
[22:07:56] [MeMuOnline] Account doesn't exist - ID : forgoten
[22:07:58] [MeMuOnline] Account doesn't exist - ID : Idk288
[22:09:10] [MeMuOnline] Account doesn't exist - ID : forgoten
[22:09:12] [MeMuOnline] Account doesn't exist - ID : forgoten
[22:09:27] [JoinServer] Add User (Idk288) (ServerCode:0) (ServerGroup:1) (Index:12018) (IP:181.13.118.12) (HWID:5C76-4E4B-155F-2474-375F)
[22:09:27] [Idk288] - no charactes
[22:09:27] [Idk288] - characters: [][][][][]
[22:09:27] [Idk288] - Account Data: [SU:1][RF:1][Expanded WH:0]
[22:09:27] [JoinServer] Add User (forgoten) (ServerCode:0) (ServerGroup:1) (Index:12017) (IP:181.44.131.125) (HWID:1057-4E4B-5E3C-9DA1-2663)
[22:09:27] [JoinServer] Delete User (forgoten)
[22:09:33] [Idk288] created character -> [Conqueror]
[22:09:36] [Friend List Request] Name[Conqueror].
[22:09:36] [Friend List Send] Name[Conqueror].
[22:09:36] [Friend List Send] Friend Count[0].
[22:09:36] [Mail List Request] Name[Conqueror].
[22:09:36] [Mail List Send] Name: [Conqueror].
[22:09:36] [Mail List Send] Mail Count: 0.
[22:09:36] [Guild Member Info Request] Member [Conqueror].
[22:09:36] [Send Guild Member Info] No info returned from DB.
[22:09:42] [JoinServer] Add User (XCZBO) (ServerCode:0) (ServerGroup:1) (Index:12019) (IP:186.19.118.155) (HWID:5C58-F257-9696-1845-0130)
[22:09:42] [XCZBO] - no charactes
[22:09:42] [XCZBO] - characters: [][][][][]
[22:09:42] [XCZBO] - Account Data: [SU:1][RF:1][Expanded WH:0]
[22:09:57] [XCZBO] created character -> [XCZBO]
[22:09:59] [Friend List Request] Name[XCZBO].
[22:09:59] [Friend List Send] Name[XCZBO].
[22:09:59] [Friend List Send] Friend Count[0].
[22:09:59] [Mail List Request] Name[XCZBO].
[22:09:59] [Mail List Send] Name: [XCZBO].
[22:09:59] [Mail List Send] Mail Count: 0.
[22:10:00] [Guild Member Info Request] Member [XCZBO].
[22:10:00] [Send Guild Member Info] No info returned from DB.
[22:10:35] [JoinServer] Add User (forgoten) (ServerCode:0) (ServerGroup:1) (Index:12020) (IP:181.44.131.125) (HWID:1057-4E4B-5E3C-9DA1-2663)
[22:10:35] [forgoten] - no charactes
[22:10:35] [forgoten] - characters: [][][][][]
[22:10:35] [forgoten] - Account Data: [SU:1][RF:1][Expanded WH:0]
[22:11:07] [forgoten] created character -> [dios]
[22:11:09] [Friend List Request] Name[dios].
[22:11:09] [Friend List Send] Name[dios].
[22:11:09] [Friend List Send] Friend Count[0].
[22:11:09] [Mail List Request] Name[dios].
[22:11:09] [Mail List Send] Name: [dios].
[22:11:09] [Mail List Send] Mail Count: 0.
[22:11:09] [Guild Member Info Request] Member [dios].
[22:11:09] [Send Guild Member Info] No info returned from DB.
[22:20:18] [JoinServer] Delete User (forgoten)
[22:23:46] [fast] - characters: [Tomi][test][][][]
[22:23:46] [fast] - Account Data: [SU:1][RF:1][Expanded WH:1]
[22:23:50] [Friend List Request] Name[Tomi].
[22:23:50] [Friend List Send] Name[Tomi].
[22:23:50] [Friend List Send] Friend Count[0].
[22:23:50] [Mail List Request] Name[Tomi].
[22:23:50] [Mail List Send] Name: [Tomi].
[22:23:50] [Mail List Send] Mail Count: 0.
[22:23:50] [Gens System] [Tomi] Get Data from DB [I:0] [P:0] [C:0] [RANK:2]
[22:23:50] [Guild Member Info Request] Member [Tomi].
[22:23:50] [Send Guild Member Info] No info returned from DB.
[22:24:03] [JoinServer] Delete User (fast)
[22:24:23] [JoinServer] Add User (fast) (ServerCode:0) (ServerGroup:1) (Index:12021) (IP:186.182.173.58) (HWID:1051-4E4B-5E3C-9DA0-9357)
[22:24:23] [fast] - characters: [Tomi][test][][][]
[22:24:23] [fast] - Account Data: [SU:1][RF:1][Expanded WH:1]
[22:24:25] [Friend List Request] Name[Tomi].
[22:24:25] [Friend List Send] Name[Tomi].
[22:24:25] [Friend List Send] Friend Count[0].
[22:24:25] [Mail List Request] Name[Tomi].
[22:24:25] [Mail List Send] Name: [Tomi].
[22:24:25] [Mail List Send] Mail Count: 0.
[22:24:25] [Gens System] [Tomi] Get Data from DB [I:0] [P:0] [C:0] [RANK:2]
[22:24:25] [Guild Member Info Request] Member [Tomi].
[22:24:25] [Send Guild Member Info] No info returned from DB.
[22:24:54] [JoinServer] Delete User (fast)
[22:25:00] [JoinServer] Add User (fast) (ServerCode:0) (ServerGroup:1) (Index:12022) (IP:186.182.173.58) (HWID:1051-4E4B-5E3C-9DA0-9357)
[22:25:01] [fast] - characters: [Tomi][test][][][]
[22:25:01] [fast] - Account Data: [SU:1][RF:1][Expanded WH:1]
[22:25:02] [Friend List Request] Name[Tomi].
[22:25:02] [Friend List Send] Name[Tomi].
[22:25:02] [Friend List Send] Friend Count[0].
[22:25:02] [Mail List Request] Name[Tomi].
[22:25:02] [Mail List Send] Name: [Tomi].
[22:25:02] [Mail List Send] Mail Count: 0.
[22:25:02] [Gens System] [Tomi] Get Data from DB [I:0] [P:0] [C:0] [RANK:2]
[22:25:02] [Guild Member Info Request] Member [Tomi].
[22:25:02] [Send Guild Member Info] No info returned from DB.
[22:26:09] [JoinServer] Delete User (fast)
[22:26:19] [JoinServer] Add User (fast) (ServerCode:0) (ServerGroup:1) (Index:12023) (IP:186.182.173.58) (HWID:1051-4E4B-5E3C-9DA0-9357)
[22:26:19] [fast] - characters: [Tomi][test][][][]
[22:26:19] [fast] - Account Data: [SU:1][RF:1][Expanded WH:1]
[22:26:21] [Friend List Request] Name[Tomi].
[22:26:21] [Friend List Send] Name[Tomi].
[22:26:21] [Friend List Send] Friend Count[0].
[22:26:21] [Mail List Request] Name[Tomi].
[22:26:21] [Mail List Send] Name: [Tomi].
[22:26:21] [Mail List Send] Mail Count: 0.
[22:26:21] [Gens System] [Tomi] Get Data from DB [I:0] [P:0] [C:0] [RANK:2]
[22:26:21] [Guild Member Info Request] Member [Tomi].
[22:26:21] [Send Guild Member Info] No info returned from DB.
[22:27:55] [JoinServer] Delete User (fast)
[22:30:22] [JoinServer] Add User (fast) (ServerCode:0) (ServerGroup:1) (Index:12024) (IP:186.182.173.58) (HWID:1051-4E4B-5E3C-9DA0-9357)
[22:30:22] [fast] - characters: [Tomi][test][][][]
[22:30:22] [fast] - Account Data: [SU:1][RF:1][Expanded WH:1]
[22:30:24] [Friend List Request] Name[Tomi].
[22:30:24] [Friend List Send] Name[Tomi].
[22:30:24] [Friend List Send] Friend Count[0].
[22:30:24] [Mail List Request] Name[Tomi].
[22:30:24] [Mail List Send] Name: [Tomi].
[22:30:24] [Mail List Send] Mail Count: 0.
[22:30:24] [Gens System] [Tomi] Get Data from DB [I:0] [P:0] [C:0] [RANK:2]
[22:30:24] [Guild Member Info Request] Member [Tomi].
[22:30:24] [Send Guild Member Info] No info returned from DB.
[22:31:16] [fast] - characters: [Tomi][test][][][]
[22:31:16] [fast] - Account Data: [SU:1][RF:1][Expanded WH:1]
[22:32:23] [Friend List Request] Name[Tomi].
[22:32:23] [Friend List Send] Name[Tomi].
[22:32:23] [Friend List Send] Friend Count[0].
[22:32:23] [Mail List Request] Name[Tomi].
[22:32:23] [Mail List Send] Name: [Tomi].
[22:32:23] [Mail List Send] Mail Count: 0.
[22:32:23] [Gens System] [Tomi] Get Data from DB [I:0] [P:0] [C:0] [RANK:2]
[22:32:23] [Guild Member Info Request] Member [Tomi].
[22:32:23] [Send Guild Member Info] No info returned from DB.
[22:33:08] [fast] - characters: [Tomi][test][][][]
[22:33:08] [fast] - Account Data: [SU:1][RF:1][Expanded WH:1]
[22:33:10] [Friend List Request] Name[Tomi].
[22:33:10] [Friend List Send] Name[Tomi].
[22:33:10] [Friend List Send] Friend Count[0].
[22:33:10] [Mail List Request] Name[Tomi].
[22:33:10] [Mail List Send] Name: [Tomi].
[22:33:10] [Mail List Send] Mail Count: 0.
[22:33:10] [Gens System] [Tomi] Get Data from DB [I:0] [P:0] [C:0] [RANK:2]
[22:33:10] [Guild Member Info Request] Member [Tomi].
[22:33:10] [Send Guild Member Info] No info returned from DB.
[22:33:22] [fast] - characters: [Tomi][test][][][]
[22:33:22] [fast] - Account Data: [SU:1][RF:1][Expanded WH:1]
[22:33:25] [Friend List Request] Name[Tomi].
[22:33:25] [Friend List Send] Name[Tomi].
[22:33:25] [Friend List Send] Friend Count[0].
[22:33:25] [Mail List Request] Name[Tomi].
[22:33:25] [Mail List Send] Name: [Tomi].
[22:33:25] [Mail List Send] Mail Count: 0.
[22:33:25] [Gens System] [Tomi] Get Data from DB [I:0] [P:0] [C:0] [RANK:2]
[22:33:25] [Guild Member Info Request] Member [Tomi].
[22:33:25] [Send Guild Member Info] No info returned from DB.
