[23:02:00] [SERIAL CHECK] Performing Serial Checking due to Open/Close WareHouse - ACC:[XCZBO], NAME:[XCZBO],Open:[1], Close:[0], case:[1]
[23:02:00] [SERIAL CHECK] Warehouse Item Acc:[XCZBO],Name:[XCZBO],SR:[67],POS:[0],LVL:[0],ItemName:[Armor of Guardsman]
[23:02:00] [SERIAL CHECK] Warehouse Item Acc:[XCZBO],Name:[XCZBO],SR:[46],POS:[7],LVL:[3],ItemName:[Rena]
[23:02:00] [SERIAL CHECK] Warehouse Item Acc:[XCZBO],Name:[XCZBO],SR:[92],POS:[15],LVL:[0],ItemName:[Jewel of Life]
[23:02:00] [SERIAL CHECK] Warehouse Item Acc:[XCZBO],Name:[XCZBO],SR:[105],POS:[23],LVL:[1],ItemName:[Devil's Eye]
[23:02:00] [SERIAL CHECK] Warehouse Item Acc:[XCZBO],Name:[XCZBO],SR:[98],POS:[31],LVL:[3],ItemName:[Rena]
[23:02:00] [SERIAL CHECK] Warehouse Item Acc:[XCZBO],Name:[XCZBO],SR:[99],POS:[39],LVL:[1],ItemName:[Blood Bone]
[23:02:00] [SERIAL CHECK] Warehouse Item Acc:[XCZBO],Name:[XCZBO],SR:[104],POS:[55],LVL:[1],ItemName:[Blood Bone]
[23:02:00] [SERIAL CHECK] Warehouse Item List Complete Acc:[XCZBO],Name:[XCZBO], CNT:[7] NON-ZERO-CNT:[7]
[23:02:00] [SERIAL CHECK] Inventory Item Acc:[XCZBO],Name:[XCZBO],SR:[113],POS:[2],LVL:[2],ItemName:[Leather Helm]
[23:02:00] [SERIAL CHECK] Inventory Item Acc:[XCZBO],Name:[XCZBO],SR:[97],POS:[3],LVL:[1],ItemName:[Leather Armor]
[23:02:00] [SERIAL CHECK] Inventory Item Acc:[XCZBO],Name:[XCZBO],SR:[94],POS:[6],LVL:[3],ItemName:[Leather Boots]
[23:02:00] [SERIAL CHECK] Inventory Item Acc:[XCZBO],Name:[XCZBO],SR:[103],POS:[9],LVL:[0],ItemName:[Pendant of Fire]
[23:02:00] [SERIAL CHECK] Inventory Item Acc:[XCZBO],Name:[XCZBO],SR:[3012],POS:[16],LVL:[1],ItemName:[Blood Bone]
[23:02:00] [SERIAL CHECK] Inventory Item Acc:[XCZBO],Name:[XCZBO],SR:[3008],POS:[18],LVL:[3],ItemName:[Rena]
[23:02:00] [SERIAL CHECK] Inventory Item Acc:[XCZBO],Name:[XCZBO],SR:[3010],POS:[19],LVL:[1],ItemName:[Blood Bone]
[23:02:00] [SERIAL CHECK] Inventory Item List Complete Acc:[XCZBO],Name:[XCZBO], CNT:[12] NON-ZERO-CNT:[7]
[23:02:00] [SERIAL CHECK][RESULT] ~~~~~~~ SUCCESS ~~~~~~ ACC : [XCZBO], CharName :[XCZBO], Case : [1], IP :[186.19.118.155]
[23:02:09] [SERIAL CHECK] Performing Serial Checking due to Open/Close WareHouse - ACC:[XCZBO], NAME:[XCZBO],Open:[1], Close:[1], case:[2]
[23:02:09] [SERIAL CHECK] Warehouse Item Acc:[XCZBO],Name:[XCZBO],SR:[67],POS:[0],LVL:[0],ItemName:[Armor of Guardsman]
[23:02:09] [SERIAL CHECK] Warehouse Item Acc:[XCZBO],Name:[XCZBO],SR:[46],POS:[7],LVL:[3],ItemName:[Rena]
[23:02:09] [SERIAL CHECK] Warehouse Item Acc:[XCZBO],Name:[XCZBO],SR:[92],POS:[15],LVL:[0],ItemName:[Jewel of Life]
[23:02:09] [SERIAL CHECK] Warehouse Item Acc:[XCZBO],Name:[XCZBO],SR:[105],POS:[23],LVL:[1],ItemName:[Devil's Eye]
[23:02:09] [SERIAL CHECK] Warehouse Item Acc:[XCZBO],Name:[XCZBO],SR:[98],POS:[31],LVL:[3],ItemName:[Rena]
[23:02:09] [SERIAL CHECK] Warehouse Item Acc:[XCZBO],Name:[XCZBO],SR:[99],POS:[39],LVL:[1],ItemName:[Blood Bone]
[23:02:09] [SERIAL CHECK] Warehouse Item Acc:[XCZBO],Name:[XCZBO],SR:[104],POS:[55],LVL:[1],ItemName:[Blood Bone]
[23:02:09] [SERIAL CHECK] Warehouse Item Acc:[XCZBO],Name:[XCZBO],SR:[3012],POS:[71],LVL:[1],ItemName:[Blood Bone]
[23:02:09] [SERIAL CHECK] Warehouse Item Acc:[XCZBO],Name:[XCZBO],SR:[3010],POS:[87],LVL:[1],ItemName:[Blood Bone]
[23:02:09] [SERIAL CHECK] Warehouse Item Acc:[XCZBO],Name:[XCZBO],SR:[3008],POS:[119],LVL:[3],ItemName:[Rena]
[23:02:09] [SERIAL CHECK] Warehouse Item List Complete Acc:[XCZBO],Name:[XCZBO], CNT:[10] NON-ZERO-CNT:[10]
[23:02:09] [SERIAL CHECK] Inventory Item Acc:[XCZBO],Name:[XCZBO],SR:[113],POS:[2],LVL:[2],ItemName:[Leather Helm]
[23:02:09] [SERIAL CHECK] Inventory Item Acc:[XCZBO],Name:[XCZBO],SR:[97],POS:[3],LVL:[1],ItemName:[Leather Armor]
[23:02:09] [SERIAL CHECK] Inventory Item Acc:[XCZBO],Name:[XCZBO],SR:[94],POS:[6],LVL:[3],ItemName:[Leather Boots]
[23:02:09] [SERIAL CHECK] Inventory Item Acc:[XCZBO],Name:[XCZBO],SR:[103],POS:[9],LVL:[0],ItemName:[Pendant of Fire]
[23:02:09] [SERIAL CHECK] Inventory Item List Complete Acc:[XCZBO],Name:[XCZBO], CNT:[9] NON-ZERO-CNT:[4]
[23:02:09] [SERIAL CHECK][RESULT] ~~~~~~~ SUCCESS ~~~~~~ ACC : [XCZBO], CharName :[XCZBO], Case : [2], IP :[186.19.118.155]
[23:05:52] [SERIAL CHECK] Performing Serial Checking due to Open/Close WareHouse - ACC:[XCZBO], NAME:[XCZBO],Open:[2], Close:[1], case:[1]
[23:05:52] [SERIAL CHECK] Warehouse Item Acc:[XCZBO],Name:[XCZBO],SR:[67],POS:[0],LVL:[0],ItemName:[Armor of Guardsman]
[23:05:52] [SERIAL CHECK] Warehouse Item Acc:[XCZBO],Name:[XCZBO],SR:[46],POS:[7],LVL:[3],ItemName:[Rena]
[23:05:52] [SERIAL CHECK] Warehouse Item Acc:[XCZBO],Name:[XCZBO],SR:[92],POS:[15],LVL:[0],ItemName:[Jewel of Life]
[23:05:52] [SERIAL CHECK] Warehouse Item Acc:[XCZBO],Name:[XCZBO],SR:[105],POS:[23],LVL:[1],ItemName:[Devil's Eye]
[23:05:52] [SERIAL CHECK] Warehouse Item Acc:[XCZBO],Name:[XCZBO],SR:[98],POS:[31],LVL:[3],ItemName:[Rena]
[23:05:52] [SERIAL CHECK] Warehouse Item Acc:[XCZBO],Name:[XCZBO],SR:[99],POS:[39],LVL:[1],ItemName:[Blood Bone]
[23:05:52] [SERIAL CHECK] Warehouse Item Acc:[XCZBO],Name:[XCZBO],SR:[104],POS:[55],LVL:[1],ItemName:[Blood Bone]
[23:05:52] [SERIAL CHECK] Warehouse Item Acc:[XCZBO],Name:[XCZBO],SR:[3012],POS:[71],LVL:[1],ItemName:[Blood Bone]
[23:05:52] [SERIAL CHECK] Warehouse Item Acc:[XCZBO],Name:[XCZBO],SR:[3010],POS:[87],LVL:[1],ItemName:[Blood Bone]
[23:05:52] [SERIAL CHECK] Warehouse Item Acc:[XCZBO],Name:[XCZBO],SR:[3008],POS:[119],LVL:[3],ItemName:[Rena]
[23:05:52] [SERIAL CHECK] Warehouse Item List Complete Acc:[XCZBO],Name:[XCZBO], CNT:[10] NON-ZERO-CNT:[10]
[23:05:52] [SERIAL CHECK] Inventory Item Acc:[XCZBO],Name:[XCZBO],SR:[113],POS:[2],LVL:[2],ItemName:[Leather Helm]
[23:05:52] [SERIAL CHECK] Inventory Item Acc:[XCZBO],Name:[XCZBO],SR:[97],POS:[3],LVL:[1],ItemName:[Leather Armor]
[23:05:52] [SERIAL CHECK] Inventory Item Acc:[XCZBO],Name:[XCZBO],SR:[94],POS:[6],LVL:[3],ItemName:[Leather Boots]
[23:05:52] [SERIAL CHECK] Inventory Item Acc:[XCZBO],Name:[XCZBO],SR:[103],POS:[9],LVL:[0],ItemName:[Pendant of Fire]
[23:05:52] [SERIAL CHECK] Inventory Item Acc:[XCZBO],Name:[XCZBO],SR:[3026],POS:[15],LVL:[1],ItemName:[Scroll of Archangel]
[23:05:52] [SERIAL CHECK] Inventory Item Acc:[XCZBO],Name:[XCZBO],SR:[3027],POS:[16],LVL:[1],ItemName:[Devil's Key]
[23:05:52] [SERIAL CHECK] Inventory Item Acc:[XCZBO],Name:[XCZBO],SR:[3028],POS:[17],LVL:[0],ItemName:[Kris]
[23:05:52] [SERIAL CHECK] Inventory Item Acc:[XCZBO],Name:[XCZBO],SR:[3029],POS:[18],LVL:[0],ItemName:[Vine Boots]
[23:05:52] [SERIAL CHECK] Inventory Item Acc:[XCZBO],Name:[XCZBO],SR:[3031],POS:[21],LVL:[0],ItemName:[Hand Axe]
[23:05:52] [SERIAL CHECK] Inventory Item Acc:[XCZBO],Name:[XCZBO],SR:[3030],POS:[24],LVL:[1],ItemName:[Devil's Eye]
[23:05:52] [SERIAL CHECK] Inventory Item List Complete Acc:[XCZBO],Name:[XCZBO], CNT:[12] NON-ZERO-CNT:[10]
[23:05:52] [SERIAL CHECK][RESULT] ~~~~~~~ SUCCESS ~~~~~~ ACC : [XCZBO], CharName :[XCZBO], Case : [1], IP :[186.19.118.155]
[23:07:44] [SERIAL CHECK] Performing Serial Checking due to Open/Close WareHouse - ACC:[XCZBO], NAME:[XCZBO],Open:[1], Close:[0], case:[1]
[23:07:44] [SERIAL CHECK] Warehouse Item Acc:[XCZBO],Name:[XCZBO],SR:[67],POS:[0],LVL:[0],ItemName:[Armor of Guardsman]
[23:07:44] [SERIAL CHECK] Warehouse Item Acc:[XCZBO],Name:[XCZBO],SR:[46],POS:[7],LVL:[3],ItemName:[Rena]
[23:07:44] [SERIAL CHECK] Warehouse Item Acc:[XCZBO],Name:[XCZBO],SR:[92],POS:[15],LVL:[0],ItemName:[Jewel of Life]
[23:07:44] [SERIAL CHECK] Warehouse Item Acc:[XCZBO],Name:[XCZBO],SR:[105],POS:[23],LVL:[1],ItemName:[Devil's Eye]
[23:07:44] [SERIAL CHECK] Warehouse Item Acc:[XCZBO],Name:[XCZBO],SR:[98],POS:[31],LVL:[3],ItemName:[Rena]
[23:07:44] [SERIAL CHECK] Warehouse Item Acc:[XCZBO],Name:[XCZBO],SR:[99],POS:[39],LVL:[1],ItemName:[Blood Bone]
[23:07:44] [SERIAL CHECK] Warehouse Item Acc:[XCZBO],Name:[XCZBO],SR:[104],POS:[55],LVL:[1],ItemName:[Blood Bone]
[23:07:44] [SERIAL CHECK] Warehouse Item Acc:[XCZBO],Name:[XCZBO],SR:[3012],POS:[71],LVL:[1],ItemName:[Blood Bone]
[23:07:44] [SERIAL CHECK] Warehouse Item Acc:[XCZBO],Name:[XCZBO],SR:[3010],POS:[87],LVL:[1],ItemName:[Blood Bone]
[23:07:44] [SERIAL CHECK] Warehouse Item Acc:[XCZBO],Name:[XCZBO],SR:[3026],POS:[103],LVL:[1],ItemName:[Scroll of Archangel]
[23:07:44] [SERIAL CHECK] Warehouse Item Acc:[XCZBO],Name:[XCZBO],SR:[3008],POS:[119],LVL:[3],ItemName:[Rena]
[23:07:44] [SERIAL CHECK] Warehouse Item List Complete Acc:[XCZBO],Name:[XCZBO], CNT:[11] NON-ZERO-CNT:[11]
[23:07:44] [SERIAL CHECK] Inventory Item Acc:[XCZBO],Name:[XCZBO],SR:[113],POS:[2],LVL:[2],ItemName:[Leather Helm]
[23:07:44] [SERIAL CHECK] Inventory Item Acc:[XCZBO],Name:[XCZBO],SR:[97],POS:[3],LVL:[1],ItemName:[Leather Armor]
[23:07:44] [SERIAL CHECK] Inventory Item Acc:[XCZBO],Name:[XCZBO],SR:[94],POS:[6],LVL:[3],ItemName:[Leather Boots]
[23:07:44] [SERIAL CHECK] Inventory Item Acc:[XCZBO],Name:[XCZBO],SR:[103],POS:[9],LVL:[0],ItemName:[Pendant of Fire]
[23:07:44] [SERIAL CHECK] Inventory Item Acc:[XCZBO],Name:[XCZBO],SR:[3027],POS:[16],LVL:[1],ItemName:[Devil's Key]
[23:07:44] [SERIAL CHECK] Inventory Item Acc:[XCZBO],Name:[XCZBO],SR:[3028],POS:[17],LVL:[0],ItemName:[Kris]
[23:07:44] [SERIAL CHECK] Inventory Item Acc:[XCZBO],Name:[XCZBO],SR:[3029],POS:[18],LVL:[0],ItemName:[Vine Boots]
[23:07:44] [SERIAL CHECK] Inventory Item Acc:[XCZBO],Name:[XCZBO],SR:[3031],POS:[21],LVL:[0],ItemName:[Hand Axe]
[23:07:44] [SERIAL CHECK] Inventory Item Acc:[XCZBO],Name:[XCZBO],SR:[3030],POS:[24],LVL:[1],ItemName:[Devil's Eye]
[23:07:44] [SERIAL CHECK] Inventory Item List Complete Acc:[XCZBO],Name:[XCZBO], CNT:[11] NON-ZERO-CNT:[9]
[23:07:44] [SERIAL CHECK][RESULT] ~~~~~~~ SUCCESS ~~~~~~ ACC : [XCZBO], CharName :[XCZBO], Case : [1], IP :[186.19.118.155]
[23:31:25] [SERIAL CHECK] Performing Serial Checking due to Open/Close WareHouse - ACC:[fast], NAME:[Tomi],Open:[1], Close:[0], case:[1]
[23:31:25] [SERIAL CHECK] Warehouse Item Acc:[fast],Name:[Tomi],SR:[6030],POS:[19],LVL:[15],ItemName:[Wing of Storm]
[23:31:25] [SERIAL CHECK] Warehouse Item Acc:[fast],Name:[Tomi],SR:[6026],POS:[32],LVL:[15],ItemName:[Sword Breaker]
[23:31:25] [SERIAL CHECK] Warehouse Item Acc:[fast],Name:[Tomi],SR:[19],POS:[45],LVL:[1],ItemName:[Devil's Key]
[23:31:25] [SERIAL CHECK] Warehouse Item Acc:[fast],Name:[Tomi],SR:[6027],POS:[84],LVL:[15],ItemName:[Sword Breaker]
[23:31:25] [SERIAL CHECK] Warehouse Item Acc:[fast],Name:[Tomi],SR:[6029],POS:[90],LVL:[15],ItemName:[Sword Breaker]
[23:31:25] [SERIAL CHECK] Warehouse Item Acc:[fast],Name:[Tomi],SR:[6028],POS:[93],LVL:[15],ItemName:[Sword Breaker]
[23:31:25] [SERIAL CHECK] Warehouse Item List Complete Acc:[fast],Name:[Tomi], CNT:[6] NON-ZERO-CNT:[6]
[23:31:25] [SERIAL CHECK] Inventory Item Acc:[fast],Name:[Tomi],SR:[3004],POS:[10],LVL:[0],ItemName:[Ring of GM]
[23:31:25] [SERIAL CHECK] Inventory Item Acc:[fast],Name:[Tomi],SR:[6],POS:[12],LVL:[0],ItemName:[Apple]
[23:31:25] [SERIAL CHECK] Inventory Item Acc:[fast],Name:[Tomi],SR:[6019],POS:[13],LVL:[0],ItemName:[Jewel of Chaos]
[23:31:25] [SERIAL CHECK] Inventory Item Acc:[fast],Name:[Tomi],SR:[6020],POS:[14],LVL:[0],ItemName:[Jewel of Chaos]
[23:31:25] [SERIAL CHECK] Inventory Item Acc:[fast],Name:[Tomi],SR:[31],POS:[17],LVL:[0],ItemName:[Pad Boots]
[23:31:25] [SERIAL CHECK] Inventory Item Acc:[fast],Name:[Tomi],SR:[6021],POS:[22],LVL:[0],ItemName:[Jewel of Chaos]
[23:31:25] [SERIAL CHECK] Inventory Item Acc:[fast],Name:[Tomi],SR:[33],POS:[23],LVL:[0],ItemName:[Vine Gloves]
[23:31:25] [SERIAL CHECK] Inventory Item Acc:[fast],Name:[Tomi],SR:[6022],POS:[30],LVL:[0],ItemName:[Jewel of Chaos]
[23:31:25] [SERIAL CHECK] Inventory Item Acc:[fast],Name:[Tomi],SR:[6023],POS:[37],LVL:[0],ItemName:[Jewel of Chaos]
[23:31:25] [SERIAL CHECK] Inventory Item Acc:[fast],Name:[Tomi],SR:[32],POS:[40],LVL:[0],ItemName:[Transformation Ring]
[23:31:25] [SERIAL CHECK] Inventory Item Acc:[fast],Name:[Tomi],SR:[20],POS:[44],LVL:[0],ItemName:[Transformation Ring]
[23:31:25] [SERIAL CHECK] Inventory Item Acc:[fast],Name:[Tomi],SR:[6025],POS:[53],LVL:[0],ItemName:[Jewel of Chaos]
[23:31:25] [SERIAL CHECK] Inventory Item Acc:[fast],Name:[Tomi],SR:[3032],POS:[79],LVL:[8],ItemName:[Invisibility Cloak]
[23:31:25] [SERIAL CHECK] Inventory Item List Complete Acc:[fast],Name:[Tomi], CNT:[20] NON-ZERO-CNT:[13]
[23:31:25] [SERIAL CHECK][RESULT] ~~~~~~~ SUCCESS ~~~~~~ ACC : [fast], CharName :[Tomi], Case : [1], IP :[186.182.173.58]
[23:31:43] [SERIAL CHECK] Performing Serial Checking due to Open/Close WareHouse - ACC:[fast], NAME:[Tomi],Open:[1], Close:[1], case:[2]
[23:31:43] [SERIAL CHECK] Warehouse Item Acc:[fast],Name:[Tomi],SR:[6027],POS:[0],LVL:[15],ItemName:[Sword Breaker]
[23:31:43] [SERIAL CHECK] Warehouse Item Acc:[fast],Name:[Tomi],SR:[6030],POS:[19],LVL:[15],ItemName:[Wing of Storm]
[23:31:43] [SERIAL CHECK] Warehouse Item Acc:[fast],Name:[Tomi],SR:[6026],POS:[32],LVL:[15],ItemName:[Sword Breaker]
[23:31:43] [SERIAL CHECK] Warehouse Item Acc:[fast],Name:[Tomi],SR:[19],POS:[45],LVL:[1],ItemName:[Devil's Key]
[23:31:43] [SERIAL CHECK] Warehouse Item Acc:[fast],Name:[Tomi],SR:[6029],POS:[93],LVL:[15],ItemName:[Sword Breaker]
[23:31:43] [SERIAL CHECK] Warehouse Item Acc:[fast],Name:[Tomi],SR:[6028],POS:[94],LVL:[15],ItemName:[Sword Breaker]
[23:31:43] [SERIAL CHECK] Warehouse Item List Complete Acc:[fast],Name:[Tomi], CNT:[7] NON-ZERO-CNT:[6]
[23:31:43] [SERIAL CHECK] Inventory Item Acc:[fast],Name:[Tomi],SR:[3004],POS:[10],LVL:[0],ItemName:[Ring of GM]
[23:31:43] [SERIAL CHECK] Inventory Item Acc:[fast],Name:[Tomi],SR:[6],POS:[12],LVL:[0],ItemName:[Apple]
[23:31:43] [SERIAL CHECK] Inventory Item Acc:[fast],Name:[Tomi],SR:[6019],POS:[13],LVL:[0],ItemName:[Jewel of Chaos]
[23:31:43] [SERIAL CHECK] Inventory Item Acc:[fast],Name:[Tomi],SR:[6020],POS:[14],LVL:[0],ItemName:[Jewel of Chaos]
[23:31:43] [SERIAL CHECK] Inventory Item Acc:[fast],Name:[Tomi],SR:[31],POS:[17],LVL:[0],ItemName:[Pad Boots]
[23:31:43] [SERIAL CHECK] Inventory Item Acc:[fast],Name:[Tomi],SR:[6021],POS:[22],LVL:[0],ItemName:[Jewel of Chaos]
[23:31:43] [SERIAL CHECK] Inventory Item Acc:[fast],Name:[Tomi],SR:[33],POS:[23],LVL:[0],ItemName:[Vine Gloves]
[23:31:43] [SERIAL CHECK] Inventory Item Acc:[fast],Name:[Tomi],SR:[6022],POS:[30],LVL:[0],ItemName:[Jewel of Chaos]
[23:31:43] [SERIAL CHECK] Inventory Item Acc:[fast],Name:[Tomi],SR:[6023],POS:[37],LVL:[0],ItemName:[Jewel of Chaos]
[23:31:43] [SERIAL CHECK] Inventory Item Acc:[fast],Name:[Tomi],SR:[32],POS:[40],LVL:[0],ItemName:[Transformation Ring]
[23:31:43] [SERIAL CHECK] Inventory Item Acc:[fast],Name:[Tomi],SR:[20],POS:[44],LVL:[0],ItemName:[Transformation Ring]
[23:31:43] [SERIAL CHECK] Inventory Item Acc:[fast],Name:[Tomi],SR:[6025],POS:[53],LVL:[0],ItemName:[Jewel of Chaos]
[23:31:43] [SERIAL CHECK] Inventory Item Acc:[fast],Name:[Tomi],SR:[3032],POS:[79],LVL:[8],ItemName:[Invisibility Cloak]
[23:31:43] [SERIAL CHECK] Inventory Item List Complete Acc:[fast],Name:[Tomi], CNT:[19] NON-ZERO-CNT:[13]
[23:31:43] [SERIAL CHECK][RESULT] ~~~~~~~ SUCCESS ~~~~~~ ACC : [fast], CharName :[Tomi], Case : [2], IP :[186.182.173.58]
[23:32:10] [SERIAL CHECK] Performing Serial Checking due to Open/Close WareHouse - ACC:[fast], NAME:[Tomi],Open:[1], Close:[0], case:[1]
[23:32:10] [SERIAL CHECK] Warehouse Item Acc:[fast],Name:[Tomi],SR:[6027],POS:[0],LVL:[15],ItemName:[Sword Breaker]
[23:32:10] [SERIAL CHECK] Warehouse Item Acc:[fast],Name:[Tomi],SR:[6030],POS:[19],LVL:[15],ItemName:[Wing of Storm]
[23:32:10] [SERIAL CHECK] Warehouse Item Acc:[fast],Name:[Tomi],SR:[6026],POS:[32],LVL:[15],ItemName:[Sword Breaker]
[23:32:10] [SERIAL CHECK] Warehouse Item Acc:[fast],Name:[Tomi],SR:[19],POS:[45],LVL:[1],ItemName:[Devil's Key]
[23:32:10] [SERIAL CHECK] Warehouse Item Acc:[fast],Name:[Tomi],SR:[6029],POS:[93],LVL:[15],ItemName:[Sword Breaker]
[23:32:10] [SERIAL CHECK] Warehouse Item Acc:[fast],Name:[Tomi],SR:[6028],POS:[94],LVL:[15],ItemName:[Sword Breaker]
[23:32:10] [SERIAL CHECK] Warehouse Item List Complete Acc:[fast],Name:[Tomi], CNT:[7] NON-ZERO-CNT:[6]
[23:32:10] [SERIAL CHECK] Inventory Item Acc:[fast],Name:[Tomi],SR:[3004],POS:[10],LVL:[0],ItemName:[Ring of GM]
[23:32:10] [SERIAL CHECK] Inventory Item Acc:[fast],Name:[Tomi],SR:[6],POS:[12],LVL:[0],ItemName:[Apple]
[23:32:10] [SERIAL CHECK] Inventory Item Acc:[fast],Name:[Tomi],SR:[6019],POS:[13],LVL:[0],ItemName:[Jewel of Chaos]
[23:32:10] [SERIAL CHECK] Inventory Item Acc:[fast],Name:[Tomi],SR:[6020],POS:[14],LVL:[0],ItemName:[Jewel of Chaos]
[23:32:10] [SERIAL CHECK] Inventory Item Acc:[fast],Name:[Tomi],SR:[31],POS:[17],LVL:[0],ItemName:[Pad Boots]
[23:32:10] [SERIAL CHECK] Inventory Item Acc:[fast],Name:[Tomi],SR:[6021],POS:[22],LVL:[0],ItemName:[Jewel of Chaos]
[23:32:10] [SERIAL CHECK] Inventory Item Acc:[fast],Name:[Tomi],SR:[33],POS:[23],LVL:[0],ItemName:[Vine Gloves]
[23:32:10] [SERIAL CHECK] Inventory Item Acc:[fast],Name:[Tomi],SR:[6022],POS:[30],LVL:[0],ItemName:[Jewel of Chaos]
[23:32:10] [SERIAL CHECK] Inventory Item Acc:[fast],Name:[Tomi],SR:[6023],POS:[37],LVL:[0],ItemName:[Jewel of Chaos]
[23:32:10] [SERIAL CHECK] Inventory Item Acc:[fast],Name:[Tomi],SR:[32],POS:[40],LVL:[0],ItemName:[Transformation Ring]
[23:32:10] [SERIAL CHECK] Inventory Item Acc:[fast],Name:[Tomi],SR:[20],POS:[44],LVL:[0],ItemName:[Transformation Ring]
[23:32:10] [SERIAL CHECK] Inventory Item Acc:[fast],Name:[Tomi],SR:[6025],POS:[53],LVL:[0],ItemName:[Jewel of Chaos]
[23:32:10] [SERIAL CHECK] Inventory Item Acc:[fast],Name:[Tomi],SR:[3032],POS:[79],LVL:[8],ItemName:[Invisibility Cloak]
[23:32:10] [SERIAL CHECK] Inventory Item List Complete Acc:[fast],Name:[Tomi], CNT:[19] NON-ZERO-CNT:[13]
[23:32:10] [SERIAL CHECK][RESULT] ~~~~~~~ SUCCESS ~~~~~~ ACC : [fast], CharName :[Tomi], Case : [1], IP :[186.182.173.58]
[23:32:16] [SERIAL CHECK] Performing Serial Checking due to Open/Close WareHouse - ACC:[fast], NAME:[Tomi],Open:[1], Close:[1], case:[2]
[23:32:16] [SERIAL CHECK] Warehouse Item Acc:[fast],Name:[Tomi],SR:[19],POS:[45],LVL:[1],ItemName:[Devil's Key]
[23:32:16] [SERIAL CHECK] Warehouse Item Acc:[fast],Name:[Tomi],SR:[6029],POS:[93],LVL:[15],ItemName:[Sword Breaker]
[23:32:16] [SERIAL CHECK] Warehouse Item Acc:[fast],Name:[Tomi],SR:[6028],POS:[94],LVL:[15],ItemName:[Sword Breaker]
[23:32:16] [SERIAL CHECK] Warehouse Item List Complete Acc:[fast],Name:[Tomi], CNT:[4] NON-ZERO-CNT:[3]
[23:32:16] [SERIAL CHECK] Inventory Item Acc:[fast],Name:[Tomi],SR:[6027],POS:[0],LVL:[15],ItemName:[Sword Breaker]
[23:32:16] [SERIAL CHECK] Inventory Item Acc:[fast],Name:[Tomi],SR:[6026],POS:[1],LVL:[15],ItemName:[Sword Breaker]
[23:32:16] [SERIAL CHECK] Inventory Item Acc:[fast],Name:[Tomi],SR:[6030],POS:[7],LVL:[15],ItemName:[Wing of Storm]
[23:32:16] [SERIAL CHECK] Inventory Item Acc:[fast],Name:[Tomi],SR:[3004],POS:[10],LVL:[0],ItemName:[Ring of GM]
[23:32:16] [SERIAL CHECK] Inventory Item Acc:[fast],Name:[Tomi],SR:[6],POS:[12],LVL:[0],ItemName:[Apple]
[23:32:16] [SERIAL CHECK] Inventory Item Acc:[fast],Name:[Tomi],SR:[6019],POS:[13],LVL:[0],ItemName:[Jewel of Chaos]
[23:32:16] [SERIAL CHECK] Inventory Item Acc:[fast],Name:[Tomi],SR:[6020],POS:[14],LVL:[0],ItemName:[Jewel of Chaos]
[23:32:16] [SERIAL CHECK] Inventory Item Acc:[fast],Name:[Tomi],SR:[31],POS:[17],LVL:[0],ItemName:[Pad Boots]
[23:32:16] [SERIAL CHECK] Inventory Item Acc:[fast],Name:[Tomi],SR:[6021],POS:[22],LVL:[0],ItemName:[Jewel of Chaos]
[23:32:16] [SERIAL CHECK] Inventory Item Acc:[fast],Name:[Tomi],SR:[33],POS:[23],LVL:[0],ItemName:[Vine Gloves]
[23:32:16] [SERIAL CHECK] Inventory Item Acc:[fast],Name:[Tomi],SR:[6022],POS:[30],LVL:[0],ItemName:[Jewel of Chaos]
[23:32:16] [SERIAL CHECK] Inventory Item Acc:[fast],Name:[Tomi],SR:[6023],POS:[37],LVL:[0],ItemName:[Jewel of Chaos]
[23:32:16] [SERIAL CHECK] Inventory Item Acc:[fast],Name:[Tomi],SR:[32],POS:[40],LVL:[0],ItemName:[Transformation Ring]
[23:32:16] [SERIAL CHECK] Inventory Item Acc:[fast],Name:[Tomi],SR:[20],POS:[44],LVL:[0],ItemName:[Transformation Ring]
[23:32:16] [SERIAL CHECK] Inventory Item Acc:[fast],Name:[Tomi],SR:[6025],POS:[53],LVL:[0],ItemName:[Jewel of Chaos]
[23:32:16] [SERIAL CHECK] Inventory Item Acc:[fast],Name:[Tomi],SR:[3032],POS:[79],LVL:[8],ItemName:[Invisibility Cloak]
[23:32:16] [SERIAL CHECK] Inventory Item List Complete Acc:[fast],Name:[Tomi], CNT:[22] NON-ZERO-CNT:[16]
[23:32:16] [SERIAL CHECK][RESULT] ~~~~~~~ SUCCESS ~~~~~~ ACC : [fast], CharName :[Tomi], Case : [2], IP :[186.182.173.58]
[23:33:22] [SERIAL CHECK] Performing Serial Checking due to Open/Close WareHouse - ACC:[fast], NAME:[Tomi],Open:[2], Close:[1], case:[1]
[23:33:22] [SERIAL CHECK] Warehouse Item Acc:[fast],Name:[Tomi],SR:[19],POS:[45],LVL:[1],ItemName:[Devil's Key]
[23:33:22] [SERIAL CHECK] Warehouse Item Acc:[fast],Name:[Tomi],SR:[6029],POS:[93],LVL:[15],ItemName:[Sword Breaker]
[23:33:22] [SERIAL CHECK] Warehouse Item Acc:[fast],Name:[Tomi],SR:[6028],POS:[94],LVL:[15],ItemName:[Sword Breaker]
[23:33:22] [SERIAL CHECK] Warehouse Item List Complete Acc:[fast],Name:[Tomi], CNT:[4] NON-ZERO-CNT:[3]
[23:33:22] [SERIAL CHECK] Inventory Item Acc:[fast],Name:[Tomi],SR:[6027],POS:[0],LVL:[15],ItemName:[Sword Breaker]
[23:33:22] [SERIAL CHECK] Inventory Item Acc:[fast],Name:[Tomi],SR:[6026],POS:[1],LVL:[15],ItemName:[Sword Breaker]
[23:33:22] [SERIAL CHECK] Inventory Item Acc:[fast],Name:[Tomi],SR:[6030],POS:[7],LVL:[15],ItemName:[Wing of Storm]
[23:33:22] [SERIAL CHECK] Inventory Item Acc:[fast],Name:[Tomi],SR:[3004],POS:[10],LVL:[0],ItemName:[Ring of GM]
[23:33:22] [SERIAL CHECK] Inventory Item Acc:[fast],Name:[Tomi],SR:[6019],POS:[13],LVL:[0],ItemName:[Jewel of Chaos]
[23:33:22] [SERIAL CHECK] Inventory Item Acc:[fast],Name:[Tomi],SR:[6020],POS:[14],LVL:[0],ItemName:[Jewel of Chaos]
[23:33:22] [SERIAL CHECK] Inventory Item Acc:[fast],Name:[Tomi],SR:[31],POS:[17],LVL:[0],ItemName:[Pad Boots]
[23:33:22] [SERIAL CHECK] Inventory Item Acc:[fast],Name:[Tomi],SR:[6021],POS:[22],LVL:[0],ItemName:[Jewel of Chaos]
[23:33:22] [SERIAL CHECK] Inventory Item Acc:[fast],Name:[Tomi],SR:[33],POS:[23],LVL:[0],ItemName:[Vine Gloves]
[23:33:22] [SERIAL CHECK] Inventory Item Acc:[fast],Name:[Tomi],SR:[6022],POS:[30],LVL:[0],ItemName:[Jewel of Chaos]
[23:33:22] [SERIAL CHECK] Inventory Item Acc:[fast],Name:[Tomi],SR:[6023],POS:[37],LVL:[0],ItemName:[Jewel of Chaos]
[23:33:22] [SERIAL CHECK] Inventory Item Acc:[fast],Name:[Tomi],SR:[32],POS:[40],LVL:[0],ItemName:[Transformation Ring]
[23:33:22] [SERIAL CHECK] Inventory Item Acc:[fast],Name:[Tomi],SR:[20],POS:[44],LVL:[0],ItemName:[Transformation Ring]
[23:33:22] [SERIAL CHECK] Inventory Item Acc:[fast],Name:[Tomi],SR:[6025],POS:[53],LVL:[0],ItemName:[Jewel of Chaos]
[23:33:22] [SERIAL CHECK] Inventory Item Acc:[fast],Name:[Tomi],SR:[3032],POS:[79],LVL:[8],ItemName:[Invisibility Cloak]
[23:33:22] [SERIAL CHECK] Inventory Item List Complete Acc:[fast],Name:[Tomi], CNT:[44] NON-ZERO-CNT:[15]
[23:33:22] [SERIAL CHECK][RESULT] ~~~~~~~ SUCCESS ~~~~~~ ACC : [fast], CharName :[Tomi], Case : [1], IP :[186.182.173.58]
[23:34:37] [SERIAL CHECK] Performing Serial Checking due to Open/Close WareHouse - ACC:[XCZBO], NAME:[XCZBO],Open:[1], Close:[0], case:[1]
[23:34:37] [SERIAL CHECK] Warehouse Item Acc:[XCZBO],Name:[XCZBO],SR:[67],POS:[0],LVL:[0],ItemName:[Armor of Guardsman]
[23:34:37] [SERIAL CHECK] Warehouse Item Acc:[XCZBO],Name:[XCZBO],SR:[46],POS:[7],LVL:[3],ItemName:[Rena]
[23:34:37] [SERIAL CHECK] Warehouse Item Acc:[XCZBO],Name:[XCZBO],SR:[92],POS:[15],LVL:[0],ItemName:[Jewel of Life]
[23:34:37] [SERIAL CHECK] Warehouse Item Acc:[XCZBO],Name:[XCZBO],SR:[105],POS:[23],LVL:[1],ItemName:[Devil's Eye]
[23:34:37] [SERIAL CHECK] Warehouse Item Acc:[XCZBO],Name:[XCZBO],SR:[98],POS:[31],LVL:[3],ItemName:[Rena]
[23:34:37] [SERIAL CHECK] Warehouse Item Acc:[XCZBO],Name:[XCZBO],SR:[99],POS:[39],LVL:[1],ItemName:[Blood Bone]
[23:34:37] [SERIAL CHECK] Warehouse Item Acc:[XCZBO],Name:[XCZBO],SR:[104],POS:[55],LVL:[1],ItemName:[Blood Bone]
[23:34:37] [SERIAL CHECK] Warehouse Item Acc:[XCZBO],Name:[XCZBO],SR:[3012],POS:[71],LVL:[1],ItemName:[Blood Bone]
[23:34:37] [SERIAL CHECK] Warehouse Item Acc:[XCZBO],Name:[XCZBO],SR:[3010],POS:[87],LVL:[1],ItemName:[Blood Bone]
[23:34:37] [SERIAL CHECK] Warehouse Item Acc:[XCZBO],Name:[XCZBO],SR:[3026],POS:[103],LVL:[1],ItemName:[Scroll of Archangel]
[23:34:37] [SERIAL CHECK] Warehouse Item Acc:[XCZBO],Name:[XCZBO],SR:[3008],POS:[119],LVL:[3],ItemName:[Rena]
[23:34:37] [SERIAL CHECK] Warehouse Item List Complete Acc:[XCZBO],Name:[XCZBO], CNT:[11] NON-ZERO-CNT:[11]
[23:34:37] [SERIAL CHECK] Inventory Item Acc:[XCZBO],Name:[XCZBO],SR:[113],POS:[2],LVL:[2],ItemName:[Leather Helm]
[23:34:37] [SERIAL CHECK] Inventory Item Acc:[XCZBO],Name:[XCZBO],SR:[97],POS:[3],LVL:[1],ItemName:[Leather Armor]
[23:34:37] [SERIAL CHECK] Inventory Item Acc:[XCZBO],Name:[XCZBO],SR:[94],POS:[6],LVL:[3],ItemName:[Leather Boots]
[23:34:37] [SERIAL CHECK] Inventory Item Acc:[XCZBO],Name:[XCZBO],SR:[103],POS:[9],LVL:[0],ItemName:[Pendant of Fire]
[23:34:37] [SERIAL CHECK] Inventory Item Acc:[XCZBO],Name:[XCZBO],SR:[3027],POS:[16],LVL:[1],ItemName:[Devil's Key]
[23:34:37] [SERIAL CHECK] Inventory Item Acc:[XCZBO],Name:[XCZBO],SR:[3028],POS:[17],LVL:[0],ItemName:[Kris]
[23:34:37] [SERIAL CHECK] Inventory Item Acc:[XCZBO],Name:[XCZBO],SR:[3029],POS:[18],LVL:[0],ItemName:[Vine Boots]
[23:34:37] [SERIAL CHECK] Inventory Item Acc:[XCZBO],Name:[XCZBO],SR:[3031],POS:[21],LVL:[0],ItemName:[Hand Axe]
[23:34:37] [SERIAL CHECK] Inventory Item Acc:[XCZBO],Name:[XCZBO],SR:[3030],POS:[24],LVL:[1],ItemName:[Devil's Eye]
[23:34:37] [SERIAL CHECK] Inventory Item List Complete Acc:[XCZBO],Name:[XCZBO], CNT:[11] NON-ZERO-CNT:[9]
[23:34:37] [SERIAL CHECK][RESULT] ~~~~~~~ SUCCESS ~~~~~~ ACC : [XCZBO], CharName :[XCZBO], Case : [1], IP :[186.19.118.155]
[23:34:50] [SERIAL CHECK] Performing Serial Checking due to Open/Close WareHouse - ACC:[XCZBO], NAME:[XCZBO],Open:[1], Close:[1], case:[2]
[23:34:50] [SERIAL CHECK] Warehouse Item Acc:[XCZBO],Name:[XCZBO],SR:[67],POS:[0],LVL:[0],ItemName:[Armor of Guardsman]
[23:34:50] [SERIAL CHECK] Warehouse Item Acc:[XCZBO],Name:[XCZBO],SR:[3030],POS:[2],LVL:[1],ItemName:[Devil's Eye]
[23:34:50] [SERIAL CHECK] Warehouse Item Acc:[XCZBO],Name:[XCZBO],SR:[3027],POS:[3],LVL:[1],ItemName:[Devil's Key]
[23:34:50] [SERIAL CHECK] Warehouse Item Acc:[XCZBO],Name:[XCZBO],SR:[46],POS:[7],LVL:[3],ItemName:[Rena]
[23:34:50] [SERIAL CHECK] Warehouse Item Acc:[XCZBO],Name:[XCZBO],SR:[92],POS:[15],LVL:[0],ItemName:[Jewel of Life]
[23:34:50] [SERIAL CHECK] Warehouse Item Acc:[XCZBO],Name:[XCZBO],SR:[105],POS:[23],LVL:[1],ItemName:[Devil's Eye]
[23:34:50] [SERIAL CHECK] Warehouse Item Acc:[XCZBO],Name:[XCZBO],SR:[98],POS:[31],LVL:[3],ItemName:[Rena]
[23:34:50] [SERIAL CHECK] Warehouse Item Acc:[XCZBO],Name:[XCZBO],SR:[99],POS:[39],LVL:[1],ItemName:[Blood Bone]
[23:34:50] [SERIAL CHECK] Warehouse Item Acc:[XCZBO],Name:[XCZBO],SR:[104],POS:[55],LVL:[1],ItemName:[Blood Bone]
[23:34:50] [SERIAL CHECK] Warehouse Item Acc:[XCZBO],Name:[XCZBO],SR:[3012],POS:[71],LVL:[1],ItemName:[Blood Bone]
[23:34:50] [SERIAL CHECK] Warehouse Item Acc:[XCZBO],Name:[XCZBO],SR:[3010],POS:[87],LVL:[1],ItemName:[Blood Bone]
[23:34:50] [SERIAL CHECK] Warehouse Item Acc:[XCZBO],Name:[XCZBO],SR:[3026],POS:[103],LVL:[1],ItemName:[Scroll of Archangel]
[23:34:50] [SERIAL CHECK] Warehouse Item Acc:[XCZBO],Name:[XCZBO],SR:[3008],POS:[119],LVL:[3],ItemName:[Rena]
[23:34:50] [SERIAL CHECK] Warehouse Item List Complete Acc:[XCZBO],Name:[XCZBO], CNT:[13] NON-ZERO-CNT:[13]
[23:34:50] [SERIAL CHECK] Inventory Item Acc:[XCZBO],Name:[XCZBO],SR:[113],POS:[2],LVL:[2],ItemName:[Leather Helm]
[23:34:50] [SERIAL CHECK] Inventory Item Acc:[XCZBO],Name:[XCZBO],SR:[97],POS:[3],LVL:[1],ItemName:[Leather Armor]
[23:34:50] [SERIAL CHECK] Inventory Item Acc:[XCZBO],Name:[XCZBO],SR:[94],POS:[6],LVL:[3],ItemName:[Leather Boots]
[23:34:50] [SERIAL CHECK] Inventory Item Acc:[XCZBO],Name:[XCZBO],SR:[103],POS:[9],LVL:[0],ItemName:[Pendant of Fire]
[23:34:50] [SERIAL CHECK] Inventory Item Acc:[XCZBO],Name:[XCZBO],SR:[3028],POS:[17],LVL:[0],ItemName:[Kris]
[23:34:50] [SERIAL CHECK] Inventory Item Acc:[XCZBO],Name:[XCZBO],SR:[3029],POS:[18],LVL:[0],ItemName:[Vine Boots]
[23:34:50] [SERIAL CHECK] Inventory Item Acc:[XCZBO],Name:[XCZBO],SR:[3031],POS:[21],LVL:[0],ItemName:[Hand Axe]
[23:34:50] [SERIAL CHECK] Inventory Item List Complete Acc:[XCZBO],Name:[XCZBO], CNT:[9] NON-ZERO-CNT:[7]
[23:34:50] [SERIAL CHECK][RESULT] ~~~~~~~ SUCCESS ~~~~~~ ACC : [XCZBO], CharName :[XCZBO], Case : [2], IP :[186.19.118.155]
[23:48:56] [SERIAL CHECK] Performing Serial Checking due to Open/Close WareHouse - ACC:[XCZBO], NAME:[XCZBO],Open:[1], Close:[0], case:[1]
[23:48:56] [SERIAL CHECK] Warehouse Item Acc:[XCZBO],Name:[XCZBO],SR:[67],POS:[0],LVL:[0],ItemName:[Armor of Guardsman]
[23:48:56] [SERIAL CHECK] Warehouse Item Acc:[XCZBO],Name:[XCZBO],SR:[3030],POS:[2],LVL:[1],ItemName:[Devil's Eye]
[23:48:56] [SERIAL CHECK] Warehouse Item Acc:[XCZBO],Name:[XCZBO],SR:[3027],POS:[3],LVL:[1],ItemName:[Devil's Key]
[23:48:56] [SERIAL CHECK] Warehouse Item Acc:[XCZBO],Name:[XCZBO],SR:[46],POS:[7],LVL:[3],ItemName:[Rena]
[23:48:56] [SERIAL CHECK] Warehouse Item Acc:[XCZBO],Name:[XCZBO],SR:[92],POS:[15],LVL:[0],ItemName:[Jewel of Life]
[23:48:56] [SERIAL CHECK] Warehouse Item Acc:[XCZBO],Name:[XCZBO],SR:[105],POS:[23],LVL:[1],ItemName:[Devil's Eye]
[23:48:56] [SERIAL CHECK] Warehouse Item Acc:[XCZBO],Name:[XCZBO],SR:[98],POS:[31],LVL:[3],ItemName:[Rena]
[23:48:56] [SERIAL CHECK] Warehouse Item Acc:[XCZBO],Name:[XCZBO],SR:[99],POS:[39],LVL:[1],ItemName:[Blood Bone]
[23:48:56] [SERIAL CHECK] Warehouse Item Acc:[XCZBO],Name:[XCZBO],SR:[104],POS:[55],LVL:[1],ItemName:[Blood Bone]
[23:48:56] [SERIAL CHECK] Warehouse Item Acc:[XCZBO],Name:[XCZBO],SR:[3012],POS:[71],LVL:[1],ItemName:[Blood Bone]
[23:48:56] [SERIAL CHECK] Warehouse Item Acc:[XCZBO],Name:[XCZBO],SR:[3010],POS:[87],LVL:[1],ItemName:[Blood Bone]
[23:48:56] [SERIAL CHECK] Warehouse Item Acc:[XCZBO],Name:[XCZBO],SR:[3026],POS:[103],LVL:[1],ItemName:[Scroll of Archangel]
[23:48:56] [SERIAL CHECK] Warehouse Item Acc:[XCZBO],Name:[XCZBO],SR:[3008],POS:[119],LVL:[3],ItemName:[Rena]
[23:48:56] [SERIAL CHECK] Warehouse Item List Complete Acc:[XCZBO],Name:[XCZBO], CNT:[13] NON-ZERO-CNT:[13]
[23:48:56] [SERIAL CHECK] Inventory Item Acc:[XCZBO],Name:[XCZBO],SR:[113],POS:[2],LVL:[2],ItemName:[Leather Helm]
[23:48:56] [SERIAL CHECK] Inventory Item Acc:[XCZBO],Name:[XCZBO],SR:[97],POS:[3],LVL:[1],ItemName:[Leather Armor]
[23:48:56] [SERIAL CHECK] Inventory Item Acc:[XCZBO],Name:[XCZBO],SR:[94],POS:[6],LVL:[3],ItemName:[Leather Boots]
[23:48:56] [SERIAL CHECK] Inventory Item Acc:[XCZBO],Name:[XCZBO],SR:[103],POS:[9],LVL:[0],ItemName:[Pendant of Fire]
[23:48:56] [SERIAL CHECK] Inventory Item Acc:[XCZBO],Name:[XCZBO],SR:[3035],POS:[16],LVL:[3],ItemName:[Rena]
[23:48:56] [SERIAL CHECK] Inventory Item Acc:[XCZBO],Name:[XCZBO],SR:[3036],POS:[17],LVL:[1],ItemName:[Devil's Key]
[23:48:56] [SERIAL CHECK] Inventory Item Acc:[XCZBO],Name:[XCZBO],SR:[3051],POS:[61],LVL:[1],ItemName:[Blood Bone]
[23:48:56] [SERIAL CHECK] Inventory Item List Complete Acc:[XCZBO],Name:[XCZBO], CNT:[8] NON-ZERO-CNT:[7]
[23:48:56] [SERIAL CHECK][RESULT] ~~~~~~~ SUCCESS ~~~~~~ ACC : [XCZBO], CharName :[XCZBO], Case : [1], IP :[186.19.118.155]
[23:49:03] [SERIAL CHECK] Performing Serial Checking due to Open/Close WareHouse - ACC:[XCZBO], NAME:[XCZBO],Open:[1], Close:[1], case:[2]
[23:49:03] [SERIAL CHECK] Warehouse Item Acc:[XCZBO],Name:[XCZBO],SR:[67],POS:[0],LVL:[0],ItemName:[Armor of Guardsman]
[23:49:03] [SERIAL CHECK] Warehouse Item Acc:[XCZBO],Name:[XCZBO],SR:[3030],POS:[2],LVL:[1],ItemName:[Devil's Eye]
[23:49:03] [SERIAL CHECK] Warehouse Item Acc:[XCZBO],Name:[XCZBO],SR:[3027],POS:[3],LVL:[1],ItemName:[Devil's Key]
[23:49:03] [SERIAL CHECK] Warehouse Item Acc:[XCZBO],Name:[XCZBO],SR:[3035],POS:[4],LVL:[3],ItemName:[Rena]
[23:49:03] [SERIAL CHECK] Warehouse Item Acc:[XCZBO],Name:[XCZBO],SR:[3036],POS:[5],LVL:[1],ItemName:[Devil's Key]
[23:49:03] [SERIAL CHECK] Warehouse Item Acc:[XCZBO],Name:[XCZBO],SR:[3051],POS:[6],LVL:[1],ItemName:[Blood Bone]
[23:49:03] [SERIAL CHECK] Warehouse Item Acc:[XCZBO],Name:[XCZBO],SR:[46],POS:[7],LVL:[3],ItemName:[Rena]
[23:49:03] [SERIAL CHECK] Warehouse Item Acc:[XCZBO],Name:[XCZBO],SR:[92],POS:[15],LVL:[0],ItemName:[Jewel of Life]
[23:49:03] [SERIAL CHECK] Warehouse Item Acc:[XCZBO],Name:[XCZBO],SR:[105],POS:[23],LVL:[1],ItemName:[Devil's Eye]
[23:49:03] [SERIAL CHECK] Warehouse Item Acc:[XCZBO],Name:[XCZBO],SR:[98],POS:[31],LVL:[3],ItemName:[Rena]
[23:49:03] [SERIAL CHECK] Warehouse Item Acc:[XCZBO],Name:[XCZBO],SR:[99],POS:[39],LVL:[1],ItemName:[Blood Bone]
[23:49:03] [SERIAL CHECK] Warehouse Item Acc:[XCZBO],Name:[XCZBO],SR:[104],POS:[55],LVL:[1],ItemName:[Blood Bone]
[23:49:03] [SERIAL CHECK] Warehouse Item Acc:[XCZBO],Name:[XCZBO],SR:[3012],POS:[71],LVL:[1],ItemName:[Blood Bone]
[23:49:03] [SERIAL CHECK] Warehouse Item Acc:[XCZBO],Name:[XCZBO],SR:[3010],POS:[87],LVL:[1],ItemName:[Blood Bone]
[23:49:03] [SERIAL CHECK] Warehouse Item Acc:[XCZBO],Name:[XCZBO],SR:[3026],POS:[103],LVL:[1],ItemName:[Scroll of Archangel]
[23:49:03] [SERIAL CHECK] Warehouse Item Acc:[XCZBO],Name:[XCZBO],SR:[3008],POS:[119],LVL:[3],ItemName:[Rena]
[23:49:03] [SERIAL CHECK] Warehouse Item List Complete Acc:[XCZBO],Name:[XCZBO], CNT:[16] NON-ZERO-CNT:[16]
[23:49:03] [SERIAL CHECK] Inventory Item Acc:[XCZBO],Name:[XCZBO],SR:[113],POS:[2],LVL:[2],ItemName:[Leather Helm]
[23:49:03] [SERIAL CHECK] Inventory Item Acc:[XCZBO],Name:[XCZBO],SR:[97],POS:[3],LVL:[1],ItemName:[Leather Armor]
[23:49:03] [SERIAL CHECK] Inventory Item Acc:[XCZBO],Name:[XCZBO],SR:[94],POS:[6],LVL:[3],ItemName:[Leather Boots]
[23:49:03] [SERIAL CHECK] Inventory Item Acc:[XCZBO],Name:[XCZBO],SR:[103],POS:[9],LVL:[0],ItemName:[Pendant of Fire]
[23:49:03] [SERIAL CHECK] Inventory Item List Complete Acc:[XCZBO],Name:[XCZBO], CNT:[5] NON-ZERO-CNT:[4]
[23:49:03] [SERIAL CHECK][RESULT] ~~~~~~~ SUCCESS ~~~~~~ ACC : [XCZBO], CharName :[XCZBO], Case : [2], IP :[186.19.118.155]
