[22:03:44] [SERIAL CHECK] Performing Serial Checking due to Open/Close WareHouse - ACC:[fast], NAME:[Tomi],Open:[0], Close:[1], case:[2]
[22:03:44] [SERIAL CHECK] Warehouse Item List Complete Acc:[fast],Name:[Tomi], CNT:[0] NON-ZERO-CNT:[0]
[22:03:44] [SERIAL CHECK] Inventory Item Acc:[fast],Name:[Tomi],SR:[6],POS:[12],LVL:[0],ItemName:[Apple]
[22:03:44] [SERIAL CHECK] Inventory Item Acc:[fast],Name:[Tomi],SR:[7],POS:[13],LVL:[0],ItemName:[Crossbow]
[22:03:44] [SERIAL CHECK] Inventory Item Acc:[fast],Name:[Tomi],SR:[9],POS:[15],LVL:[1],ItemName:[Blood Bone]
[22:03:44] [SERIAL CHECK] Inventory Item Acc:[fast],Name:[Tomi],SR:[10],POS:[16],LVL:[0],ItemName:[Apple]
[22:03:44] [SERIAL CHECK] Inventory Item Acc:[fast],Name:[Tomi],SR:[13],POS:[17],LVL:[0],ItemName:[Short Bow]
[22:03:44] [SERIAL CHECK] Inventory Item Acc:[fast],Name:[Tomi],SR:[25],POS:[19],LVL:[0],ItemName:[Sealed Golden Box]
[22:03:44] [SERIAL CHECK] Inventory Item Acc:[fast],Name:[Tomi],SR:[19],POS:[20],LVL:[1],ItemName:[Devil's Key]
[22:03:44] [SERIAL CHECK] Inventory Item Acc:[fast],Name:[Tomi],SR:[21],POS:[24],LVL:[1],ItemName:[Blood Bone]
[22:03:44] [SERIAL CHECK] Inventory Item Acc:[fast],Name:[Tomi],SR:[18],POS:[27],LVL:[0],ItemName:[Small Axe]
[22:03:44] [SERIAL CHECK] Inventory Item Acc:[fast],Name:[Tomi],SR:[14],POS:[28],LVL:[0],ItemName:[Short Bow]
[22:03:44] [SERIAL CHECK] Inventory Item Acc:[fast],Name:[Tomi],SR:[15],POS:[30],LVL:[0],ItemName:[Vine Gloves]
[22:03:44] [SERIAL CHECK] Inventory Item Acc:[fast],Name:[Tomi],SR:[17],POS:[40],LVL:[0],ItemName:[Short Bow]
[22:03:44] [SERIAL CHECK] Inventory Item Acc:[fast],Name:[Tomi],SR:[24],POS:[42],LVL:[0],ItemName:[Small Axe]
[22:03:44] [SERIAL CHECK] Inventory Item Acc:[fast],Name:[Tomi],SR:[22],POS:[46],LVL:[4],ItemName:[Angelic Staff]
[22:03:44] [SERIAL CHECK] Inventory Item Acc:[fast],Name:[Tomi],SR:[20],POS:[52],LVL:[0],ItemName:[Transformation Ring]
[22:03:44] [SERIAL CHECK] Inventory Item List Complete Acc:[fast],Name:[Tomi], CNT:[17] NON-ZERO-CNT:[15]
[22:03:44] [SERIAL CHECK][RESULT] ~~~~~~~ SUCCESS ~~~~~~ ACC : [fast], CharName :[Tomi], Case : [2], IP :[186.182.173.58]
[22:03:49] [SERIAL CHECK] Performing Serial Checking due to Open/Close WareHouse - ACC:[fast], NAME:[Tomi],Open:[1], Close:[1], case:[1]
[22:03:49] [SERIAL CHECK] Warehouse Item List Complete Acc:[fast],Name:[Tomi], CNT:[0] NON-ZERO-CNT:[0]
[22:03:49] [SERIAL CHECK] Inventory Item Acc:[fast],Name:[Tomi],SR:[6],POS:[12],LVL:[0],ItemName:[Apple]
[22:03:49] [SERIAL CHECK] Inventory Item Acc:[fast],Name:[Tomi],SR:[7],POS:[13],LVL:[0],ItemName:[Crossbow]
[22:03:49] [SERIAL CHECK] Inventory Item Acc:[fast],Name:[Tomi],SR:[9],POS:[15],LVL:[1],ItemName:[Blood Bone]
[22:03:49] [SERIAL CHECK] Inventory Item Acc:[fast],Name:[Tomi],SR:[10],POS:[16],LVL:[0],ItemName:[Apple]
[22:03:49] [SERIAL CHECK] Inventory Item Acc:[fast],Name:[Tomi],SR:[13],POS:[17],LVL:[0],ItemName:[Short Bow]
[22:03:49] [SERIAL CHECK] Inventory Item Acc:[fast],Name:[Tomi],SR:[25],POS:[19],LVL:[0],ItemName:[Sealed Golden Box]
[22:03:49] [SERIAL CHECK] Inventory Item Acc:[fast],Name:[Tomi],SR:[19],POS:[20],LVL:[1],ItemName:[Devil's Key]
[22:03:49] [SERIAL CHECK] Inventory Item Acc:[fast],Name:[Tomi],SR:[21],POS:[24],LVL:[1],ItemName:[Blood Bone]
[22:03:49] [SERIAL CHECK] Inventory Item Acc:[fast],Name:[Tomi],SR:[18],POS:[27],LVL:[0],ItemName:[Small Axe]
[22:03:49] [SERIAL CHECK] Inventory Item Acc:[fast],Name:[Tomi],SR:[14],POS:[28],LVL:[0],ItemName:[Short Bow]
[22:03:49] [SERIAL CHECK] Inventory Item Acc:[fast],Name:[Tomi],SR:[15],POS:[30],LVL:[0],ItemName:[Vine Gloves]
[22:03:49] [SERIAL CHECK] Inventory Item Acc:[fast],Name:[Tomi],SR:[17],POS:[40],LVL:[0],ItemName:[Short Bow]
[22:03:49] [SERIAL CHECK] Inventory Item Acc:[fast],Name:[Tomi],SR:[24],POS:[42],LVL:[0],ItemName:[Small Axe]
[22:03:49] [SERIAL CHECK] Inventory Item Acc:[fast],Name:[Tomi],SR:[22],POS:[46],LVL:[4],ItemName:[Angelic Staff]
[22:03:49] [SERIAL CHECK] Inventory Item Acc:[fast],Name:[Tomi],SR:[20],POS:[52],LVL:[0],ItemName:[Transformation Ring]
[22:03:49] [SERIAL CHECK] Inventory Item List Complete Acc:[fast],Name:[Tomi], CNT:[17] NON-ZERO-CNT:[15]
[22:03:49] [SERIAL CHECK][RESULT] ~~~~~~~ SUCCESS ~~~~~~ ACC : [fast], CharName :[Tomi], Case : [1], IP :[186.182.173.58]
[22:03:58] [SERIAL CHECK] Performing Serial Checking due to Open/Close WareHouse - ACC:[fast], NAME:[Tomi],Open:[1], Close:[2], case:[2]
[22:03:58] [SERIAL CHECK] Warehouse Item Acc:[fast],Name:[Tomi],SR:[19],POS:[85],LVL:[1],ItemName:[Devil's Key]
[22:03:58] [SERIAL CHECK] Warehouse Item List Complete Acc:[fast],Name:[Tomi], CNT:[1] NON-ZERO-CNT:[1]
[22:03:58] [SERIAL CHECK] Inventory Item Acc:[fast],Name:[Tomi],SR:[6],POS:[12],LVL:[0],ItemName:[Apple]
[22:03:58] [SERIAL CHECK] Inventory Item Acc:[fast],Name:[Tomi],SR:[7],POS:[13],LVL:[0],ItemName:[Crossbow]
[22:03:58] [SERIAL CHECK] Inventory Item Acc:[fast],Name:[Tomi],SR:[9],POS:[15],LVL:[1],ItemName:[Blood Bone]
[22:03:58] [SERIAL CHECK] Inventory Item Acc:[fast],Name:[Tomi],SR:[10],POS:[16],LVL:[0],ItemName:[Apple]
[22:03:58] [SERIAL CHECK] Inventory Item Acc:[fast],Name:[Tomi],SR:[13],POS:[17],LVL:[0],ItemName:[Short Bow]
[22:03:58] [SERIAL CHECK] Inventory Item Acc:[fast],Name:[Tomi],SR:[25],POS:[19],LVL:[0],ItemName:[Sealed Golden Box]
[22:03:58] [SERIAL CHECK] Inventory Item Acc:[fast],Name:[Tomi],SR:[21],POS:[24],LVL:[1],ItemName:[Blood Bone]
[22:03:58] [SERIAL CHECK] Inventory Item Acc:[fast],Name:[Tomi],SR:[18],POS:[27],LVL:[0],ItemName:[Small Axe]
[22:03:58] [SERIAL CHECK] Inventory Item Acc:[fast],Name:[Tomi],SR:[14],POS:[28],LVL:[0],ItemName:[Short Bow]
[22:03:58] [SERIAL CHECK] Inventory Item Acc:[fast],Name:[Tomi],SR:[15],POS:[30],LVL:[0],ItemName:[Vine Gloves]
[22:03:58] [SERIAL CHECK] Inventory Item Acc:[fast],Name:[Tomi],SR:[17],POS:[40],LVL:[0],ItemName:[Short Bow]
[22:03:58] [SERIAL CHECK] Inventory Item Acc:[fast],Name:[Tomi],SR:[24],POS:[42],LVL:[0],ItemName:[Small Axe]
[22:03:58] [SERIAL CHECK] Inventory Item Acc:[fast],Name:[Tomi],SR:[22],POS:[46],LVL:[4],ItemName:[Angelic Staff]
[22:03:58] [SERIAL CHECK] Inventory Item Acc:[fast],Name:[Tomi],SR:[20],POS:[52],LVL:[0],ItemName:[Transformation Ring]
[22:03:58] [SERIAL CHECK] Inventory Item List Complete Acc:[fast],Name:[Tomi], CNT:[16] NON-ZERO-CNT:[14]
[22:03:58] [SERIAL CHECK][RESULT] ~~~~~~~ SUCCESS ~~~~~~ ACC : [fast], CharName :[Tomi], Case : [2], IP :[186.182.173.58]
[22:10:43] [SERIAL CHECK] Performing Serial Checking due to Open/Close WareHouse - ACC:[XCZBO], NAME:[XCZBO],Open:[0], Close:[1], case:[2]
[22:10:43] [SERIAL CHECK] Warehouse Item List Complete Acc:[XCZBO],Name:[XCZBO], CNT:[0] NON-ZERO-CNT:[0]
[22:10:43] [SERIAL CHECK] Inventory Item List Complete Acc:[XCZBO],Name:[XCZBO], CNT:[1] NON-ZERO-CNT:[0]
[22:10:43] [SERIAL CHECK][RESULT] ~~~~~~~ SUCCESS ~~~~~~ ACC : [XCZBO], CharName :[XCZBO], Case : [2], IP :[186.19.118.155]
[22:10:57] [SERIAL CHECK] Performing Serial Checking due to Open/Close WareHouse - ACC:[Idk288], NAME:[Conqueror],Open:[0], Close:[1], case:[2]
[22:10:57] [SERIAL CHECK] Warehouse Item List Complete Acc:[Idk288],Name:[Conqueror], CNT:[0] NON-ZERO-CNT:[0]
[22:10:57] [SERIAL CHECK] Inventory Item List Complete Acc:[Idk288],Name:[Conqueror], CNT:[2] NON-ZERO-CNT:[0]
[22:10:57] [SERIAL CHECK][RESULT] ~~~~~~~ SUCCESS ~~~~~~ ACC : [Idk288], CharName :[Conqueror], Case : [2], IP :[181.13.118.12]
[22:13:22] [SERIAL CHECK] Performing Serial Checking due to Open/Close WareHouse - ACC:[Idk288], NAME:[Conqueror],Open:[1], Close:[1], case:[1]
[22:13:22] [SERIAL CHECK] Warehouse Item List Complete Acc:[Idk288],Name:[Conqueror], CNT:[0] NON-ZERO-CNT:[0]
[22:13:22] [SERIAL CHECK] Inventory Item List Complete Acc:[Idk288],Name:[Conqueror], CNT:[2] NON-ZERO-CNT:[0]
[22:13:22] [SERIAL CHECK][RESULT] ~~~~~~~ SUCCESS ~~~~~~ ACC : [Idk288], CharName :[Conqueror], Case : [1], IP :[181.13.118.12]
[22:13:23] [SERIAL CHECK] Performing Serial Checking due to Open/Close WareHouse - ACC:[Idk288], NAME:[Conqueror],Open:[1], Close:[2], case:[2]
[22:13:23] [SERIAL CHECK] Warehouse Item List Complete Acc:[Idk288],Name:[Conqueror], CNT:[0] NON-ZERO-CNT:[0]
[22:13:23] [SERIAL CHECK] Inventory Item List Complete Acc:[Idk288],Name:[Conqueror], CNT:[2] NON-ZERO-CNT:[0]
[22:13:23] [SERIAL CHECK][RESULT] ~~~~~~~ SUCCESS ~~~~~~ ACC : [Idk288], CharName :[Conqueror], Case : [2], IP :[181.13.118.12]
