[23:02:09] [XCZBO][XCZBO] SI[0,Tomahawk,3,1,1,1]serial:[0] dur:[31] Ex:[0,0,0,0,0,0,0] Set[0] 380:[0] HO:[0,0] E:[0]
[23:02:09] [XCZBO][XCZBO] SI[1,Tomahawk,3,1,1,1]serial:[0] dur:[31] Ex:[0,0,0,0,0,0,0] Set[0] 380:[0] HO:[0,0] E:[0]
[23:02:09] [XCZBO][XCZBO] SI[2,Leather Helm,2,0,1,0]serial:[113] dur:[32] Ex:[0,0,0,0,0,0,0] Set[0] 380:[0] HO:[0,0] E:[0]
[23:02:09] [XCZBO][XCZBO] SI[3,Leather Armor,1,0,0,0]serial:[97] dur:[31] Ex:[0,0,0,0,0,0,0] Set[0] 380:[0] HO:[0,0] E:[0]
[23:02:09] [XCZBO][XCZBO] SI[6,Leather Boots,3,0,1,0]serial:[94] dur:[33] Ex:[0,0,0,0,0,0,0] Set[0] 380:[0] HO:[0,0] E:[0]
[23:02:09] [XCZBO][XCZBO] SI[9,Pendant of Fire,0,0,0,0]serial:[103] dur:[50] Ex:[0,0,0,0,0,0,0] Set[0] 380:[0] HO:[0,0] E:[0]
[23:02:09] [XCZBO][XCZBO] SI[12,Small Healing Potion,0,0,0,0]serial:[0] dur:[3] Ex:[0,0,0,0,0,0,0] Set[0] 380:[0] HO:[0,0] E:[0]
[23:02:09] [XCZBO][XCZBO] SI[13,Small Healing Potion,0,0,0,0]serial:[0] dur:[3] Ex:[0,0,0,0,0,0,0] Set[0] 380:[0] HO:[0,0] E:[0]
[23:02:09] [XCZBO][XCZBO] SI[14,Small Healing Potion,0,0,0,0]serial:[0] dur:[3] Ex:[0,0,0,0,0,0,0] Set[0] 380:[0] HO:[0,0] E:[0]
[23:02:09] [XCZBO][XCZBO] SW [0,Armor of Guardsman,0,0,0,0]serial:[67] dur:[0] Ex:[0,0,0,0,0,0,0] Set:[0] 380:[0] HO:[0,0] E:[0]
[23:02:09] [XCZBO][XCZBO] SW [7,Rena,3,0,0,0]serial:[46] dur:[2] Ex:[0,0,0,0,0,0,0] Set:[0] 380:[0] HO:[0,0] E:[0]
[23:02:09] [XCZBO][XCZBO] SW [15,Jewel of Life,0,0,0,0]serial:[92] dur:[1] Ex:[0,0,0,0,0,0,0] Set:[0] 380:[0] HO:[0,0] E:[0]
[23:02:09] [XCZBO][XCZBO] SW [23,Devil's Eye,1,0,0,0]serial:[105] dur:[1] Ex:[0,0,0,0,0,0,0] Set:[0] 380:[0] HO:[0,0] E:[0]
[23:02:09] [XCZBO][XCZBO] SW [31,Rena,3,0,0,0]serial:[98] dur:[1] Ex:[0,0,0,0,0,0,0] Set:[0] 380:[0] HO:[0,0] E:[0]
[23:02:09] [XCZBO][XCZBO] SW [39,Blood Bone,1,0,0,0]serial:[99] dur:[128] Ex:[0,0,0,0,0,0,0] Set:[0] 380:[0] HO:[0,0] E:[0]
[23:02:09] [XCZBO][XCZBO] SW [55,Blood Bone,1,0,0,0]serial:[104] dur:[128] Ex:[0,0,0,0,0,0,0] Set:[0] 380:[0] HO:[0,0] E:[0]
[23:02:09] [XCZBO][XCZBO] SW [71,Blood Bone,1,0,0,0]serial:[3012] dur:[128] Ex:[0,0,0,0,0,0,0] Set:[0] 380:[0] HO:[0,0] E:[0]
[23:02:09] [XCZBO][XCZBO] SW [87,Blood Bone,1,0,0,0]serial:[3010] dur:[128] Ex:[0,0,0,0,0,0,0] Set:[0] 380:[0] HO:[0,0] E:[0]
[23:02:09] [XCZBO][XCZBO] SW [119,Rena,3,0,0,0]serial:[3008] dur:[1] Ex:[0,0,0,0,0,0,0] Set:[0] 380:[0] HO:[0,0] E:[0]
[23:04:36] [fast][Tomi] SI[10,Ring of GM,0,0,0,0]serial:[3004] dur:[255] Ex:[0,0,0,0,0,0,0] Set[0] 380:[0] HO:[0,0] E:[0]
[23:04:36] [fast][Tomi] SI[12,Apple,0,0,0,0]serial:[6] dur:[1] Ex:[0,0,0,0,0,0,0] Set[0] 380:[0] HO:[0,0] E:[0]
[23:04:36] [fast][Tomi] SI[15,Transformation Ring,0,0,0,0]serial:[32] dur:[159] Ex:[0,0,0,0,0,0,0] Set[0] 380:[0] HO:[0,0] E:[0]
[23:04:36] [fast][Tomi] SI[16,Apple,0,0,0,0]serial:[10] dur:[1] Ex:[0,0,0,0,0,0,0] Set[0] 380:[0] HO:[0,0] E:[0]
[23:04:36] [fast][Tomi] SI[17,Pad Boots,0,0,1,0]serial:[31] dur:[28] Ex:[0,0,0,0,0,0,0] Set[0] 380:[0] HO:[0,0] E:[0]
[23:04:36] [fast][Tomi] SI[23,Vine Gloves,0,0,0,0]serial:[33] dur:[22] Ex:[0,0,0,0,0,0,0] Set[0] 380:[0] HO:[0,0] E:[0]
[23:04:36] [fast][Tomi] SI[52,Transformation Ring,0,0,0,0]serial:[20] dur:[127] Ex:[0,0,0,0,0,0,0] Set[0] 380:[0] HO:[0,0] E:[0]
[23:04:36] [fast][Tomi] CharInfoSave : Class=17 Level=221 LVPoint=0 Exp=112009000 Str=386 Dex=43 Vit=25 Energy=10 Leadership:0 Map=0 Pk=3
[23:04:38] [XCZBO][XCZBO] SI[0,Tomahawk,3,1,1,1]serial:[0] dur:[31] Ex:[0,0,0,0,0,0,0] Set[0] 380:[0] HO:[0,0] E:[0]
[23:04:38] [XCZBO][XCZBO] SI[1,Tomahawk,3,1,1,1]serial:[0] dur:[31] Ex:[0,0,0,0,0,0,0] Set[0] 380:[0] HO:[0,0] E:[0]
[23:04:38] [XCZBO][XCZBO] SI[2,Leather Helm,2,0,1,0]serial:[113] dur:[32] Ex:[0,0,0,0,0,0,0] Set[0] 380:[0] HO:[0,0] E:[0]
[23:04:38] [XCZBO][XCZBO] SI[3,Leather Armor,1,0,0,0]serial:[97] dur:[31] Ex:[0,0,0,0,0,0,0] Set[0] 380:[0] HO:[0,0] E:[0]
[23:04:38] [XCZBO][XCZBO] SI[6,Leather Boots,3,0,1,0]serial:[94] dur:[33] Ex:[0,0,0,0,0,0,0] Set[0] 380:[0] HO:[0,0] E:[0]
[23:04:38] [XCZBO][XCZBO] SI[9,Pendant of Fire,0,0,0,0]serial:[103] dur:[50] Ex:[0,0,0,0,0,0,0] Set[0] 380:[0] HO:[0,0] E:[0]
[23:04:38] [XCZBO][XCZBO] SI[12,Small Healing Potion,0,0,0,0]serial:[0] dur:[3] Ex:[0,0,0,0,0,0,0] Set[0] 380:[0] HO:[0,0] E:[0]
[23:04:38] [XCZBO][XCZBO] SI[13,Small Healing Potion,0,0,0,0]serial:[0] dur:[3] Ex:[0,0,0,0,0,0,0] Set[0] 380:[0] HO:[0,0] E:[0]
[23:04:38] [XCZBO][XCZBO] SI[14,Small Healing Potion,0,0,0,0]serial:[0] dur:[3] Ex:[0,0,0,0,0,0,0] Set[0] 380:[0] HO:[0,0] E:[0]
[23:04:38] [XCZBO][XCZBO] SI[15,Scroll of Archangel,1,0,0,0]serial:[3026] dur:[128] Ex:[0,0,0,0,0,0,0] Set[0] 380:[0] HO:[0,0] E:[0]
[23:04:38] [XCZBO][XCZBO] SI[16,Devil's Key,1,0,0,0]serial:[3027] dur:[1] Ex:[0,0,0,0,0,0,0] Set[0] 380:[0] HO:[0,0] E:[0]
[23:04:38] [XCZBO][XCZBO] SI[17,Kris,0,0,0,0]serial:[3028] dur:[20] Ex:[0,0,0,0,0,0,0] Set[0] 380:[0] HO:[0,0] E:[0]
[23:04:38] [XCZBO][XCZBO] SI[18,Vine Boots,0,0,0,1]serial:[3029] dur:[22] Ex:[0,0,0,0,0,0,0] Set[0] 380:[0] HO:[0,0] E:[0]
[23:04:38] [XCZBO][XCZBO] SI[20,Devil's Eye,1,0,0,0]serial:[3030] dur:[1] Ex:[0,0,0,0,0,0,0] Set[0] 380:[0] HO:[0,0] E:[0]
[23:04:38] [XCZBO][XCZBO] SI[21,Hand Axe,0,0,0,0]serial:[3031] dur:[20] Ex:[0,0,0,0,0,0,0] Set[0] 380:[0] HO:[0,0] E:[0]
[23:04:38] [XCZBO][XCZBO] CharInfoSave : Class=96 Level=89 LVPoint=14 Exp=7563680 Str=200 Dex=200 Vit=156 Energy=150 Leadership:0 Map=0 Pk=2
[23:04:42] [Idk288][Conqueror] SI[0,Small Axe,0,0,0,0]serial:[0] dur:[18] Ex:[0,0,0,0,0,0,0] Set[0] 380:[0] HO:[0,0] E:[0]
[23:04:42] [Idk288][Conqueror] SI[1,Small Shield,0,0,0,0]serial:[0] dur:[22] Ex:[0,0,0,0,0,0,0] Set[0] 380:[0] HO:[0,0] E:[0]
[23:04:42] [Idk288][Conqueror] CharInfoSave : Class=16 Level=1 LVPoint=0 Exp=0 Str=28 Dex=20 Vit=25 Energy=10 Leadership:0 Map=0 Pk=3
[23:06:00] [XCZBO][XCZBO] SI[0,Tomahawk,3,1,1,1]serial:[0] dur:[31] Ex:[0,0,0,0,0,0,0] Set[0] 380:[0] HO:[0,0] E:[0]
[23:06:00] [XCZBO][XCZBO] SI[1,Tomahawk,3,1,1,1]serial:[0] dur:[31] Ex:[0,0,0,0,0,0,0] Set[0] 380:[0] HO:[0,0] E:[0]
[23:06:00] [XCZBO][XCZBO] SI[2,Leather Helm,2,0,1,0]serial:[113] dur:[32] Ex:[0,0,0,0,0,0,0] Set[0] 380:[0] HO:[0,0] E:[0]
[23:06:00] [XCZBO][XCZBO] SI[3,Leather Armor,1,0,0,0]serial:[97] dur:[31] Ex:[0,0,0,0,0,0,0] Set[0] 380:[0] HO:[0,0] E:[0]
[23:06:00] [XCZBO][XCZBO] SI[6,Leather Boots,3,0,1,0]serial:[94] dur:[33] Ex:[0,0,0,0,0,0,0] Set[0] 380:[0] HO:[0,0] E:[0]
[23:06:00] [XCZBO][XCZBO] SI[9,Pendant of Fire,0,0,0,0]serial:[103] dur:[50] Ex:[0,0,0,0,0,0,0] Set[0] 380:[0] HO:[0,0] E:[0]
[23:06:00] [XCZBO][XCZBO] SI[16,Devil's Key,1,0,0,0]serial:[3027] dur:[1] Ex:[0,0,0,0,0,0,0] Set[0] 380:[0] HO:[0,0] E:[0]
[23:06:00] [XCZBO][XCZBO] SI[17,Kris,0,0,0,0]serial:[3028] dur:[20] Ex:[0,0,0,0,0,0,0] Set[0] 380:[0] HO:[0,0] E:[0]
[23:06:00] [XCZBO][XCZBO] SI[18,Vine Boots,0,0,0,1]serial:[3029] dur:[22] Ex:[0,0,0,0,0,0,0] Set[0] 380:[0] HO:[0,0] E:[0]
[23:06:00] [XCZBO][XCZBO] SI[21,Hand Axe,0,0,0,0]serial:[3031] dur:[20] Ex:[0,0,0,0,0,0,0] Set[0] 380:[0] HO:[0,0] E:[0]
[23:06:00] [XCZBO][XCZBO] SI[24,Devil's Eye,1,0,0,0]serial:[3030] dur:[1] Ex:[0,0,0,0,0,0,0] Set[0] 380:[0] HO:[0,0] E:[0]
[23:06:00] [XCZBO][XCZBO] SW [0,Armor of Guardsman,0,0,0,0]serial:[67] dur:[0] Ex:[0,0,0,0,0,0,0] Set:[0] 380:[0] HO:[0,0] E:[0]
[23:06:00] [XCZBO][XCZBO] SW [7,Rena,3,0,0,0]serial:[46] dur:[2] Ex:[0,0,0,0,0,0,0] Set:[0] 380:[0] HO:[0,0] E:[0]
[23:06:00] [XCZBO][XCZBO] SW [15,Jewel of Life,0,0,0,0]serial:[92] dur:[1] Ex:[0,0,0,0,0,0,0] Set:[0] 380:[0] HO:[0,0] E:[0]
[23:06:00] [XCZBO][XCZBO] SW [23,Devil's Eye,1,0,0,0]serial:[105] dur:[1] Ex:[0,0,0,0,0,0,0] Set:[0] 380:[0] HO:[0,0] E:[0]
[23:06:00] [XCZBO][XCZBO] SW [31,Rena,3,0,0,0]serial:[98] dur:[1] Ex:[0,0,0,0,0,0,0] Set:[0] 380:[0] HO:[0,0] E:[0]
[23:06:00] [XCZBO][XCZBO] SW [39,Blood Bone,1,0,0,0]serial:[99] dur:[128] Ex:[0,0,0,0,0,0,0] Set:[0] 380:[0] HO:[0,0] E:[0]
[23:06:00] [XCZBO][XCZBO] SW [55,Blood Bone,1,0,0,0]serial:[104] dur:[128] Ex:[0,0,0,0,0,0,0] Set:[0] 380:[0] HO:[0,0] E:[0]
[23:06:00] [XCZBO][XCZBO] SW [71,Blood Bone,1,0,0,0]serial:[3012] dur:[128] Ex:[0,0,0,0,0,0,0] Set:[0] 380:[0] HO:[0,0] E:[0]
[23:06:00] [XCZBO][XCZBO] SW [87,Blood Bone,1,0,0,0]serial:[3010] dur:[128] Ex:[0,0,0,0,0,0,0] Set:[0] 380:[0] HO:[0,0] E:[0]
[23:06:00] [XCZBO][XCZBO] SW [103,Scroll of Archangel,1,0,0,0]serial:[3026] dur:[128] Ex:[0,0,0,0,0,0,0] Set:[0] 380:[0] HO:[0,0] E:[0]
[23:06:00] [XCZBO][XCZBO] SW [119,Rena,3,0,0,0]serial:[3008] dur:[1] Ex:[0,0,0,0,0,0,0] Set:[0] 380:[0] HO:[0,0] E:[0]
[23:07:36] [XCZBO][XCZBO] Skill Save Complete. 0 269
[23:07:36] [XCZBO][XCZBO] Skill Save Complete. 1 67
[23:07:36] [XCZBO][XCZBO] Skill Save Complete. 2 68
[23:07:36] [XCZBO][XCZBO] Skill Save Complete. 3 69
[23:07:36] [XCZBO][XCZBO] Skill Save Complete. 4 70
[23:07:36] [XCZBO][XCZBO] Skill Save Complete. 5 71
[23:07:36] [XCZBO][XCZBO] Skill Save Complete. 6 72
[23:07:36] [XCZBO][XCZBO] Skill Save Complete. 7 19
[23:07:36] [XCZBO][XCZBO] Skill Save Complete. 8 19
[23:07:36] [XCZBO][XCZBO] SW [0,Armor of Guardsman,0,0,0,0]serial:[67] dur:[0] Ex:[0,0,0,0,0,0,0] Set:[0] 380:[0] HO:[0,0] E:[0]
[23:07:36] [XCZBO][XCZBO] SW [7,Rena,3,0,0,0]serial:[46] dur:[2] Ex:[0,0,0,0,0,0,0] Set:[0] 380:[0] HO:[0,0] E:[0]
[23:07:36] [XCZBO][XCZBO] SW [15,Jewel of Life,0,0,0,0]serial:[92] dur:[1] Ex:[0,0,0,0,0,0,0] Set:[0] 380:[0] HO:[0,0] E:[0]
[23:07:36] [XCZBO][XCZBO] SW [23,Devil's Eye,1,0,0,0]serial:[105] dur:[1] Ex:[0,0,0,0,0,0,0] Set:[0] 380:[0] HO:[0,0] E:[0]
[23:07:36] [XCZBO][XCZBO] SW [31,Rena,3,0,0,0]serial:[98] dur:[1] Ex:[0,0,0,0,0,0,0] Set:[0] 380:[0] HO:[0,0] E:[0]
[23:07:36] [XCZBO][XCZBO] SW [39,Blood Bone,1,0,0,0]serial:[99] dur:[128] Ex:[0,0,0,0,0,0,0] Set:[0] 380:[0] HO:[0,0] E:[0]
[23:07:36] [XCZBO][XCZBO] SW [55,Blood Bone,1,0,0,0]serial:[104] dur:[128] Ex:[0,0,0,0,0,0,0] Set:[0] 380:[0] HO:[0,0] E:[0]
[23:07:36] [XCZBO][XCZBO] SW [71,Blood Bone,1,0,0,0]serial:[3012] dur:[128] Ex:[0,0,0,0,0,0,0] Set:[0] 380:[0] HO:[0,0] E:[0]
[23:07:36] [XCZBO][XCZBO] SW [87,Blood Bone,1,0,0,0]serial:[3010] dur:[128] Ex:[0,0,0,0,0,0,0] Set:[0] 380:[0] HO:[0,0] E:[0]
[23:07:36] [XCZBO][XCZBO] SW [103,Scroll of Archangel,1,0,0,0]serial:[3026] dur:[128] Ex:[0,0,0,0,0,0,0] Set:[0] 380:[0] HO:[0,0] E:[0]
[23:07:36] [XCZBO][XCZBO] SW [119,Rena,3,0,0,0]serial:[3008] dur:[1] Ex:[0,0,0,0,0,0,0] Set:[0] 380:[0] HO:[0,0] E:[0]
[23:07:36] [XCZBO][XCZBO] SI[0,Tomahawk,3,1,1,1]serial:[0] dur:[31] Ex:[0,0,0,0,0,0,0] Set[0] 380:[0] HO:[0,0] E:[0]
[23:07:36] [XCZBO][XCZBO] SI[1,Tomahawk,3,1,1,1]serial:[0] dur:[31] Ex:[0,0,0,0,0,0,0] Set[0] 380:[0] HO:[0,0] E:[0]
[23:07:36] [XCZBO][XCZBO] SI[2,Leather Helm,2,0,1,0]serial:[113] dur:[32] Ex:[0,0,0,0,0,0,0] Set[0] 380:[0] HO:[0,0] E:[0]
[23:07:36] [XCZBO][XCZBO] SI[3,Leather Armor,1,0,0,0]serial:[97] dur:[31] Ex:[0,0,0,0,0,0,0] Set[0] 380:[0] HO:[0,0] E:[0]
[23:07:36] [XCZBO][XCZBO] SI[6,Leather Boots,3,0,1,0]serial:[94] dur:[33] Ex:[0,0,0,0,0,0,0] Set[0] 380:[0] HO:[0,0] E:[0]
[23:07:36] [XCZBO][XCZBO] SI[9,Pendant of Fire,0,0,0,0]serial:[103] dur:[50] Ex:[0,0,0,0,0,0,0] Set[0] 380:[0] HO:[0,0] E:[0]
[23:07:36] [XCZBO][XCZBO] SI[16,Devil's Key,1,0,0,0]serial:[3027] dur:[1] Ex:[0,0,0,0,0,0,0] Set[0] 380:[0] HO:[0,0] E:[0]
[23:07:36] [XCZBO][XCZBO] SI[17,Kris,0,0,0,0]serial:[3028] dur:[20] Ex:[0,0,0,0,0,0,0] Set[0] 380:[0] HO:[0,0] E:[0]
[23:07:36] [XCZBO][XCZBO] SI[18,Vine Boots,0,0,0,1]serial:[3029] dur:[22] Ex:[0,0,0,0,0,0,0] Set[0] 380:[0] HO:[0,0] E:[0]
[23:07:36] [XCZBO][XCZBO] SI[21,Hand Axe,0,0,0,0]serial:[3031] dur:[20] Ex:[0,0,0,0,0,0,0] Set[0] 380:[0] HO:[0,0] E:[0]
[23:07:36] [XCZBO][XCZBO] SI[24,Devil's Eye,1,0,0,0]serial:[3030] dur:[1] Ex:[0,0,0,0,0,0,0] Set[0] 380:[0] HO:[0,0] E:[0]
[23:07:36] [XCZBO][XCZBO] CharInfoSave : Class=96 Level=89 LVPoint=0 Exp=7558662 Str=200 Dex=200 Vit=170 Energy=150 Leadership:0 Map=0 Pk=2
[23:08:30] [XCZBO][XCZBO] Skill Save Complete. 0 269
[23:08:30] [XCZBO][XCZBO] Skill Save Complete. 1 67
[23:08:30] [XCZBO][XCZBO] Skill Save Complete. 2 68
[23:08:30] [XCZBO][XCZBO] Skill Save Complete. 3 69
[23:08:30] [XCZBO][XCZBO] Skill Save Complete. 4 70
[23:08:30] [XCZBO][XCZBO] Skill Save Complete. 5 71
[23:08:30] [XCZBO][XCZBO] Skill Save Complete. 6 72
[23:08:30] [XCZBO][XCZBO] Skill Save Complete. 7 19
[23:08:30] [XCZBO][XCZBO] Skill Save Complete. 8 19
[23:08:30] [XCZBO][XCZBO] SW [0,Armor of Guardsman,0,0,0,0]serial:[67] dur:[0] Ex:[0,0,0,0,0,0,0] Set:[0] 380:[0] HO:[0,0] E:[0]
[23:08:30] [XCZBO][XCZBO] SW [7,Rena,3,0,0,0]serial:[46] dur:[2] Ex:[0,0,0,0,0,0,0] Set:[0] 380:[0] HO:[0,0] E:[0]
[23:08:30] [XCZBO][XCZBO] SW [15,Jewel of Life,0,0,0,0]serial:[92] dur:[1] Ex:[0,0,0,0,0,0,0] Set:[0] 380:[0] HO:[0,0] E:[0]
[23:08:30] [XCZBO][XCZBO] SW [23,Devil's Eye,1,0,0,0]serial:[105] dur:[1] Ex:[0,0,0,0,0,0,0] Set:[0] 380:[0] HO:[0,0] E:[0]
[23:08:30] [XCZBO][XCZBO] SW [31,Rena,3,0,0,0]serial:[98] dur:[1] Ex:[0,0,0,0,0,0,0] Set:[0] 380:[0] HO:[0,0] E:[0]
[23:08:30] [XCZBO][XCZBO] SW [39,Blood Bone,1,0,0,0]serial:[99] dur:[128] Ex:[0,0,0,0,0,0,0] Set:[0] 380:[0] HO:[0,0] E:[0]
[23:08:30] [XCZBO][XCZBO] SW [55,Blood Bone,1,0,0,0]serial:[104] dur:[128] Ex:[0,0,0,0,0,0,0] Set:[0] 380:[0] HO:[0,0] E:[0]
[23:08:30] [XCZBO][XCZBO] SW [71,Blood Bone,1,0,0,0]serial:[3012] dur:[128] Ex:[0,0,0,0,0,0,0] Set:[0] 380:[0] HO:[0,0] E:[0]
[23:08:30] [XCZBO][XCZBO] SW [87,Blood Bone,1,0,0,0]serial:[3010] dur:[128] Ex:[0,0,0,0,0,0,0] Set:[0] 380:[0] HO:[0,0] E:[0]
[23:08:30] [XCZBO][XCZBO] SW [103,Scroll of Archangel,1,0,0,0]serial:[3026] dur:[128] Ex:[0,0,0,0,0,0,0] Set:[0] 380:[0] HO:[0,0] E:[0]
[23:08:30] [XCZBO][XCZBO] SW [119,Rena,3,0,0,0]serial:[3008] dur:[1] Ex:[0,0,0,0,0,0,0] Set:[0] 380:[0] HO:[0,0] E:[0]
[23:08:30] [XCZBO][XCZBO] SI[0,Tomahawk,3,1,1,1]serial:[0] dur:[31] Ex:[0,0,0,0,0,0,0] Set[0] 380:[0] HO:[0,0] E:[0]
[23:08:30] [XCZBO][XCZBO] SI[1,Tomahawk,3,1,1,1]serial:[0] dur:[31] Ex:[0,0,0,0,0,0,0] Set[0] 380:[0] HO:[0,0] E:[0]
[23:08:30] [XCZBO][XCZBO] SI[2,Leather Helm,2,0,1,0]serial:[113] dur:[32] Ex:[0,0,0,0,0,0,0] Set[0] 380:[0] HO:[0,0] E:[0]
[23:08:30] [XCZBO][XCZBO] SI[3,Leather Armor,1,0,0,0]serial:[97] dur:[31] Ex:[0,0,0,0,0,0,0] Set[0] 380:[0] HO:[0,0] E:[0]
[23:08:30] [XCZBO][XCZBO] SI[6,Leather Boots,3,0,1,0]serial:[94] dur:[33] Ex:[0,0,0,0,0,0,0] Set[0] 380:[0] HO:[0,0] E:[0]
[23:08:30] [XCZBO][XCZBO] SI[9,Pendant of Fire,0,0,0,0]serial:[103] dur:[50] Ex:[0,0,0,0,0,0,0] Set[0] 380:[0] HO:[0,0] E:[0]
[23:08:30] [XCZBO][XCZBO] SI[16,Devil's Key,1,0,0,0]serial:[3027] dur:[1] Ex:[0,0,0,0,0,0,0] Set[0] 380:[0] HO:[0,0] E:[0]
[23:08:30] [XCZBO][XCZBO] SI[17,Kris,0,0,0,0]serial:[3028] dur:[20] Ex:[0,0,0,0,0,0,0] Set[0] 380:[0] HO:[0,0] E:[0]
[23:08:30] [XCZBO][XCZBO] SI[18,Vine Boots,0,0,0,1]serial:[3029] dur:[22] Ex:[0,0,0,0,0,0,0] Set[0] 380:[0] HO:[0,0] E:[0]
[23:08:30] [XCZBO][XCZBO] SI[21,Hand Axe,0,0,0,0]serial:[3031] dur:[20] Ex:[0,0,0,0,0,0,0] Set[0] 380:[0] HO:[0,0] E:[0]
[23:08:30] [XCZBO][XCZBO] SI[24,Devil's Eye,1,0,0,0]serial:[3030] dur:[1] Ex:[0,0,0,0,0,0,0] Set[0] 380:[0] HO:[0,0] E:[0]
[23:08:30] [XCZBO][XCZBO] CharInfoSave : Class=96 Level=89 LVPoint=0 Exp=7558662 Str=200 Dex=200 Vit=170 Energy=150 Leadership:0 Map=0 Pk=2
[23:14:37] [fast][Tomi] SI[10,Ring of GM,0,0,0,0]serial:[3004] dur:[255] Ex:[0,0,0,0,0,0,0] Set[0] 380:[0] HO:[0,0] E:[0]
[23:14:37] [fast][Tomi] SI[12,Apple,0,0,0,0]serial:[6] dur:[1] Ex:[0,0,0,0,0,0,0] Set[0] 380:[0] HO:[0,0] E:[0]
[23:14:37] [fast][Tomi] SI[15,Transformation Ring,0,0,0,0]serial:[32] dur:[159] Ex:[0,0,0,0,0,0,0] Set[0] 380:[0] HO:[0,0] E:[0]
[23:14:37] [fast][Tomi] SI[16,Apple,0,0,0,0]serial:[10] dur:[1] Ex:[0,0,0,0,0,0,0] Set[0] 380:[0] HO:[0,0] E:[0]
[23:14:37] [fast][Tomi] SI[17,Pad Boots,0,0,1,0]serial:[31] dur:[28] Ex:[0,0,0,0,0,0,0] Set[0] 380:[0] HO:[0,0] E:[0]
[23:14:37] [fast][Tomi] SI[23,Vine Gloves,0,0,0,0]serial:[33] dur:[22] Ex:[0,0,0,0,0,0,0] Set[0] 380:[0] HO:[0,0] E:[0]
[23:14:37] [fast][Tomi] SI[52,Transformation Ring,0,0,0,0]serial:[20] dur:[127] Ex:[0,0,0,0,0,0,0] Set[0] 380:[0] HO:[0,0] E:[0]
[23:14:37] [fast][Tomi] CharInfoSave : Class=17 Level=221 LVPoint=0 Exp=112009000 Str=386 Dex=43 Vit=25 Energy=10 Leadership:0 Map=0 Pk=3
[23:14:43] [Idk288][Conqueror] SI[0,Small Axe,0,0,0,0]serial:[0] dur:[18] Ex:[0,0,0,0,0,0,0] Set[0] 380:[0] HO:[0,0] E:[0]
[23:14:43] [Idk288][Conqueror] SI[1,Small Shield,0,0,0,0]serial:[0] dur:[22] Ex:[0,0,0,0,0,0,0] Set[0] 380:[0] HO:[0,0] E:[0]
[23:14:43] [Idk288][Conqueror] CharInfoSave : Class=16 Level=1 LVPoint=0 Exp=0 Str=28 Dex=20 Vit=25 Energy=10 Leadership:0 Map=0 Pk=3
[23:16:14] [fast][Tomi] SI[10,Ring of GM,0,0,0,0]serial:[3004] dur:[255] Ex:[0,0,0,0,0,0,0] Set[0] 380:[0] HO:[0,0] E:[0]
[23:16:14] [fast][Tomi] SI[12,Apple,0,0,0,0]serial:[6] dur:[1] Ex:[0,0,0,0,0,0,0] Set[0] 380:[0] HO:[0,0] E:[0]
[23:16:14] [fast][Tomi] SI[15,Transformation Ring,0,0,0,0]serial:[32] dur:[159] Ex:[0,0,0,0,0,0,0] Set[0] 380:[0] HO:[0,0] E:[0]
[23:16:14] [fast][Tomi] SI[16,Apple,0,0,0,0]serial:[10] dur:[1] Ex:[0,0,0,0,0,0,0] Set[0] 380:[0] HO:[0,0] E:[0]
[23:16:14] [fast][Tomi] SI[17,Pad Boots,0,0,1,0]serial:[31] dur:[28] Ex:[0,0,0,0,0,0,0] Set[0] 380:[0] HO:[0,0] E:[0]
[23:16:14] [fast][Tomi] SI[23,Vine Gloves,0,0,0,0]serial:[33] dur:[22] Ex:[0,0,0,0,0,0,0] Set[0] 380:[0] HO:[0,0] E:[0]
[23:16:14] [fast][Tomi] SI[52,Transformation Ring,0,0,0,0]serial:[20] dur:[127] Ex:[0,0,0,0,0,0,0] Set[0] 380:[0] HO:[0,0] E:[0]
[23:17:30] [fast][Tomi] Skill Save Complete. 0 44
[23:17:30] [fast][Tomi] Skill Save Complete. 1 67
[23:17:30] [fast][Tomi] Skill Save Complete. 2 68
[23:17:30] [fast][Tomi] Skill Save Complete. 3 69
[23:17:30] [fast][Tomi] Skill Save Complete. 4 70
[23:17:30] [fast][Tomi] Skill Save Complete. 5 71
[23:17:30] [fast][Tomi] Skill Save Complete. 6 72
[23:17:30] [fast][Tomi] Skill Save Complete. 7 23
[23:17:30] [fast][Tomi] SI[10,Ring of GM,0,0,0,0]serial:[3004] dur:[255] Ex:[0,0,0,0,0,0,0] Set[0] 380:[0] HO:[0,0] E:[0]
[23:17:30] [fast][Tomi] SI[12,Apple,0,0,0,0]serial:[6] dur:[1] Ex:[0,0,0,0,0,0,0] Set[0] 380:[0] HO:[0,0] E:[0]
[23:17:30] [fast][Tomi] SI[15,Transformation Ring,0,0,0,0]serial:[32] dur:[159] Ex:[0,0,0,0,0,0,0] Set[0] 380:[0] HO:[0,0] E:[0]
[23:17:30] [fast][Tomi] SI[16,Apple,0,0,0,0]serial:[10] dur:[1] Ex:[0,0,0,0,0,0,0] Set[0] 380:[0] HO:[0,0] E:[0]
[23:17:30] [fast][Tomi] SI[17,Pad Boots,0,0,1,0]serial:[31] dur:[28] Ex:[0,0,0,0,0,0,0] Set[0] 380:[0] HO:[0,0] E:[0]
[23:17:30] [fast][Tomi] SI[23,Vine Gloves,0,0,0,0]serial:[33] dur:[22] Ex:[0,0,0,0,0,0,0] Set[0] 380:[0] HO:[0,0] E:[0]
[23:17:30] [fast][Tomi] SI[52,Transformation Ring,0,0,0,0]serial:[20] dur:[127] Ex:[0,0,0,0,0,0,0] Set[0] 380:[0] HO:[0,0] E:[0]
[23:17:30] [fast][Tomi] CharInfoSave : Class=17 Level=221 LVPoint=0 Exp=112009000 Str=386 Dex=43 Vit=25 Energy=10 Leadership:0 Map=3 Pk=3
[23:17:51] [fast][Tomi] SI[0,Giant Sword,3,1,1,1]serial:[0] dur:[63] Ex:[0,0,0,0,0,0,0] Set[0] 380:[0] HO:[0,0] E:[0]
[23:17:51] [fast][Tomi] SI[10,Ring of GM,0,0,0,0]serial:[3004] dur:[255] Ex:[0,0,0,0,0,0,0] Set[0] 380:[0] HO:[0,0] E:[0]
[23:17:51] [fast][Tomi] SI[12,Apple,0,0,0,0]serial:[6] dur:[1] Ex:[0,0,0,0,0,0,0] Set[0] 380:[0] HO:[0,0] E:[0]
[23:17:51] [fast][Tomi] SI[13,Jewel of Chaos,0,0,0,0]serial:[6019] dur:[0] Ex:[0,0,0,0,0,0,0] Set[0] 380:[0] HO:[0,0] E:[0]
[23:17:51] [fast][Tomi] SI[14,Jewel of Chaos,0,0,0,0]serial:[6020] dur:[0] Ex:[0,0,0,0,0,0,0] Set[0] 380:[0] HO:[0,0] E:[0]
[23:17:51] [fast][Tomi] SI[15,Transformation Ring,0,0,0,0]serial:[32] dur:[159] Ex:[0,0,0,0,0,0,0] Set[0] 380:[0] HO:[0,0] E:[0]
[23:17:51] [fast][Tomi] SI[16,Apple,0,0,0,0]serial:[10] dur:[1] Ex:[0,0,0,0,0,0,0] Set[0] 380:[0] HO:[0,0] E:[0]
[23:17:51] [fast][Tomi] SI[17,Pad Boots,0,0,1,0]serial:[31] dur:[28] Ex:[0,0,0,0,0,0,0] Set[0] 380:[0] HO:[0,0] E:[0]
[23:17:51] [fast][Tomi] SI[20,Jewel of Chaos,0,0,0,0]serial:[6024] dur:[0] Ex:[0,0,0,0,0,0,0] Set[0] 380:[0] HO:[0,0] E:[0]
[23:17:51] [fast][Tomi] SI[21,Scroll of Archangel,8,0,0,0]serial:[0] dur:[140] Ex:[0,0,0,0,0,0,0] Set[0] 380:[0] HO:[0,0] E:[0]
[23:17:51] [fast][Tomi] SI[22,Jewel of Chaos,0,0,0,0]serial:[6021] dur:[0] Ex:[0,0,0,0,0,0,0] Set[0] 380:[0] HO:[0,0] E:[0]
[23:17:51] [fast][Tomi] SI[23,Vine Gloves,0,0,0,0]serial:[33] dur:[22] Ex:[0,0,0,0,0,0,0] Set[0] 380:[0] HO:[0,0] E:[0]
[23:17:51] [fast][Tomi] SI[28,Blood Bone,8,0,0,0]serial:[0] dur:[140] Ex:[0,0,0,0,0,0,0] Set[0] 380:[0] HO:[0,0] E:[0]
[23:17:51] [fast][Tomi] SI[30,Jewel of Chaos,0,0,0,0]serial:[6022] dur:[0] Ex:[0,0,0,0,0,0,0] Set[0] 380:[0] HO:[0,0] E:[0]
[23:17:51] [fast][Tomi] SI[33,Bill of Balrog,3,1,1,1]serial:[0] dur:[77] Ex:[0,0,0,0,0,0,0] Set[0] 380:[0] HO:[0,0] E:[0]
[23:17:51] [fast][Tomi] SI[37,Jewel of Chaos,0,0,0,0]serial:[6023] dur:[0] Ex:[0,0,0,0,0,0,0] Set[0] 380:[0] HO:[0,0] E:[0]
[23:17:51] [fast][Tomi] SI[38,Dragon Armor,3,0,1,1]serial:[0] dur:[71] Ex:[0,0,0,0,0,0,0] Set[0] 380:[0] HO:[0,0] E:[0]
[23:17:51] [fast][Tomi] SI[52,Transformation Ring,0,0,0,0]serial:[20] dur:[127] Ex:[0,0,0,0,0,0,0] Set[0] 380:[0] HO:[0,0] E:[0]
[23:17:51] [fast][Tomi] SI[53,Jewel of Chaos,0,0,0,0]serial:[6025] dur:[0] Ex:[0,0,0,0,0,0,0] Set[0] 380:[0] HO:[0,0] E:[0]
[23:17:51] [fast][Tomi] SI[60,Dragon Boots,3,0,1,1]serial:[0] dur:[71] Ex:[0,0,0,0,0,0,0] Set[0] 380:[0] HO:[0,0] E:[0]
[23:17:51] [fast][Tomi] SI[62,Dragon Helm,3,0,1,1]serial:[0] dur:[71] Ex:[0,0,0,0,0,0,0] Set[0] 380:[0] HO:[0,0] E:[0]
[23:17:51] [fast][Tomi] SI[64,Dragon Pants,3,0,1,1]serial:[0] dur:[71] Ex:[0,0,0,0,0,0,0] Set[0] 380:[0] HO:[0,0] E:[0]
[23:17:51] [fast][Tomi] SI[66,Dragon Gloves,3,0,1,1]serial:[0] dur:[71] Ex:[0,0,0,0,0,0,0] Set[0] 380:[0] HO:[0,0] E:[0]
[23:17:58] [fast][Tomi] SI[0,Giant Sword,3,1,1,1]serial:[0] dur:[63] Ex:[0,0,0,0,0,0,0] Set[0] 380:[0] HO:[0,0] E:[0]
[23:17:58] [fast][Tomi] SI[10,Ring of GM,0,0,0,0]serial:[3004] dur:[255] Ex:[0,0,0,0,0,0,0] Set[0] 380:[0] HO:[0,0] E:[0]
[23:17:58] [fast][Tomi] SI[12,Apple,0,0,0,0]serial:[6] dur:[1] Ex:[0,0,0,0,0,0,0] Set[0] 380:[0] HO:[0,0] E:[0]
[23:17:58] [fast][Tomi] SI[13,Jewel of Chaos,0,0,0,0]serial:[6019] dur:[0] Ex:[0,0,0,0,0,0,0] Set[0] 380:[0] HO:[0,0] E:[0]
[23:17:58] [fast][Tomi] SI[14,Jewel of Chaos,0,0,0,0]serial:[6020] dur:[0] Ex:[0,0,0,0,0,0,0] Set[0] 380:[0] HO:[0,0] E:[0]
[23:17:58] [fast][Tomi] SI[15,Transformation Ring,0,0,0,0]serial:[32] dur:[159] Ex:[0,0,0,0,0,0,0] Set[0] 380:[0] HO:[0,0] E:[0]
[23:17:58] [fast][Tomi] SI[16,Apple,0,0,0,0]serial:[10] dur:[1] Ex:[0,0,0,0,0,0,0] Set[0] 380:[0] HO:[0,0] E:[0]
[23:17:58] [fast][Tomi] SI[17,Pad Boots,0,0,1,0]serial:[31] dur:[28] Ex:[0,0,0,0,0,0,0] Set[0] 380:[0] HO:[0,0] E:[0]
[23:17:58] [fast][Tomi] SI[22,Jewel of Chaos,0,0,0,0]serial:[6021] dur:[0] Ex:[0,0,0,0,0,0,0] Set[0] 380:[0] HO:[0,0] E:[0]
[23:17:58] [fast][Tomi] SI[23,Vine Gloves,0,0,0,0]serial:[33] dur:[22] Ex:[0,0,0,0,0,0,0] Set[0] 380:[0] HO:[0,0] E:[0]
[23:17:58] [fast][Tomi] SI[30,Jewel of Chaos,0,0,0,0]serial:[6022] dur:[0] Ex:[0,0,0,0,0,0,0] Set[0] 380:[0] HO:[0,0] E:[0]
[23:17:58] [fast][Tomi] SI[33,Bill of Balrog,3,1,1,1]serial:[0] dur:[77] Ex:[0,0,0,0,0,0,0] Set[0] 380:[0] HO:[0,0] E:[0]
[23:17:58] [fast][Tomi] SI[37,Jewel of Chaos,0,0,0,0]serial:[6023] dur:[0] Ex:[0,0,0,0,0,0,0] Set[0] 380:[0] HO:[0,0] E:[0]
[23:17:58] [fast][Tomi] SI[38,Dragon Armor,3,0,1,1]serial:[0] dur:[71] Ex:[0,0,0,0,0,0,0] Set[0] 380:[0] HO:[0,0] E:[0]
[23:17:58] [fast][Tomi] SI[52,Transformation Ring,0,0,0,0]serial:[20] dur:[127] Ex:[0,0,0,0,0,0,0] Set[0] 380:[0] HO:[0,0] E:[0]
[23:17:58] [fast][Tomi] SI[53,Jewel of Chaos,0,0,0,0]serial:[6025] dur:[0] Ex:[0,0,0,0,0,0,0] Set[0] 380:[0] HO:[0,0] E:[0]
[23:17:58] [fast][Tomi] SI[60,Dragon Boots,3,0,1,1]serial:[0] dur:[71] Ex:[0,0,0,0,0,0,0] Set[0] 380:[0] HO:[0,0] E:[0]
[23:17:58] [fast][Tomi] SI[62,Dragon Helm,3,0,1,1]serial:[0] dur:[71] Ex:[0,0,0,0,0,0,0] Set[0] 380:[0] HO:[0,0] E:[0]
[23:17:58] [fast][Tomi] SI[64,Dragon Pants,3,0,1,1]serial:[0] dur:[71] Ex:[0,0,0,0,0,0,0] Set[0] 380:[0] HO:[0,0] E:[0]
[23:17:58] [fast][Tomi] SI[66,Dragon Gloves,3,0,1,1]serial:[0] dur:[71] Ex:[0,0,0,0,0,0,0] Set[0] 380:[0] HO:[0,0] E:[0]
[23:17:58] [fast][Tomi] CharInfoSave : Class=17 Level=221 LVPoint=0 Exp=112009000 Str=386 Dex=43 Vit=25 Energy=10 Leadership:0 Map=3 Pk=2
[23:17:58] [fast][Tomi] SI[0,Giant Sword,3,1,1,1]serial:[0] dur:[63] Ex:[0,0,0,0,0,0,0] Set[0] 380:[0] HO:[0,0] E:[0]
[23:17:58] [fast][Tomi] SI[10,Ring of GM,0,0,0,0]serial:[3004] dur:[255] Ex:[0,0,0,0,0,0,0] Set[0] 380:[0] HO:[0,0] E:[0]
[23:17:58] [fast][Tomi] SI[12,Apple,0,0,0,0]serial:[6] dur:[1] Ex:[0,0,0,0,0,0,0] Set[0] 380:[0] HO:[0,0] E:[0]
[23:17:58] [fast][Tomi] SI[13,Jewel of Chaos,0,0,0,0]serial:[6019] dur:[0] Ex:[0,0,0,0,0,0,0] Set[0] 380:[0] HO:[0,0] E:[0]
[23:17:58] [fast][Tomi] SI[14,Jewel of Chaos,0,0,0,0]serial:[6020] dur:[0] Ex:[0,0,0,0,0,0,0] Set[0] 380:[0] HO:[0,0] E:[0]
[23:17:58] [fast][Tomi] SI[15,Transformation Ring,0,0,0,0]serial:[32] dur:[159] Ex:[0,0,0,0,0,0,0] Set[0] 380:[0] HO:[0,0] E:[0]
[23:17:58] [fast][Tomi] SI[16,Apple,0,0,0,0]serial:[10] dur:[1] Ex:[0,0,0,0,0,0,0] Set[0] 380:[0] HO:[0,0] E:[0]
[23:17:58] [fast][Tomi] SI[17,Pad Boots,0,0,1,0]serial:[31] dur:[28] Ex:[0,0,0,0,0,0,0] Set[0] 380:[0] HO:[0,0] E:[0]
[23:17:58] [fast][Tomi] SI[22,Jewel of Chaos,0,0,0,0]serial:[6021] dur:[0] Ex:[0,0,0,0,0,0,0] Set[0] 380:[0] HO:[0,0] E:[0]
[23:17:58] [fast][Tomi] SI[23,Vine Gloves,0,0,0,0]serial:[33] dur:[22] Ex:[0,0,0,0,0,0,0] Set[0] 380:[0] HO:[0,0] E:[0]
[23:17:58] [fast][Tomi] SI[30,Jewel of Chaos,0,0,0,0]serial:[6022] dur:[0] Ex:[0,0,0,0,0,0,0] Set[0] 380:[0] HO:[0,0] E:[0]
[23:17:58] [fast][Tomi] SI[33,Bill of Balrog,3,1,1,1]serial:[0] dur:[77] Ex:[0,0,0,0,0,0,0] Set[0] 380:[0] HO:[0,0] E:[0]
[23:17:58] [fast][Tomi] SI[37,Jewel of Chaos,0,0,0,0]serial:[6023] dur:[0] Ex:[0,0,0,0,0,0,0] Set[0] 380:[0] HO:[0,0] E:[0]
[23:17:58] [fast][Tomi] SI[38,Dragon Armor,3,0,1,1]serial:[0] dur:[71] Ex:[0,0,0,0,0,0,0] Set[0] 380:[0] HO:[0,0] E:[0]
[23:17:58] [fast][Tomi] SI[52,Transformation Ring,0,0,0,0]serial:[20] dur:[127] Ex:[0,0,0,0,0,0,0] Set[0] 380:[0] HO:[0,0] E:[0]
[23:17:58] [fast][Tomi] SI[53,Jewel of Chaos,0,0,0,0]serial:[6025] dur:[0] Ex:[0,0,0,0,0,0,0] Set[0] 380:[0] HO:[0,0] E:[0]
[23:17:58] [fast][Tomi] SI[60,Dragon Boots,3,0,1,1]serial:[0] dur:[71] Ex:[0,0,0,0,0,0,0] Set[0] 380:[0] HO:[0,0] E:[0]
[23:17:58] [fast][Tomi] SI[62,Dragon Helm,3,0,1,1]serial:[0] dur:[71] Ex:[0,0,0,0,0,0,0] Set[0] 380:[0] HO:[0,0] E:[0]
[23:17:58] [fast][Tomi] SI[64,Dragon Pants,3,0,1,1]serial:[0] dur:[71] Ex:[0,0,0,0,0,0,0] Set[0] 380:[0] HO:[0,0] E:[0]
[23:17:58] [fast][Tomi] SI[66,Dragon Gloves,3,0,1,1]serial:[0] dur:[71] Ex:[0,0,0,0,0,0,0] Set[0] 380:[0] HO:[0,0] E:[0]
[23:17:58] [fast][Tomi] CharInfoSave : Class=17 Level=221 LVPoint=0 Exp=112009000 Str=386 Dex=43 Vit=25 Energy=10 Leadership:0 Map=3 Pk=2
[23:22:47] [Idk288][Conqueror] Skill Save Complete. 0 44
[23:22:47] [Idk288][Conqueror] Skill Save Complete. 1 67
[23:22:47] [Idk288][Conqueror] Skill Save Complete. 2 68
[23:22:47] [Idk288][Conqueror] Skill Save Complete. 3 69
[23:22:47] [Idk288][Conqueror] Skill Save Complete. 4 70
[23:22:47] [Idk288][Conqueror] Skill Save Complete. 5 71
[23:22:47] [Idk288][Conqueror] Skill Save Complete. 6 72
[23:22:47] [Idk288][Conqueror] SI[0,Small Axe,0,0,0,0]serial:[0] dur:[18] Ex:[0,0,0,0,0,0,0] Set[0] 380:[0] HO:[0,0] E:[0]
[23:22:47] [Idk288][Conqueror] SI[1,Small Shield,0,0,0,0]serial:[0] dur:[22] Ex:[0,0,0,0,0,0,0] Set[0] 380:[0] HO:[0,0] E:[0]
[23:22:47] [Idk288][Conqueror] CharInfoSave : Class=16 Level=1 LVPoint=0 Exp=0 Str=28 Dex=20 Vit=25 Energy=10 Leadership:0 Map=0 Pk=3
[23:23:28] [fast][Tomi] Skill Save Complete. 0 44
[23:23:28] [fast][Tomi] Skill Save Complete. 1 67
[23:23:28] [fast][Tomi] Skill Save Complete. 2 68
[23:23:28] [fast][Tomi] Skill Save Complete. 3 69
[23:23:28] [fast][Tomi] Skill Save Complete. 4 70
[23:23:28] [fast][Tomi] Skill Save Complete. 5 71
[23:23:28] [fast][Tomi] Skill Save Complete. 6 72
[23:23:28] [fast][Tomi] Skill Save Complete. 7 23
[23:23:28] [fast][Tomi] SI[0,Giant Sword,3,1,1,1]serial:[0] dur:[63] Ex:[0,0,0,0,0,0,0] Set[0] 380:[0] HO:[0,0] E:[0]
[23:23:28] [fast][Tomi] SI[10,Ring of GM,0,0,0,0]serial:[3004] dur:[255] Ex:[0,0,0,0,0,0,0] Set[0] 380:[0] HO:[0,0] E:[0]
[23:23:28] [fast][Tomi] SI[12,Apple,0,0,0,0]serial:[6] dur:[1] Ex:[0,0,0,0,0,0,0] Set[0] 380:[0] HO:[0,0] E:[0]
[23:23:28] [fast][Tomi] SI[13,Jewel of Chaos,0,0,0,0]serial:[6019] dur:[0] Ex:[0,0,0,0,0,0,0] Set[0] 380:[0] HO:[0,0] E:[0]
[23:23:28] [fast][Tomi] SI[14,Jewel of Chaos,0,0,0,0]serial:[6020] dur:[0] Ex:[0,0,0,0,0,0,0] Set[0] 380:[0] HO:[0,0] E:[0]
[23:23:28] [fast][Tomi] SI[17,Pad Boots,0,0,1,0]serial:[31] dur:[28] Ex:[0,0,0,0,0,0,0] Set[0] 380:[0] HO:[0,0] E:[0]
[23:23:28] [fast][Tomi] SI[22,Jewel of Chaos,0,0,0,0]serial:[6021] dur:[0] Ex:[0,0,0,0,0,0,0] Set[0] 380:[0] HO:[0,0] E:[0]
[23:23:28] [fast][Tomi] SI[23,Vine Gloves,0,0,0,0]serial:[33] dur:[22] Ex:[0,0,0,0,0,0,0] Set[0] 380:[0] HO:[0,0] E:[0]
[23:23:28] [fast][Tomi] SI[30,Jewel of Chaos,0,0,0,0]serial:[6022] dur:[0] Ex:[0,0,0,0,0,0,0] Set[0] 380:[0] HO:[0,0] E:[0]
[23:23:28] [fast][Tomi] SI[37,Jewel of Chaos,0,0,0,0]serial:[6023] dur:[0] Ex:[0,0,0,0,0,0,0] Set[0] 380:[0] HO:[0,0] E:[0]
[23:23:28] [fast][Tomi] SI[40,Transformation Ring,0,0,0,0]serial:[32] dur:[159] Ex:[0,0,0,0,0,0,0] Set[0] 380:[0] HO:[0,0] E:[0]
[23:23:28] [fast][Tomi] SI[44,Transformation Ring,0,0,0,0]serial:[20] dur:[126] Ex:[0,0,0,0,0,0,0] Set[0] 380:[0] HO:[0,0] E:[0]
[23:23:28] [fast][Tomi] SI[53,Jewel of Chaos,0,0,0,0]serial:[6025] dur:[0] Ex:[0,0,0,0,0,0,0] Set[0] 380:[0] HO:[0,0] E:[0]
[23:23:28] [fast][Tomi] SI[60,Dragon Boots,3,0,1,1]serial:[0] dur:[71] Ex:[0,0,0,0,0,0,0] Set[0] 380:[0] HO:[0,0] E:[0]
[23:23:28] [fast][Tomi] SI[62,Dragon Helm,3,0,1,1]serial:[0] dur:[71] Ex:[0,0,0,0,0,0,0] Set[0] 380:[0] HO:[0,0] E:[0]
[23:23:28] [fast][Tomi] SI[64,Dragon Pants,3,0,1,1]serial:[0] dur:[71] Ex:[0,0,0,0,0,0,0] Set[0] 380:[0] HO:[0,0] E:[0]
[23:23:28] [fast][Tomi] SI[66,Dragon Gloves,3,0,1,1]serial:[0] dur:[71] Ex:[0,0,0,0,0,0,0] Set[0] 380:[0] HO:[0,0] E:[0]
[23:23:28] [fast][Tomi] SI[79,Invisibility Cloak,8,0,0,0]serial:[3032] dur:[255] Ex:[0,0,0,0,0,0,0] Set[0] 380:[0] HO:[0,0] E:[0]
[23:23:28] [fast][Tomi] SI[109,Bill of Balrog,3,1,1,1]serial:[0] dur:[77] Ex:[0,0,0,0,0,0,0] Set[0] 380:[0] HO:[0,0] E:[0]
[23:23:28] [fast][Tomi] SI[120,Dragon Armor,3,0,1,1]serial:[0] dur:[71] Ex:[0,0,0,0,0,0,0] Set[0] 380:[0] HO:[0,0] E:[0]
[23:23:28] [fast][Tomi] CharInfoSave : Class=17 Level=221 LVPoint=0 Exp=112009000 Str=386 Dex=43 Vit=25 Energy=10 Leadership:0 Map=0 Pk=2
[23:31:43] [fast][Tomi] SI[10,Ring of GM,0,0,0,0]serial:[3004] dur:[255] Ex:[0,0,0,0,0,0,0] Set[0] 380:[0] HO:[0,0] E:[0]
[23:31:43] [fast][Tomi] SI[12,Apple,0,0,0,0]serial:[6] dur:[1] Ex:[0,0,0,0,0,0,0] Set[0] 380:[0] HO:[0,0] E:[0]
[23:31:43] [fast][Tomi] SI[13,Jewel of Chaos,0,0,0,0]serial:[6019] dur:[0] Ex:[0,0,0,0,0,0,0] Set[0] 380:[0] HO:[0,0] E:[0]
[23:31:43] [fast][Tomi] SI[14,Jewel of Chaos,0,0,0,0]serial:[6020] dur:[0] Ex:[0,0,0,0,0,0,0] Set[0] 380:[0] HO:[0,0] E:[0]
[23:31:43] [fast][Tomi] SI[17,Pad Boots,0,0,1,0]serial:[31] dur:[28] Ex:[0,0,0,0,0,0,0] Set[0] 380:[0] HO:[0,0] E:[0]
[23:31:43] [fast][Tomi] SI[22,Jewel of Chaos,0,0,0,0]serial:[6021] dur:[0] Ex:[0,0,0,0,0,0,0] Set[0] 380:[0] HO:[0,0] E:[0]
[23:31:43] [fast][Tomi] SI[23,Vine Gloves,0,0,0,0]serial:[33] dur:[22] Ex:[0,0,0,0,0,0,0] Set[0] 380:[0] HO:[0,0] E:[0]
[23:31:43] [fast][Tomi] SI[30,Jewel of Chaos,0,0,0,0]serial:[6022] dur:[0] Ex:[0,0,0,0,0,0,0] Set[0] 380:[0] HO:[0,0] E:[0]
[23:31:43] [fast][Tomi] SI[37,Jewel of Chaos,0,0,0,0]serial:[6023] dur:[0] Ex:[0,0,0,0,0,0,0] Set[0] 380:[0] HO:[0,0] E:[0]
[23:31:43] [fast][Tomi] SI[40,Transformation Ring,0,0,0,0]serial:[32] dur:[159] Ex:[0,0,0,0,0,0,0] Set[0] 380:[0] HO:[0,0] E:[0]
[23:31:43] [fast][Tomi] SI[44,Transformation Ring,0,0,0,0]serial:[20] dur:[126] Ex:[0,0,0,0,0,0,0] Set[0] 380:[0] HO:[0,0] E:[0]
[23:31:43] [fast][Tomi] SI[53,Jewel of Chaos,0,0,0,0]serial:[6025] dur:[0] Ex:[0,0,0,0,0,0,0] Set[0] 380:[0] HO:[0,0] E:[0]
[23:31:43] [fast][Tomi] SI[60,Dragon Boots,3,0,1,1]serial:[0] dur:[71] Ex:[0,0,0,0,0,0,0] Set[0] 380:[0] HO:[0,0] E:[0]
[23:31:43] [fast][Tomi] SI[62,Dragon Helm,3,0,1,1]serial:[0] dur:[71] Ex:[0,0,0,0,0,0,0] Set[0] 380:[0] HO:[0,0] E:[0]
[23:31:43] [fast][Tomi] SI[64,Dragon Pants,3,0,1,1]serial:[0] dur:[71] Ex:[0,0,0,0,0,0,0] Set[0] 380:[0] HO:[0,0] E:[0]
[23:31:43] [fast][Tomi] SI[66,Dragon Gloves,3,0,1,1]serial:[0] dur:[71] Ex:[0,0,0,0,0,0,0] Set[0] 380:[0] HO:[0,0] E:[0]
[23:31:43] [fast][Tomi] SI[79,Invisibility Cloak,8,0,0,0]serial:[3032] dur:[255] Ex:[0,0,0,0,0,0,0] Set[0] 380:[0] HO:[0,0] E:[0]
[23:31:43] [fast][Tomi] SI[109,Bill of Balrog,3,1,1,1]serial:[0] dur:[77] Ex:[0,0,0,0,0,0,0] Set[0] 380:[0] HO:[0,0] E:[0]
[23:31:43] [fast][Tomi] SI[120,Dragon Armor,3,0,1,1]serial:[0] dur:[71] Ex:[0,0,0,0,0,0,0] Set[0] 380:[0] HO:[0,0] E:[0]
[23:31:43] [fast][Tomi] SW [0,Sword Breaker,15,1,1,7]serial:[6027] dur:[152] Ex:[1,1,1,1,1,1,0] Set:[0] 380:[0] HO:[0,0] E:[0]
[23:31:43] [fast][Tomi] SW [19,Wing of Storm,15,0,1,7]serial:[6030] dur:[255] Ex:[1,1,1,1,1,1,0] Set:[0] 380:[0] HO:[0,0] E:[0]
[23:31:43] [fast][Tomi] SW [32,Sword Breaker,15,1,1,6]serial:[6026] dur:[152] Ex:[1,1,1,1,1,1,0] Set:[0] 380:[0] HO:[0,0] E:[0]
[23:31:43] [fast][Tomi] SW [45,Devil's Key,1,0,0,0]serial:[19] dur:[1] Ex:[0,0,0,0,0,0,0] Set:[0] 380:[0] HO:[0,0] E:[0]
[23:31:43] [fast][Tomi] SW [58,Giant Sword,3,1,1,1]serial:[0] dur:[63] Ex:[0,0,0,0,0,0,0] Set:[0] 380:[0] HO:[0,0] E:[0]
[23:31:43] [fast][Tomi] SW [93,Sword Breaker,15,1,1,7]serial:[6029] dur:[152] Ex:[1,1,1,1,1,1,0] Set:[0] 380:[0] HO:[0,0] E:[7]
[23:31:43] [fast][Tomi] SW [94,Sword Breaker,15,1,1,7]serial:[6028] dur:[152] Ex:[1,1,1,1,1,1,0] Set:[0] 380:[0] HO:[0,0] E:[7]
[23:31:51] [fast][Tomi] Skill Save Complete. 0 44
[23:31:51] [fast][Tomi] Skill Save Complete. 1 67
[23:31:51] [fast][Tomi] Skill Save Complete. 2 68
[23:31:51] [fast][Tomi] Skill Save Complete. 3 69
[23:31:51] [fast][Tomi] Skill Save Complete. 4 70
[23:31:51] [fast][Tomi] Skill Save Complete. 5 71
[23:31:51] [fast][Tomi] Skill Save Complete. 6 72
[23:31:51] [fast][Tomi] SI[10,Ring of GM,0,0,0,0]serial:[3004] dur:[255] Ex:[0,0,0,0,0,0,0] Set[0] 380:[0] HO:[0,0] E:[0]
[23:31:51] [fast][Tomi] SI[12,Apple,0,0,0,0]serial:[6] dur:[1] Ex:[0,0,0,0,0,0,0] Set[0] 380:[0] HO:[0,0] E:[0]
[23:31:51] [fast][Tomi] SI[13,Jewel of Chaos,0,0,0,0]serial:[6019] dur:[0] Ex:[0,0,0,0,0,0,0] Set[0] 380:[0] HO:[0,0] E:[0]
[23:31:51] [fast][Tomi] SI[14,Jewel of Chaos,0,0,0,0]serial:[6020] dur:[0] Ex:[0,0,0,0,0,0,0] Set[0] 380:[0] HO:[0,0] E:[0]
[23:31:51] [fast][Tomi] SI[17,Pad Boots,0,0,1,0]serial:[31] dur:[28] Ex:[0,0,0,0,0,0,0] Set[0] 380:[0] HO:[0,0] E:[0]
[23:31:51] [fast][Tomi] SI[22,Jewel of Chaos,0,0,0,0]serial:[6021] dur:[0] Ex:[0,0,0,0,0,0,0] Set[0] 380:[0] HO:[0,0] E:[0]
[23:31:51] [fast][Tomi] SI[23,Vine Gloves,0,0,0,0]serial:[33] dur:[22] Ex:[0,0,0,0,0,0,0] Set[0] 380:[0] HO:[0,0] E:[0]
[23:31:51] [fast][Tomi] SI[30,Jewel of Chaos,0,0,0,0]serial:[6022] dur:[0] Ex:[0,0,0,0,0,0,0] Set[0] 380:[0] HO:[0,0] E:[0]
[23:31:51] [fast][Tomi] SI[37,Jewel of Chaos,0,0,0,0]serial:[6023] dur:[0] Ex:[0,0,0,0,0,0,0] Set[0] 380:[0] HO:[0,0] E:[0]
[23:31:51] [fast][Tomi] SI[40,Transformation Ring,0,0,0,0]serial:[32] dur:[159] Ex:[0,0,0,0,0,0,0] Set[0] 380:[0] HO:[0,0] E:[0]
[23:31:51] [fast][Tomi] SI[44,Transformation Ring,0,0,0,0]serial:[20] dur:[126] Ex:[0,0,0,0,0,0,0] Set[0] 380:[0] HO:[0,0] E:[0]
[23:31:51] [fast][Tomi] SI[53,Jewel of Chaos,0,0,0,0]serial:[6025] dur:[0] Ex:[0,0,0,0,0,0,0] Set[0] 380:[0] HO:[0,0] E:[0]
[23:31:51] [fast][Tomi] SI[60,Dragon Boots,3,0,1,1]serial:[0] dur:[71] Ex:[0,0,0,0,0,0,0] Set[0] 380:[0] HO:[0,0] E:[0]
[23:31:51] [fast][Tomi] SI[62,Dragon Helm,3,0,1,1]serial:[0] dur:[71] Ex:[0,0,0,0,0,0,0] Set[0] 380:[0] HO:[0,0] E:[0]
[23:31:51] [fast][Tomi] SI[64,Dragon Pants,3,0,1,1]serial:[0] dur:[71] Ex:[0,0,0,0,0,0,0] Set[0] 380:[0] HO:[0,0] E:[0]
[23:31:51] [fast][Tomi] SI[66,Dragon Gloves,3,0,1,1]serial:[0] dur:[71] Ex:[0,0,0,0,0,0,0] Set[0] 380:[0] HO:[0,0] E:[0]
[23:31:51] [fast][Tomi] SI[79,Invisibility Cloak,8,0,0,0]serial:[3032] dur:[255] Ex:[0,0,0,0,0,0,0] Set[0] 380:[0] HO:[0,0] E:[0]
[23:31:51] [fast][Tomi] SI[109,Bill of Balrog,3,1,1,1]serial:[0] dur:[77] Ex:[0,0,0,0,0,0,0] Set[0] 380:[0] HO:[0,0] E:[0]
[23:31:51] [fast][Tomi] SI[120,Dragon Armor,3,0,1,1]serial:[0] dur:[71] Ex:[0,0,0,0,0,0,0] Set[0] 380:[0] HO:[0,0] E:[0]
[23:31:51] [fast][Tomi] CharInfoSave : Class=18 Level=221 LVPoint=0 Exp=112009000 Str=65000 Dex=65000 Vit=65000 Energy=65000 Leadership:0 Map=0 Pk=2
[23:32:16] [fast][Tomi] SI[0,Sword Breaker,15,1,1,7]serial:[6027] dur:[152] Ex:[1,1,1,1,1,1,0] Set[0] 380:[0] HO:[0,0] E:[0]
[23:32:16] [fast][Tomi] SI[1,Sword Breaker,15,1,1,6]serial:[6026] dur:[152] Ex:[1,1,1,1,1,1,0] Set[0] 380:[0] HO:[0,0] E:[0]
[23:32:16] [fast][Tomi] SI[7,Wing of Storm,15,0,1,7]serial:[6030] dur:[255] Ex:[1,1,1,1,1,1,0] Set[0] 380:[0] HO:[0,0] E:[0]
[23:32:16] [fast][Tomi] SI[10,Ring of GM,0,0,0,0]serial:[3004] dur:[255] Ex:[0,0,0,0,0,0,0] Set[0] 380:[0] HO:[0,0] E:[0]
[23:32:16] [fast][Tomi] SI[12,Apple,0,0,0,0]serial:[6] dur:[1] Ex:[0,0,0,0,0,0,0] Set[0] 380:[0] HO:[0,0] E:[0]
[23:32:16] [fast][Tomi] SI[13,Jewel of Chaos,0,0,0,0]serial:[6019] dur:[0] Ex:[0,0,0,0,0,0,0] Set[0] 380:[0] HO:[0,0] E:[0]
[23:32:16] [fast][Tomi] SI[14,Jewel of Chaos,0,0,0,0]serial:[6020] dur:[0] Ex:[0,0,0,0,0,0,0] Set[0] 380:[0] HO:[0,0] E:[0]
[23:32:16] [fast][Tomi] SI[17,Pad Boots,0,0,1,0]serial:[31] dur:[28] Ex:[0,0,0,0,0,0,0] Set[0] 380:[0] HO:[0,0] E:[0]
[23:32:16] [fast][Tomi] SI[22,Jewel of Chaos,0,0,0,0]serial:[6021] dur:[0] Ex:[0,0,0,0,0,0,0] Set[0] 380:[0] HO:[0,0] E:[0]
[23:32:16] [fast][Tomi] SI[23,Vine Gloves,0,0,0,0]serial:[33] dur:[22] Ex:[0,0,0,0,0,0,0] Set[0] 380:[0] HO:[0,0] E:[0]
[23:32:16] [fast][Tomi] SI[30,Jewel of Chaos,0,0,0,0]serial:[6022] dur:[0] Ex:[0,0,0,0,0,0,0] Set[0] 380:[0] HO:[0,0] E:[0]
[23:32:16] [fast][Tomi] SI[37,Jewel of Chaos,0,0,0,0]serial:[6023] dur:[0] Ex:[0,0,0,0,0,0,0] Set[0] 380:[0] HO:[0,0] E:[0]
[23:32:16] [fast][Tomi] SI[40,Transformation Ring,0,0,0,0]serial:[32] dur:[159] Ex:[0,0,0,0,0,0,0] Set[0] 380:[0] HO:[0,0] E:[0]
[23:32:16] [fast][Tomi] SI[44,Transformation Ring,0,0,0,0]serial:[20] dur:[126] Ex:[0,0,0,0,0,0,0] Set[0] 380:[0] HO:[0,0] E:[0]
[23:32:16] [fast][Tomi] SI[53,Jewel of Chaos,0,0,0,0]serial:[6025] dur:[0] Ex:[0,0,0,0,0,0,0] Set[0] 380:[0] HO:[0,0] E:[0]
[23:32:16] [fast][Tomi] SI[60,Dragon Boots,3,0,1,1]serial:[0] dur:[71] Ex:[0,0,0,0,0,0,0] Set[0] 380:[0] HO:[0,0] E:[0]
[23:32:16] [fast][Tomi] SI[62,Dragon Helm,3,0,1,1]serial:[0] dur:[71] Ex:[0,0,0,0,0,0,0] Set[0] 380:[0] HO:[0,0] E:[0]
[23:32:16] [fast][Tomi] SI[64,Dragon Pants,3,0,1,1]serial:[0] dur:[71] Ex:[0,0,0,0,0,0,0] Set[0] 380:[0] HO:[0,0] E:[0]
[23:32:16] [fast][Tomi] SI[66,Dragon Gloves,3,0,1,1]serial:[0] dur:[71] Ex:[0,0,0,0,0,0,0] Set[0] 380:[0] HO:[0,0] E:[0]
[23:32:16] [fast][Tomi] SI[79,Invisibility Cloak,8,0,0,0]serial:[3032] dur:[255] Ex:[0,0,0,0,0,0,0] Set[0] 380:[0] HO:[0,0] E:[0]
[23:32:16] [fast][Tomi] SI[109,Bill of Balrog,3,1,1,1]serial:[0] dur:[77] Ex:[0,0,0,0,0,0,0] Set[0] 380:[0] HO:[0,0] E:[0]
[23:32:16] [fast][Tomi] SI[120,Dragon Armor,3,0,1,1]serial:[0] dur:[71] Ex:[0,0,0,0,0,0,0] Set[0] 380:[0] HO:[0,0] E:[0]
[23:32:16] [fast][Tomi] SW [45,Devil's Key,1,0,0,0]serial:[19] dur:[1] Ex:[0,0,0,0,0,0,0] Set:[0] 380:[0] HO:[0,0] E:[0]
[23:32:16] [fast][Tomi] SW [58,Giant Sword,3,1,1,1]serial:[0] dur:[63] Ex:[0,0,0,0,0,0,0] Set:[0] 380:[0] HO:[0,0] E:[0]
[23:32:16] [fast][Tomi] SW [93,Sword Breaker,15,1,1,7]serial:[6029] dur:[152] Ex:[1,1,1,1,1,1,0] Set:[0] 380:[0] HO:[0,0] E:[7]
[23:32:16] [fast][Tomi] SW [94,Sword Breaker,15,1,1,7]serial:[6028] dur:[152] Ex:[1,1,1,1,1,1,0] Set:[0] 380:[0] HO:[0,0] E:[7]
[23:33:24] [fast][Tomi] SI[0,Sword Breaker,15,1,1,7]serial:[6027] dur:[152] Ex:[1,1,1,1,1,1,0] Set[0] 380:[0] HO:[0,0] E:[0]
[23:33:24] [fast][Tomi] SI[1,Sword Breaker,15,1,1,6]serial:[6026] dur:[152] Ex:[1,1,1,1,1,1,0] Set[0] 380:[0] HO:[0,0] E:[0]
[23:33:24] [fast][Tomi] SI[7,Wing of Storm,15,0,1,7]serial:[6030] dur:[255] Ex:[1,1,1,1,1,1,0] Set[0] 380:[0] HO:[0,0] E:[0]
[23:33:24] [fast][Tomi] SI[10,Ring of GM,0,0,0,0]serial:[3004] dur:[255] Ex:[0,0,0,0,0,0,0] Set[0] 380:[0] HO:[0,0] E:[0]
[23:33:24] [fast][Tomi] SI[13,Jewel of Chaos,0,0,0,0]serial:[6019] dur:[0] Ex:[0,0,0,0,0,0,0] Set[0] 380:[0] HO:[0,0] E:[0]
[23:33:24] [fast][Tomi] SI[14,Jewel of Chaos,0,0,0,0]serial:[6020] dur:[0] Ex:[0,0,0,0,0,0,0] Set[0] 380:[0] HO:[0,0] E:[0]
[23:33:24] [fast][Tomi] SI[17,Pad Boots,0,0,1,0]serial:[31] dur:[28] Ex:[0,0,0,0,0,0,0] Set[0] 380:[0] HO:[0,0] E:[0]
[23:33:24] [fast][Tomi] SI[22,Jewel of Chaos,0,0,0,0]serial:[6021] dur:[0] Ex:[0,0,0,0,0,0,0] Set[0] 380:[0] HO:[0,0] E:[0]
[23:33:24] [fast][Tomi] SI[23,Vine Gloves,0,0,0,0]serial:[33] dur:[22] Ex:[0,0,0,0,0,0,0] Set[0] 380:[0] HO:[0,0] E:[0]
[23:33:24] [fast][Tomi] SI[30,Jewel of Chaos,0,0,0,0]serial:[6022] dur:[0] Ex:[0,0,0,0,0,0,0] Set[0] 380:[0] HO:[0,0] E:[0]
[23:33:24] [fast][Tomi] SI[37,Jewel of Chaos,0,0,0,0]serial:[6023] dur:[0] Ex:[0,0,0,0,0,0,0] Set[0] 380:[0] HO:[0,0] E:[0]
[23:33:24] [fast][Tomi] SI[40,Transformation Ring,0,0,0,0]serial:[32] dur:[159] Ex:[0,0,0,0,0,0,0] Set[0] 380:[0] HO:[0,0] E:[0]
[23:33:24] [fast][Tomi] SI[44,Transformation Ring,0,0,0,0]serial:[20] dur:[126] Ex:[0,0,0,0,0,0,0] Set[0] 380:[0] HO:[0,0] E:[0]
[23:33:24] [fast][Tomi] SI[53,Jewel of Chaos,0,0,0,0]serial:[6025] dur:[0] Ex:[0,0,0,0,0,0,0] Set[0] 380:[0] HO:[0,0] E:[0]
[23:33:24] [fast][Tomi] SI[60,Dragon Boots,3,0,1,1]serial:[0] dur:[71] Ex:[0,0,0,0,0,0,0] Set[0] 380:[0] HO:[0,0] E:[0]
[23:33:24] [fast][Tomi] SI[62,Dragon Helm,3,0,1,1]serial:[0] dur:[71] Ex:[0,0,0,0,0,0,0] Set[0] 380:[0] HO:[0,0] E:[0]
[23:33:24] [fast][Tomi] SI[64,Dragon Pants,3,0,1,1]serial:[0] dur:[71] Ex:[0,0,0,0,0,0,0] Set[0] 380:[0] HO:[0,0] E:[0]
[23:33:24] [fast][Tomi] SI[66,Dragon Gloves,3,0,1,1]serial:[0] dur:[71] Ex:[0,0,0,0,0,0,0] Set[0] 380:[0] HO:[0,0] E:[0]
[23:33:24] [fast][Tomi] SI[79,Invisibility Cloak,8,0,0,0]serial:[3032] dur:[255] Ex:[0,0,0,0,0,0,0] Set[0] 380:[0] HO:[0,0] E:[0]
[23:33:24] [fast][Tomi] SI[109,Bill of Balrog,3,1,1,1]serial:[0] dur:[77] Ex:[0,0,0,0,0,0,0] Set[0] 380:[0] HO:[0,0] E:[0]
[23:33:24] [fast][Tomi] SI[120,Dragon Armor,3,0,1,1]serial:[0] dur:[71] Ex:[0,0,0,0,0,0,0] Set[0] 380:[0] HO:[0,0] E:[0]
[23:33:24] [fast][Tomi] SW [45,Devil's Key,1,0,0,0]serial:[19] dur:[1] Ex:[0,0,0,0,0,0,0] Set:[0] 380:[0] HO:[0,0] E:[0]
[23:33:24] [fast][Tomi] SW [58,Giant Sword,3,1,1,1]serial:[0] dur:[63] Ex:[0,0,0,0,0,0,0] Set:[0] 380:[0] HO:[0,0] E:[0]
[23:33:24] [fast][Tomi] SW [93,Sword Breaker,15,1,1,7]serial:[6029] dur:[152] Ex:[1,1,1,1,1,1,0] Set:[0] 380:[0] HO:[0,0] E:[7]
[23:33:24] [fast][Tomi] SW [94,Sword Breaker,15,1,1,7]serial:[6028] dur:[152] Ex:[1,1,1,1,1,1,0] Set:[0] 380:[0] HO:[0,0] E:[7]
[23:33:49] [fast][Tomi] SI[0,Sword Breaker,15,1,1,7]serial:[6027] dur:[152] Ex:[1,1,1,1,1,1,0] Set[0] 380:[0] HO:[0,0] E:[0]
[23:33:49] [fast][Tomi] SI[1,Sword Breaker,15,1,1,6]serial:[6026] dur:[152] Ex:[1,1,1,1,1,1,0] Set[0] 380:[0] HO:[0,0] E:[0]
[23:33:49] [fast][Tomi] SI[7,Wing of Storm,15,0,1,7]serial:[6030] dur:[255] Ex:[1,1,1,1,1,1,0] Set[0] 380:[0] HO:[0,0] E:[0]
[23:33:49] [fast][Tomi] SI[10,Ring of GM,0,0,0,0]serial:[3004] dur:[255] Ex:[0,0,0,0,0,0,0] Set[0] 380:[0] HO:[0,0] E:[0]
[23:33:49] [fast][Tomi] SI[13,Jewel of Chaos,0,0,0,0]serial:[6019] dur:[0] Ex:[0,0,0,0,0,0,0] Set[0] 380:[0] HO:[0,0] E:[0]
[23:33:49] [fast][Tomi] SI[14,Jewel of Chaos,0,0,0,0]serial:[6020] dur:[0] Ex:[0,0,0,0,0,0,0] Set[0] 380:[0] HO:[0,0] E:[0]
[23:33:49] [fast][Tomi] SI[17,Pad Boots,0,0,1,0]serial:[31] dur:[28] Ex:[0,0,0,0,0,0,0] Set[0] 380:[0] HO:[0,0] E:[0]
[23:33:49] [fast][Tomi] SI[22,Jewel of Chaos,0,0,0,0]serial:[6021] dur:[0] Ex:[0,0,0,0,0,0,0] Set[0] 380:[0] HO:[0,0] E:[0]
[23:33:49] [fast][Tomi] SI[23,Vine Gloves,0,0,0,0]serial:[33] dur:[22] Ex:[0,0,0,0,0,0,0] Set[0] 380:[0] HO:[0,0] E:[0]
[23:33:49] [fast][Tomi] SI[30,Jewel of Chaos,0,0,0,0]serial:[6022] dur:[0] Ex:[0,0,0,0,0,0,0] Set[0] 380:[0] HO:[0,0] E:[0]
[23:33:49] [fast][Tomi] SI[37,Jewel of Chaos,0,0,0,0]serial:[6023] dur:[0] Ex:[0,0,0,0,0,0,0] Set[0] 380:[0] HO:[0,0] E:[0]
[23:33:49] [fast][Tomi] SI[40,Transformation Ring,0,0,0,0]serial:[32] dur:[159] Ex:[0,0,0,0,0,0,0] Set[0] 380:[0] HO:[0,0] E:[0]
[23:33:49] [fast][Tomi] SI[44,Transformation Ring,0,0,0,0]serial:[20] dur:[126] Ex:[0,0,0,0,0,0,0] Set[0] 380:[0] HO:[0,0] E:[0]
[23:33:49] [fast][Tomi] SI[53,Jewel of Chaos,0,0,0,0]serial:[6025] dur:[0] Ex:[0,0,0,0,0,0,0] Set[0] 380:[0] HO:[0,0] E:[0]
[23:33:49] [fast][Tomi] SI[60,Dragon Boots,3,0,1,1]serial:[0] dur:[71] Ex:[0,0,0,0,0,0,0] Set[0] 380:[0] HO:[0,0] E:[0]
[23:33:49] [fast][Tomi] SI[62,Dragon Helm,3,0,1,1]serial:[0] dur:[71] Ex:[0,0,0,0,0,0,0] Set[0] 380:[0] HO:[0,0] E:[0]
[23:33:49] [fast][Tomi] SI[64,Dragon Pants,3,0,1,1]serial:[0] dur:[71] Ex:[0,0,0,0,0,0,0] Set[0] 380:[0] HO:[0,0] E:[0]
[23:33:49] [fast][Tomi] SI[66,Dragon Gloves,3,0,1,1]serial:[0] dur:[71] Ex:[0,0,0,0,0,0,0] Set[0] 380:[0] HO:[0,0] E:[0]
[23:33:49] [fast][Tomi] SI[79,Invisibility Cloak,8,0,0,0]serial:[3032] dur:[255] Ex:[0,0,0,0,0,0,0] Set[0] 380:[0] HO:[0,0] E:[0]
[23:33:49] [fast][Tomi] SI[109,Bill of Balrog,3,1,1,1]serial:[0] dur:[77] Ex:[0,0,0,0,0,0,0] Set[0] 380:[0] HO:[0,0] E:[0]
[23:33:49] [fast][Tomi] SI[120,Dragon Armor,3,0,1,1]serial:[0] dur:[71] Ex:[0,0,0,0,0,0,0] Set[0] 380:[0] HO:[0,0] E:[0]
[23:33:49] [fast][Tomi] SW [45,Devil's Key,1,0,0,0]serial:[19] dur:[1] Ex:[0,0,0,0,0,0,0] Set:[0] 380:[0] HO:[0,0] E:[0]
[23:33:49] [fast][Tomi] SW [58,Giant Sword,3,1,1,1]serial:[0] dur:[63] Ex:[0,0,0,0,0,0,0] Set:[0] 380:[0] HO:[0,0] E:[0]
[23:33:49] [fast][Tomi] SW [93,Sword Breaker,15,1,1,7]serial:[6029] dur:[152] Ex:[1,1,1,1,1,1,0] Set:[0] 380:[0] HO:[0,0] E:[7]
[23:33:49] [fast][Tomi] SW [94,Sword Breaker,15,1,1,7]serial:[6028] dur:[152] Ex:[1,1,1,1,1,1,0] Set:[0] 380:[0] HO:[0,0] E:[7]
[23:33:56] [fast][Tomi] SI[0,Sword Breaker,15,1,1,7]serial:[6027] dur:[152] Ex:[1,1,1,1,1,1,0] Set[0] 380:[0] HO:[0,0] E:[0]
[23:33:56] [fast][Tomi] SI[1,Sword Breaker,15,1,1,6]serial:[6026] dur:[152] Ex:[1,1,1,1,1,1,0] Set[0] 380:[0] HO:[0,0] E:[0]
[23:33:56] [fast][Tomi] SI[7,Wing of Storm,15,0,1,7]serial:[6030] dur:[255] Ex:[1,1,1,1,1,1,0] Set[0] 380:[0] HO:[0,0] E:[0]
[23:33:56] [fast][Tomi] SI[10,Ring of GM,0,0,0,0]serial:[3004] dur:[255] Ex:[0,0,0,0,0,0,0] Set[0] 380:[0] HO:[0,0] E:[0]
[23:33:56] [fast][Tomi] SI[13,Jewel of Chaos,0,0,0,0]serial:[6019] dur:[0] Ex:[0,0,0,0,0,0,0] Set[0] 380:[0] HO:[0,0] E:[0]
[23:33:56] [fast][Tomi] SI[14,Jewel of Chaos,0,0,0,0]serial:[6020] dur:[0] Ex:[0,0,0,0,0,0,0] Set[0] 380:[0] HO:[0,0] E:[0]
[23:33:56] [fast][Tomi] SI[17,Pad Boots,0,0,1,0]serial:[31] dur:[28] Ex:[0,0,0,0,0,0,0] Set[0] 380:[0] HO:[0,0] E:[0]
[23:33:56] [fast][Tomi] SI[23,Vine Gloves,0,0,0,0]serial:[33] dur:[22] Ex:[0,0,0,0,0,0,0] Set[0] 380:[0] HO:[0,0] E:[0]
[23:33:56] [fast][Tomi] SI[30,Jewel of Chaos,0,0,0,0]serial:[6022] dur:[0] Ex:[0,0,0,0,0,0,0] Set[0] 380:[0] HO:[0,0] E:[0]
[23:33:56] [fast][Tomi] SI[37,Jewel of Chaos,0,0,0,0]serial:[6023] dur:[0] Ex:[0,0,0,0,0,0,0] Set[0] 380:[0] HO:[0,0] E:[0]
[23:33:56] [fast][Tomi] SI[40,Transformation Ring,0,0,0,0]serial:[32] dur:[159] Ex:[0,0,0,0,0,0,0] Set[0] 380:[0] HO:[0,0] E:[0]
[23:33:56] [fast][Tomi] SI[44,Transformation Ring,0,0,0,0]serial:[20] dur:[126] Ex:[0,0,0,0,0,0,0] Set[0] 380:[0] HO:[0,0] E:[0]
[23:33:56] [fast][Tomi] SI[53,Jewel of Chaos,0,0,0,0]serial:[6025] dur:[0] Ex:[0,0,0,0,0,0,0] Set[0] 380:[0] HO:[0,0] E:[0]
[23:33:56] [fast][Tomi] SI[60,Dragon Boots,3,0,1,1]serial:[0] dur:[71] Ex:[0,0,0,0,0,0,0] Set[0] 380:[0] HO:[0,0] E:[0]
[23:33:56] [fast][Tomi] SI[62,Dragon Helm,3,0,1,1]serial:[0] dur:[71] Ex:[0,0,0,0,0,0,0] Set[0] 380:[0] HO:[0,0] E:[0]
[23:33:56] [fast][Tomi] SI[64,Dragon Pants,3,0,1,1]serial:[0] dur:[71] Ex:[0,0,0,0,0,0,0] Set[0] 380:[0] HO:[0,0] E:[0]
[23:33:56] [fast][Tomi] SI[66,Dragon Gloves,3,0,1,1]serial:[0] dur:[71] Ex:[0,0,0,0,0,0,0] Set[0] 380:[0] HO:[0,0] E:[0]
[23:33:56] [fast][Tomi] SI[79,Invisibility Cloak,8,0,0,0]serial:[3032] dur:[255] Ex:[0,0,0,0,0,0,0] Set[0] 380:[0] HO:[0,0] E:[0]
[23:33:56] [fast][Tomi] SI[109,Bill of Balrog,3,1,1,1]serial:[0] dur:[77] Ex:[0,0,0,0,0,0,0] Set[0] 380:[0] HO:[0,0] E:[0]
[23:33:56] [fast][Tomi] SI[120,Dragon Armor,3,0,1,1]serial:[0] dur:[71] Ex:[0,0,0,0,0,0,0] Set[0] 380:[0] HO:[0,0] E:[0]
[23:33:56] [fast][Tomi] CharInfoSave : Class=18 Level=400 LVPoint=0 Exp=-402717296 Str=65000 Dex=65000 Vit=65000 Energy=65000 Leadership:0 Map=3 Pk=2
[23:33:56] [fast][Tomi] SI[0,Sword Breaker,15,1,1,7]serial:[6027] dur:[152] Ex:[1,1,1,1,1,1,0] Set[0] 380:[0] HO:[0,0] E:[0]
[23:33:56] [fast][Tomi] SI[1,Sword Breaker,15,1,1,6]serial:[6026] dur:[152] Ex:[1,1,1,1,1,1,0] Set[0] 380:[0] HO:[0,0] E:[0]
[23:33:56] [fast][Tomi] SI[7,Wing of Storm,15,0,1,7]serial:[6030] dur:[255] Ex:[1,1,1,1,1,1,0] Set[0] 380:[0] HO:[0,0] E:[0]
[23:33:56] [fast][Tomi] SI[10,Ring of GM,0,0,0,0]serial:[3004] dur:[255] Ex:[0,0,0,0,0,0,0] Set[0] 380:[0] HO:[0,0] E:[0]
[23:33:56] [fast][Tomi] SI[13,Jewel of Chaos,0,0,0,0]serial:[6019] dur:[0] Ex:[0,0,0,0,0,0,0] Set[0] 380:[0] HO:[0,0] E:[0]
[23:33:56] [fast][Tomi] SI[14,Jewel of Chaos,0,0,0,0]serial:[6020] dur:[0] Ex:[0,0,0,0,0,0,0] Set[0] 380:[0] HO:[0,0] E:[0]
[23:33:56] [fast][Tomi] SI[17,Pad Boots,0,0,1,0]serial:[31] dur:[28] Ex:[0,0,0,0,0,0,0] Set[0] 380:[0] HO:[0,0] E:[0]
[23:33:56] [fast][Tomi] SI[23,Vine Gloves,0,0,0,0]serial:[33] dur:[22] Ex:[0,0,0,0,0,0,0] Set[0] 380:[0] HO:[0,0] E:[0]
[23:33:56] [fast][Tomi] SI[30,Jewel of Chaos,0,0,0,0]serial:[6022] dur:[0] Ex:[0,0,0,0,0,0,0] Set[0] 380:[0] HO:[0,0] E:[0]
[23:33:56] [fast][Tomi] SI[37,Jewel of Chaos,0,0,0,0]serial:[6023] dur:[0] Ex:[0,0,0,0,0,0,0] Set[0] 380:[0] HO:[0,0] E:[0]
[23:33:56] [fast][Tomi] SI[40,Transformation Ring,0,0,0,0]serial:[32] dur:[159] Ex:[0,0,0,0,0,0,0] Set[0] 380:[0] HO:[0,0] E:[0]
[23:33:56] [fast][Tomi] SI[44,Transformation Ring,0,0,0,0]serial:[20] dur:[126] Ex:[0,0,0,0,0,0,0] Set[0] 380:[0] HO:[0,0] E:[0]
[23:33:56] [fast][Tomi] SI[53,Jewel of Chaos,0,0,0,0]serial:[6025] dur:[0] Ex:[0,0,0,0,0,0,0] Set[0] 380:[0] HO:[0,0] E:[0]
[23:33:56] [fast][Tomi] SI[60,Dragon Boots,3,0,1,1]serial:[0] dur:[71] Ex:[0,0,0,0,0,0,0] Set[0] 380:[0] HO:[0,0] E:[0]
[23:33:56] [fast][Tomi] SI[62,Dragon Helm,3,0,1,1]serial:[0] dur:[71] Ex:[0,0,0,0,0,0,0] Set[0] 380:[0] HO:[0,0] E:[0]
[23:33:56] [fast][Tomi] SI[64,Dragon Pants,3,0,1,1]serial:[0] dur:[71] Ex:[0,0,0,0,0,0,0] Set[0] 380:[0] HO:[0,0] E:[0]
[23:33:56] [fast][Tomi] SI[66,Dragon Gloves,3,0,1,1]serial:[0] dur:[71] Ex:[0,0,0,0,0,0,0] Set[0] 380:[0] HO:[0,0] E:[0]
[23:33:56] [fast][Tomi] SI[79,Invisibility Cloak,8,0,0,0]serial:[3032] dur:[255] Ex:[0,0,0,0,0,0,0] Set[0] 380:[0] HO:[0,0] E:[0]
[23:33:56] [fast][Tomi] SI[109,Bill of Balrog,3,1,1,1]serial:[0] dur:[77] Ex:[0,0,0,0,0,0,0] Set[0] 380:[0] HO:[0,0] E:[0]
[23:33:56] [fast][Tomi] SI[120,Dragon Armor,3,0,1,1]serial:[0] dur:[71] Ex:[0,0,0,0,0,0,0] Set[0] 380:[0] HO:[0,0] E:[0]
[23:33:56] [fast][Tomi] CharInfoSave : Class=18 Level=400 LVPoint=0 Exp=-402717296 Str=65000 Dex=65000 Vit=65000 Energy=65000 Leadership:0 Map=3 Pk=2
[23:34:50] [XCZBO][XCZBO] SI[0,Tomahawk,3,1,1,1]serial:[0] dur:[31] Ex:[0,0,0,0,0,0,0] Set[0] 380:[0] HO:[0,0] E:[0]
[23:34:50] [XCZBO][XCZBO] SI[1,Tomahawk,3,1,1,1]serial:[0] dur:[31] Ex:[0,0,0,0,0,0,0] Set[0] 380:[0] HO:[0,0] E:[0]
[23:34:50] [XCZBO][XCZBO] SI[2,Leather Helm,2,0,1,0]serial:[113] dur:[32] Ex:[0,0,0,0,0,0,0] Set[0] 380:[0] HO:[0,0] E:[0]
[23:34:50] [XCZBO][XCZBO] SI[3,Leather Armor,1,0,0,0]serial:[97] dur:[31] Ex:[0,0,0,0,0,0,0] Set[0] 380:[0] HO:[0,0] E:[0]
[23:34:50] [XCZBO][XCZBO] SI[6,Leather Boots,3,0,1,0]serial:[94] dur:[33] Ex:[0,0,0,0,0,0,0] Set[0] 380:[0] HO:[0,0] E:[0]
[23:34:50] [XCZBO][XCZBO] SI[9,Pendant of Fire,0,0,0,0]serial:[103] dur:[50] Ex:[0,0,0,0,0,0,0] Set[0] 380:[0] HO:[0,0] E:[0]
[23:34:50] [XCZBO][XCZBO] SI[17,Kris,0,0,0,0]serial:[3028] dur:[20] Ex:[0,0,0,0,0,0,0] Set[0] 380:[0] HO:[0,0] E:[0]
[23:34:50] [XCZBO][XCZBO] SI[18,Vine Boots,0,0,0,1]serial:[3029] dur:[22] Ex:[0,0,0,0,0,0,0] Set[0] 380:[0] HO:[0,0] E:[0]
[23:34:50] [XCZBO][XCZBO] SI[21,Hand Axe,0,0,0,0]serial:[3031] dur:[20] Ex:[0,0,0,0,0,0,0] Set[0] 380:[0] HO:[0,0] E:[0]
[23:34:50] [XCZBO][XCZBO] SW [0,Armor of Guardsman,0,0,0,0]serial:[67] dur:[0] Ex:[0,0,0,0,0,0,0] Set:[0] 380:[0] HO:[0,0] E:[0]
[23:34:50] [XCZBO][XCZBO] SW [2,Devil's Eye,1,0,0,0]serial:[3030] dur:[1] Ex:[0,0,0,0,0,0,0] Set:[0] 380:[0] HO:[0,0] E:[0]
[23:34:50] [XCZBO][XCZBO] SW [3,Devil's Key,1,0,0,0]serial:[3027] dur:[1] Ex:[0,0,0,0,0,0,0] Set:[0] 380:[0] HO:[0,0] E:[0]
[23:34:50] [XCZBO][XCZBO] SW [7,Rena,3,0,0,0]serial:[46] dur:[2] Ex:[0,0,0,0,0,0,0] Set:[0] 380:[0] HO:[0,0] E:[0]
[23:34:50] [XCZBO][XCZBO] SW [15,Jewel of Life,0,0,0,0]serial:[92] dur:[1] Ex:[0,0,0,0,0,0,0] Set:[0] 380:[0] HO:[0,0] E:[0]
[23:34:50] [XCZBO][XCZBO] SW [23,Devil's Eye,1,0,0,0]serial:[105] dur:[1] Ex:[0,0,0,0,0,0,0] Set:[0] 380:[0] HO:[0,0] E:[0]
[23:34:50] [XCZBO][XCZBO] SW [31,Rena,3,0,0,0]serial:[98] dur:[1] Ex:[0,0,0,0,0,0,0] Set:[0] 380:[0] HO:[0,0] E:[0]
[23:34:50] [XCZBO][XCZBO] SW [39,Blood Bone,1,0,0,0]serial:[99] dur:[128] Ex:[0,0,0,0,0,0,0] Set:[0] 380:[0] HO:[0,0] E:[0]
[23:34:50] [XCZBO][XCZBO] SW [55,Blood Bone,1,0,0,0]serial:[104] dur:[128] Ex:[0,0,0,0,0,0,0] Set:[0] 380:[0] HO:[0,0] E:[0]
[23:34:50] [XCZBO][XCZBO] SW [71,Blood Bone,1,0,0,0]serial:[3012] dur:[128] Ex:[0,0,0,0,0,0,0] Set:[0] 380:[0] HO:[0,0] E:[0]
[23:34:50] [XCZBO][XCZBO] SW [87,Blood Bone,1,0,0,0]serial:[3010] dur:[128] Ex:[0,0,0,0,0,0,0] Set:[0] 380:[0] HO:[0,0] E:[0]
[23:34:50] [XCZBO][XCZBO] SW [103,Scroll of Archangel,1,0,0,0]serial:[3026] dur:[128] Ex:[0,0,0,0,0,0,0] Set:[0] 380:[0] HO:[0,0] E:[0]
[23:34:50] [XCZBO][XCZBO] SW [119,Rena,3,0,0,0]serial:[3008] dur:[1] Ex:[0,0,0,0,0,0,0] Set:[0] 380:[0] HO:[0,0] E:[0]
[23:41:59] [fast][Tomi] SI[0,Sword Breaker,15,1,1,7]serial:[6027] dur:[152] Ex:[1,1,1,1,1,1,0] Set[0] 380:[0] HO:[0,0] E:[0]
[23:41:59] [fast][Tomi] SI[1,Sword Breaker,15,1,1,6]serial:[6026] dur:[152] Ex:[1,1,1,1,1,1,0] Set[0] 380:[0] HO:[0,0] E:[0]
[23:41:59] [fast][Tomi] SI[7,Wing of Storm,15,0,1,7]serial:[6030] dur:[255] Ex:[1,1,1,1,1,1,0] Set[0] 380:[0] HO:[0,0] E:[0]
[23:41:59] [fast][Tomi] SI[13,Jewel of Chaos,0,0,0,0]serial:[6019] dur:[0] Ex:[0,0,0,0,0,0,0] Set[0] 380:[0] HO:[0,0] E:[0]
[23:41:59] [fast][Tomi] SI[14,Jewel of Chaos,0,0,0,0]serial:[6020] dur:[0] Ex:[0,0,0,0,0,0,0] Set[0] 380:[0] HO:[0,0] E:[0]
[23:41:59] [fast][Tomi] SI[17,Pad Boots,0,0,1,0]serial:[31] dur:[28] Ex:[0,0,0,0,0,0,0] Set[0] 380:[0] HO:[0,0] E:[0]
[23:41:59] [fast][Tomi] SI[22,Ring of GM,0,0,0,0]serial:[3004] dur:[255] Ex:[0,0,0,0,0,0,0] Set[0] 380:[0] HO:[0,0] E:[0]
[23:41:59] [fast][Tomi] SI[23,Vine Gloves,0,0,0,0]serial:[33] dur:[22] Ex:[0,0,0,0,0,0,0] Set[0] 380:[0] HO:[0,0] E:[0]
[23:41:59] [fast][Tomi] SI[30,Jewel of Chaos,0,0,0,0]serial:[6022] dur:[0] Ex:[0,0,0,0,0,0,0] Set[0] 380:[0] HO:[0,0] E:[0]
[23:41:59] [fast][Tomi] SI[37,Jewel of Chaos,0,0,0,0]serial:[6023] dur:[0] Ex:[0,0,0,0,0,0,0] Set[0] 380:[0] HO:[0,0] E:[0]
[23:41:59] [fast][Tomi] SI[40,Transformation Ring,0,0,0,0]serial:[32] dur:[159] Ex:[0,0,0,0,0,0,0] Set[0] 380:[0] HO:[0,0] E:[0]
[23:41:59] [fast][Tomi] SI[44,Transformation Ring,0,0,0,0]serial:[20] dur:[126] Ex:[0,0,0,0,0,0,0] Set[0] 380:[0] HO:[0,0] E:[0]
[23:41:59] [fast][Tomi] SI[53,Jewel of Chaos,0,0,0,0]serial:[6025] dur:[0] Ex:[0,0,0,0,0,0,0] Set[0] 380:[0] HO:[0,0] E:[0]
[23:41:59] [fast][Tomi] SI[60,Dragon Boots,3,0,1,1]serial:[0] dur:[71] Ex:[0,0,0,0,0,0,0] Set[0] 380:[0] HO:[0,0] E:[0]
[23:41:59] [fast][Tomi] SI[62,Dragon Helm,3,0,1,1]serial:[0] dur:[71] Ex:[0,0,0,0,0,0,0] Set[0] 380:[0] HO:[0,0] E:[0]
[23:41:59] [fast][Tomi] SI[64,Dragon Pants,3,0,1,1]serial:[0] dur:[71] Ex:[0,0,0,0,0,0,0] Set[0] 380:[0] HO:[0,0] E:[0]
[23:41:59] [fast][Tomi] SI[66,Dragon Gloves,3,0,1,1]serial:[0] dur:[71] Ex:[0,0,0,0,0,0,0] Set[0] 380:[0] HO:[0,0] E:[0]
[23:41:59] [fast][Tomi] SI[79,Invisibility Cloak,8,0,0,0]serial:[3032] dur:[255] Ex:[0,0,0,0,0,0,0] Set[0] 380:[0] HO:[0,0] E:[0]
[23:41:59] [fast][Tomi] SI[109,Bill of Balrog,3,1,1,1]serial:[0] dur:[77] Ex:[0,0,0,0,0,0,0] Set[0] 380:[0] HO:[0,0] E:[0]
[23:41:59] [fast][Tomi] SI[120,Dragon Armor,3,0,1,1]serial:[0] dur:[71] Ex:[0,0,0,0,0,0,0] Set[0] 380:[0] HO:[0,0] E:[0]
[23:41:59] [fast][Tomi] CharInfoSave : Class=18 Level=400 LVPoint=0 Exp=-402717296 Str=65000 Dex=65000 Vit=65000 Energy=65000 Leadership:0 Map=52 Pk=2
[23:43:55] [XCZBO][XCZBO] SI[0,Short Sword,1,0,1,0]serial:[3037] dur:[23] Ex:[0,0,0,0,0,0,0] Set[0] 380:[0] HO:[0,0] E:[0]
[23:43:55] [XCZBO][XCZBO] SI[1,Short Sword,3,0,1,0]serial:[3042] dur:[25] Ex:[0,0,0,0,0,0,0] Set[0] 380:[0] HO:[0,0] E:[0]
[23:43:55] [XCZBO][XCZBO] SI[2,Leather Helm,2,0,1,0]serial:[113] dur:[32] Ex:[0,0,0,0,0,0,0] Set[0] 380:[0] HO:[0,0] E:[0]
[23:43:55] [XCZBO][XCZBO] SI[3,Leather Armor,1,0,0,0]serial:[97] dur:[31] Ex:[0,0,0,0,0,0,0] Set[0] 380:[0] HO:[0,0] E:[0]
[23:43:55] [XCZBO][XCZBO] SI[6,Leather Boots,3,0,1,0]serial:[94] dur:[33] Ex:[0,0,0,0,0,0,0] Set[0] 380:[0] HO:[0,0] E:[0]
[23:43:55] [XCZBO][XCZBO] SI[9,Pendant of Fire,0,0,0,0]serial:[103] dur:[50] Ex:[0,0,0,0,0,0,0] Set[0] 380:[0] HO:[0,0] E:[0]
[23:43:55] [XCZBO][XCZBO] SI[16,Rena,3,0,0,0]serial:[3035] dur:[1] Ex:[0,0,0,0,0,0,0] Set[0] 380:[0] HO:[0,0] E:[0]
[23:43:55] [XCZBO][XCZBO] SI[17,Devil's Key,1,0,0,0]serial:[3036] dur:[1] Ex:[0,0,0,0,0,0,0] Set[0] 380:[0] HO:[0,0] E:[0]
[23:43:55] [XCZBO][XCZBO] SI[18,Leather Boots,1,0,1,0]serial:[3039] dur:[31] Ex:[0,0,0,0,0,0,0] Set[0] 380:[0] HO:[0,0] E:[0]
[23:43:55] [XCZBO][XCZBO] SI[24,Leather Boots,3,0,1,0]serial:[3041] dur:[33] Ex:[0,0,0,0,0,0,0] Set[0] 380:[0] HO:[0,0] E:[0]
[23:43:55] [XCZBO][XCZBO] SI[34,Pad Armor,3,0,1,0]serial:[3043] dur:[31] Ex:[0,0,0,0,0,0,0] Set[0] 380:[0] HO:[0,0] E:[0]
[23:43:55] [XCZBO][XCZBO] SI[36,Angelic Staff,0,0,1,0]serial:[3044] dur:[38] Ex:[0,0,0,0,0,0,0] Set[0] 380:[0] HO:[0,0] E:[0]
[23:43:55] [XCZBO][XCZBO] SI[38,Elven Bow,1,0,1,0]serial:[3045] dur:[29] Ex:[0,0,0,0,0,0,0] Set[0] 380:[0] HO:[0,0] E:[0]
[23:43:55] [XCZBO][XCZBO] SI[40,Bronze Helm,1,0,0,0]serial:[3046] dur:[35] Ex:[0,0,0,0,0,0,0] Set[0] 380:[0] HO:[0,0] E:[0]
[23:43:55] [XCZBO][XCZBO] SI[50,Vine Pants,1,0,1,0]serial:[3047] dur:[23] Ex:[0,0,0,0,0,0,0] Set[0] 380:[0] HO:[0,0] E:[0]
[23:43:55] [XCZBO][XCZBO] SI[57,Sealed Golden Box,0,0,0,0]serial:[3053] dur:[1] Ex:[0,0,0,0,0,0,0] Set[0] 380:[0] HO:[0,0] E:[0]
[23:43:55] [XCZBO][XCZBO] SI[60,Transformation Ring,0,0,0,0]serial:[3049] dur:[110] Ex:[0,0,0,0,0,0,0] Set[0] 380:[0] HO:[0,0] E:[0]
[23:43:55] [XCZBO][XCZBO] SI[61,Blood Bone,1,0,0,0]serial:[3051] dur:[128] Ex:[0,0,0,0,0,0,0] Set[0] 380:[0] HO:[0,0] E:[0]
[23:43:55] [XCZBO][XCZBO] CharInfoSave : Class=96 Level=94 LVPoint=7 Exp=9098980 Str=228 Dex=200 Vit=170 Energy=150 Leadership:0 Map=0 Pk=2
[23:44:13] [XCZBO][XCZBO] Skill Save Complete. 0 269
[23:44:13] [XCZBO][XCZBO] Skill Save Complete. 1 67
[23:44:13] [XCZBO][XCZBO] Skill Save Complete. 2 68
[23:44:13] [XCZBO][XCZBO] Skill Save Complete. 3 69
[23:44:13] [XCZBO][XCZBO] Skill Save Complete. 4 70
[23:44:13] [XCZBO][XCZBO] Skill Save Complete. 5 71
[23:44:13] [XCZBO][XCZBO] Skill Save Complete. 6 72
[23:44:13] [XCZBO][XCZBO] SI[0,Short Sword,1,0,1,0]serial:[3037] dur:[23] Ex:[0,0,0,0,0,0,0] Set[0] 380:[0] HO:[0,0] E:[0]
[23:44:13] [XCZBO][XCZBO] SI[1,Short Sword,3,0,1,0]serial:[3042] dur:[25] Ex:[0,0,0,0,0,0,0] Set[0] 380:[0] HO:[0,0] E:[0]
[23:44:13] [XCZBO][XCZBO] SI[2,Leather Helm,2,0,1,0]serial:[113] dur:[32] Ex:[0,0,0,0,0,0,0] Set[0] 380:[0] HO:[0,0] E:[0]
[23:44:13] [XCZBO][XCZBO] SI[3,Leather Armor,1,0,0,0]serial:[97] dur:[31] Ex:[0,0,0,0,0,0,0] Set[0] 380:[0] HO:[0,0] E:[0]
[23:44:13] [XCZBO][XCZBO] SI[6,Leather Boots,3,0,1,0]serial:[94] dur:[33] Ex:[0,0,0,0,0,0,0] Set[0] 380:[0] HO:[0,0] E:[0]
[23:44:13] [XCZBO][XCZBO] SI[9,Pendant of Fire,0,0,0,0]serial:[103] dur:[50] Ex:[0,0,0,0,0,0,0] Set[0] 380:[0] HO:[0,0] E:[0]
[23:44:13] [XCZBO][XCZBO] SI[16,Rena,3,0,0,0]serial:[3035] dur:[1] Ex:[0,0,0,0,0,0,0] Set[0] 380:[0] HO:[0,0] E:[0]
[23:44:13] [XCZBO][XCZBO] SI[17,Devil's Key,1,0,0,0]serial:[3036] dur:[1] Ex:[0,0,0,0,0,0,0] Set[0] 380:[0] HO:[0,0] E:[0]
[23:44:13] [XCZBO][XCZBO] SI[18,Leather Boots,1,0,1,0]serial:[3039] dur:[31] Ex:[0,0,0,0,0,0,0] Set[0] 380:[0] HO:[0,0] E:[0]
[23:44:13] [XCZBO][XCZBO] SI[24,Leather Boots,3,0,1,0]serial:[3041] dur:[33] Ex:[0,0,0,0,0,0,0] Set[0] 380:[0] HO:[0,0] E:[0]
[23:44:13] [XCZBO][XCZBO] SI[34,Pad Armor,3,0,1,0]serial:[3043] dur:[31] Ex:[0,0,0,0,0,0,0] Set[0] 380:[0] HO:[0,0] E:[0]
[23:44:13] [XCZBO][XCZBO] SI[36,Angelic Staff,0,0,1,0]serial:[3044] dur:[38] Ex:[0,0,0,0,0,0,0] Set[0] 380:[0] HO:[0,0] E:[0]
[23:44:13] [XCZBO][XCZBO] SI[38,Elven Bow,1,0,1,0]serial:[3045] dur:[29] Ex:[0,0,0,0,0,0,0] Set[0] 380:[0] HO:[0,0] E:[0]
[23:44:13] [XCZBO][XCZBO] SI[40,Bronze Helm,1,0,0,0]serial:[3046] dur:[35] Ex:[0,0,0,0,0,0,0] Set[0] 380:[0] HO:[0,0] E:[0]
[23:44:13] [XCZBO][XCZBO] SI[50,Vine Pants,1,0,1,0]serial:[3047] dur:[23] Ex:[0,0,0,0,0,0,0] Set[0] 380:[0] HO:[0,0] E:[0]
[23:44:13] [XCZBO][XCZBO] SI[57,Sealed Golden Box,0,0,0,0]serial:[3053] dur:[1] Ex:[0,0,0,0,0,0,0] Set[0] 380:[0] HO:[0,0] E:[0]
[23:44:13] [XCZBO][XCZBO] SI[60,Transformation Ring,0,0,0,0]serial:[3049] dur:[110] Ex:[0,0,0,0,0,0,0] Set[0] 380:[0] HO:[0,0] E:[0]
[23:44:13] [XCZBO][XCZBO] SI[61,Blood Bone,1,0,0,0]serial:[3051] dur:[128] Ex:[0,0,0,0,0,0,0] Set[0] 380:[0] HO:[0,0] E:[0]
[23:44:13] [XCZBO][XCZBO] CharInfoSave : Class=96 Level=94 LVPoint=7 Exp=9098980 Str=228 Dex=200 Vit=170 Energy=150 Leadership:0 Map=0 Pk=2
[23:49:03] [XCZBO][XCZBO] SI[0,Great Hammer,3,1,1,1]serial:[0] dur:[53] Ex:[0,0,0,0,0,0,0] Set[0] 380:[0] HO:[0,0] E:[0]
[23:49:03] [XCZBO][XCZBO] SI[2,Leather Helm,2,0,1,0]serial:[113] dur:[32] Ex:[0,0,0,0,0,0,0] Set[0] 380:[0] HO:[0,0] E:[0]
[23:49:03] [XCZBO][XCZBO] SI[3,Leather Armor,1,0,0,0]serial:[97] dur:[31] Ex:[0,0,0,0,0,0,0] Set[0] 380:[0] HO:[0,0] E:[0]
[23:49:03] [XCZBO][XCZBO] SI[6,Leather Boots,3,0,1,0]serial:[94] dur:[33] Ex:[0,0,0,0,0,0,0] Set[0] 380:[0] HO:[0,0] E:[0]
[23:49:03] [XCZBO][XCZBO] SI[9,Pendant of Fire,0,0,0,0]serial:[103] dur:[50] Ex:[0,0,0,0,0,0,0] Set[0] 380:[0] HO:[0,0] E:[0]
[23:49:03] [XCZBO][XCZBO] SW [0,Armor of Guardsman,0,0,0,0]serial:[67] dur:[0] Ex:[0,0,0,0,0,0,0] Set:[0] 380:[0] HO:[0,0] E:[0]
[23:49:03] [XCZBO][XCZBO] SW [2,Devil's Eye,1,0,0,0]serial:[3030] dur:[1] Ex:[0,0,0,0,0,0,0] Set:[0] 380:[0] HO:[0,0] E:[0]
[23:49:03] [XCZBO][XCZBO] SW [3,Devil's Key,1,0,0,0]serial:[3027] dur:[1] Ex:[0,0,0,0,0,0,0] Set:[0] 380:[0] HO:[0,0] E:[0]
[23:49:03] [XCZBO][XCZBO] SW [4,Rena,3,0,0,0]serial:[3035] dur:[1] Ex:[0,0,0,0,0,0,0] Set:[0] 380:[0] HO:[0,0] E:[0]
[23:49:03] [XCZBO][XCZBO] SW [5,Devil's Key,1,0,0,0]serial:[3036] dur:[1] Ex:[0,0,0,0,0,0,0] Set:[0] 380:[0] HO:[0,0] E:[0]
[23:49:03] [XCZBO][XCZBO] SW [6,Blood Bone,1,0,0,0]serial:[3051] dur:[128] Ex:[0,0,0,0,0,0,0] Set:[0] 380:[0] HO:[0,0] E:[0]
[23:49:03] [XCZBO][XCZBO] SW [7,Rena,3,0,0,0]serial:[46] dur:[2] Ex:[0,0,0,0,0,0,0] Set:[0] 380:[0] HO:[0,0] E:[0]
[23:49:03] [XCZBO][XCZBO] SW [15,Jewel of Life,0,0,0,0]serial:[92] dur:[1] Ex:[0,0,0,0,0,0,0] Set:[0] 380:[0] HO:[0,0] E:[0]
[23:49:03] [XCZBO][XCZBO] SW [23,Devil's Eye,1,0,0,0]serial:[105] dur:[1] Ex:[0,0,0,0,0,0,0] Set:[0] 380:[0] HO:[0,0] E:[0]
[23:49:03] [XCZBO][XCZBO] SW [31,Rena,3,0,0,0]serial:[98] dur:[1] Ex:[0,0,0,0,0,0,0] Set:[0] 380:[0] HO:[0,0] E:[0]
[23:49:03] [XCZBO][XCZBO] SW [39,Blood Bone,1,0,0,0]serial:[99] dur:[128] Ex:[0,0,0,0,0,0,0] Set:[0] 380:[0] HO:[0,0] E:[0]
[23:49:03] [XCZBO][XCZBO] SW [55,Blood Bone,1,0,0,0]serial:[104] dur:[128] Ex:[0,0,0,0,0,0,0] Set:[0] 380:[0] HO:[0,0] E:[0]
[23:49:03] [XCZBO][XCZBO] SW [71,Blood Bone,1,0,0,0]serial:[3012] dur:[128] Ex:[0,0,0,0,0,0,0] Set:[0] 380:[0] HO:[0,0] E:[0]
[23:49:03] [XCZBO][XCZBO] SW [87,Blood Bone,1,0,0,0]serial:[3010] dur:[128] Ex:[0,0,0,0,0,0,0] Set:[0] 380:[0] HO:[0,0] E:[0]
[23:49:03] [XCZBO][XCZBO] SW [103,Scroll of Archangel,1,0,0,0]serial:[3026] dur:[128] Ex:[0,0,0,0,0,0,0] Set:[0] 380:[0] HO:[0,0] E:[0]
[23:49:03] [XCZBO][XCZBO] SW [119,Rena,3,0,0,0]serial:[3008] dur:[1] Ex:[0,0,0,0,0,0,0] Set:[0] 380:[0] HO:[0,0] E:[0]
[23:49:25] [fast][Tomi] SI[0,Sword Breaker,15,1,1,7]serial:[6028] dur:[152] Ex:[1,1,1,1,1,1,0] Set[0] 380:[0] HO:[0,0] E:[7]
[23:49:25] [fast][Tomi] SI[1,Sword Breaker,15,1,1,7]serial:[6029] dur:[152] Ex:[1,1,1,1,1,1,0] Set[0] 380:[0] HO:[0,0] E:[7]
[23:49:25] [fast][Tomi] SI[7,Wing of Storm,15,0,1,7]serial:[6030] dur:[255] Ex:[1,1,1,1,1,1,0] Set[0] 380:[0] HO:[0,0] E:[0]
[23:49:25] [fast][Tomi] SI[13,Jewel of Chaos,0,0,0,0]serial:[6019] dur:[0] Ex:[0,0,0,0,0,0,0] Set[0] 380:[0] HO:[0,0] E:[0]
[23:49:25] [fast][Tomi] SI[14,Jewel of Chaos,0,0,0,0]serial:[6020] dur:[0] Ex:[0,0,0,0,0,0,0] Set[0] 380:[0] HO:[0,0] E:[0]
[23:49:25] [fast][Tomi] SI[17,Pad Boots,0,0,1,0]serial:[31] dur:[28] Ex:[0,0,0,0,0,0,0] Set[0] 380:[0] HO:[0,0] E:[0]
[23:49:25] [fast][Tomi] SI[22,Ring of GM,0,0,0,0]serial:[3004] dur:[255] Ex:[0,0,0,0,0,0,0] Set[0] 380:[0] HO:[0,0] E:[0]
[23:49:25] [fast][Tomi] SI[23,Vine Gloves,0,0,0,0]serial:[33] dur:[22] Ex:[0,0,0,0,0,0,0] Set[0] 380:[0] HO:[0,0] E:[0]
[23:49:25] [fast][Tomi] SI[30,Jewel of Chaos,0,0,0,0]serial:[6022] dur:[0] Ex:[0,0,0,0,0,0,0] Set[0] 380:[0] HO:[0,0] E:[0]
[23:49:25] [fast][Tomi] SI[37,Jewel of Chaos,0,0,0,0]serial:[6023] dur:[0] Ex:[0,0,0,0,0,0,0] Set[0] 380:[0] HO:[0,0] E:[0]
[23:49:25] [fast][Tomi] SI[40,Transformation Ring,0,0,0,0]serial:[32] dur:[159] Ex:[0,0,0,0,0,0,0] Set[0] 380:[0] HO:[0,0] E:[0]
[23:49:25] [fast][Tomi] SI[44,Transformation Ring,0,0,0,0]serial:[20] dur:[126] Ex:[0,0,0,0,0,0,0] Set[0] 380:[0] HO:[0,0] E:[0]
[23:49:25] [fast][Tomi] SI[51,Empty Sphere lvl 2,0,0,0,0]serial:[3072] dur:[1] Ex:[0,0,0,0,0,0,0] Set[0] 380:[0] HO:[0,0] E:[0]
[23:49:25] [fast][Tomi] SI[52,Devil's Key,7,0,0,0]serial:[3074] dur:[1] Ex:[0,0,0,0,0,0,0] Set[0] 380:[0] HO:[0,0] E:[0]
[23:49:25] [fast][Tomi] SI[53,Jewel of Chaos,0,0,0,0]serial:[6025] dur:[0] Ex:[0,0,0,0,0,0,0] Set[0] 380:[0] HO:[0,0] E:[0]
[23:49:25] [fast][Tomi] SI[54,Transformation Ring,5,0,0,0]serial:[3073] dur:[192] Ex:[0,0,0,0,0,0,0] Set[0] 380:[0] HO:[0,0] E:[0]
[23:49:25] [fast][Tomi] SI[55,Devil's Eye,7,0,0,0]serial:[3084] dur:[1] Ex:[0,0,0,0,0,0,0] Set[0] 380:[0] HO:[0,0] E:[0]
[23:49:25] [fast][Tomi] SI[60,Dragon Boots,3,0,1,1]serial:[0] dur:[71] Ex:[0,0,0,0,0,0,0] Set[0] 380:[0] HO:[0,0] E:[0]
[23:49:25] [fast][Tomi] SI[62,Dragon Helm,3,0,1,1]serial:[0] dur:[71] Ex:[0,0,0,0,0,0,0] Set[0] 380:[0] HO:[0,0] E:[0]
[23:49:25] [fast][Tomi] SI[64,Dragon Pants,3,0,1,1]serial:[0] dur:[71] Ex:[0,0,0,0,0,0,0] Set[0] 380:[0] HO:[0,0] E:[0]
[23:49:25] [fast][Tomi] SI[66,Dragon Gloves,3,0,1,1]serial:[0] dur:[71] Ex:[0,0,0,0,0,0,0] Set[0] 380:[0] HO:[0,0] E:[0]
[23:49:25] [fast][Tomi] SI[76,Divine Stick of Archangel,2,0,0,0]serial:[3079] dur:[184] Ex:[0,0,0,0,0,0,0] Set[0] 380:[0] HO:[0,0] E:[0]
[23:49:25] [fast][Tomi] SI[77,Divine Staff of Archangel,2,0,1,0]serial:[3085] dur:[184] Ex:[0,0,0,0,0,0,0] Set[0] 380:[0] HO:[0,0] E:[0]
[23:49:25] [fast][Tomi] SI[78,Blue Chocolate Box,1,0,0,0]serial:[3124] dur:[2] Ex:[0,0,0,0,0,0,0] Set[0] 380:[0] HO:[0,0] E:[0]
[23:49:25] [fast][Tomi] SI[79,Invisibility Cloak,8,0,0,0]serial:[3032] dur:[255] Ex:[0,0,0,0,0,0,0] Set[0] 380:[0] HO:[0,0] E:[0]
[23:49:25] [fast][Tomi] SI[81,Red Spirit Pants,3,0,0,0]serial:[3090] dur:[83] Ex:[0,0,0,0,0,0,0] Set[0] 380:[0] HO:[0,0] E:[0]
[23:49:25] [fast][Tomi] SI[83,Spirit,1,0,0,0]serial:[3148] dur:[1] Ex:[0,0,0,0,0,0,0] Set[0] 380:[0] HO:[0,0] E:[0]
[23:49:25] [fast][Tomi] SI[94,Dark Master Mask,2,0,1,0]serial:[3095] dur:[80] Ex:[0,0,0,0,0,0,0] Set[0] 380:[0] HO:[0,0] E:[0]
[23:49:25] [fast][Tomi] SI[96,Silk Armor,4,0,0,0]serial:[3151] dur:[30] Ex:[0,0,0,0,0,0,0] Set[0] 380:[0] HO:[0,0] E:[0]
[23:49:25] [fast][Tomi] SI[109,Bill of Balrog,3,1,1,1]serial:[0] dur:[77] Ex:[0,0,0,0,0,0,0] Set[0] 380:[0] HO:[0,0] E:[0]
[23:49:25] [fast][Tomi] SI[114,Dark Master Armor,0,0,0,0]serial:[3106] dur:[78] Ex:[0,0,0,0,0,0,0] Set[0] 380:[0] HO:[0,0] E:[0]
[23:49:25] [fast][Tomi] SI[120,Dragon Armor,3,0,1,1]serial:[0] dur:[71] Ex:[0,0,0,0,0,0,0] Set[0] 380:[0] HO:[0,0] E:[0]
[23:49:25] [fast][Tomi] SW [15,Sword Breaker,15,1,1,6]serial:[6026] dur:[151] Ex:[1,1,1,1,1,1,0] Set:[0] 380:[0] HO:[0,0] E:[0]
[23:49:25] [fast][Tomi] SW [19,Sword Breaker,15,1,1,7]serial:[6027] dur:[150] Ex:[1,1,1,1,1,1,0] Set:[0] 380:[0] HO:[0,0] E:[0]
[23:49:25] [fast][Tomi] SW [45,Devil's Key,1,0,0,0]serial:[19] dur:[1] Ex:[0,0,0,0,0,0,0] Set:[0] 380:[0] HO:[0,0] E:[0]
[23:49:25] [fast][Tomi] SW [58,Giant Sword,3,1,1,1]serial:[0] dur:[63] Ex:[0,0,0,0,0,0,0] Set:[0] 380:[0] HO:[0,0] E:[0]
[23:52:00] [fast][Tomi] SI[0,Sword Breaker,15,1,1,7]serial:[6028] dur:[152] Ex:[1,1,1,1,1,1,0] Set[0] 380:[0] HO:[0,0] E:[7]
[23:52:00] [fast][Tomi] SI[1,Sword Breaker,15,1,1,7]serial:[6029] dur:[152] Ex:[1,1,1,1,1,1,0] Set[0] 380:[0] HO:[0,0] E:[7]
[23:52:00] [fast][Tomi] SI[7,Wing of Storm,15,0,1,7]serial:[6030] dur:[255] Ex:[1,1,1,1,1,1,0] Set[0] 380:[0] HO:[0,0] E:[0]
[23:52:00] [fast][Tomi] SI[13,Jewel of Chaos,0,0,0,0]serial:[6019] dur:[0] Ex:[0,0,0,0,0,0,0] Set[0] 380:[0] HO:[0,0] E:[0]
[23:52:00] [fast][Tomi] SI[14,Jewel of Chaos,0,0,0,0]serial:[6020] dur:[0] Ex:[0,0,0,0,0,0,0] Set[0] 380:[0] HO:[0,0] E:[0]
[23:52:00] [fast][Tomi] SI[17,Pad Boots,0,0,1,0]serial:[31] dur:[28] Ex:[0,0,0,0,0,0,0] Set[0] 380:[0] HO:[0,0] E:[0]
[23:52:00] [fast][Tomi] SI[22,Ring of GM,0,0,0,0]serial:[3004] dur:[255] Ex:[0,0,0,0,0,0,0] Set[0] 380:[0] HO:[0,0] E:[0]
[23:52:00] [fast][Tomi] SI[23,Vine Gloves,0,0,0,0]serial:[33] dur:[22] Ex:[0,0,0,0,0,0,0] Set[0] 380:[0] HO:[0,0] E:[0]
[23:52:00] [fast][Tomi] SI[30,Jewel of Chaos,0,0,0,0]serial:[6022] dur:[0] Ex:[0,0,0,0,0,0,0] Set[0] 380:[0] HO:[0,0] E:[0]
[23:52:00] [fast][Tomi] SI[37,Jewel of Chaos,0,0,0,0]serial:[6023] dur:[0] Ex:[0,0,0,0,0,0,0] Set[0] 380:[0] HO:[0,0] E:[0]
[23:52:00] [fast][Tomi] SI[40,Transformation Ring,0,0,0,0]serial:[32] dur:[159] Ex:[0,0,0,0,0,0,0] Set[0] 380:[0] HO:[0,0] E:[0]
[23:52:00] [fast][Tomi] SI[44,Transformation Ring,0,0,0,0]serial:[20] dur:[125] Ex:[0,0,0,0,0,0,0] Set[0] 380:[0] HO:[0,0] E:[0]
[23:52:00] [fast][Tomi] SI[51,Empty Sphere lvl 2,0,0,0,0]serial:[3072] dur:[1] Ex:[0,0,0,0,0,0,0] Set[0] 380:[0] HO:[0,0] E:[0]
[23:52:00] [fast][Tomi] SI[52,Devil's Key,7,0,0,0]serial:[3074] dur:[1] Ex:[0,0,0,0,0,0,0] Set[0] 380:[0] HO:[0,0] E:[0]
[23:52:00] [fast][Tomi] SI[53,Jewel of Chaos,0,0,0,0]serial:[6025] dur:[0] Ex:[0,0,0,0,0,0,0] Set[0] 380:[0] HO:[0,0] E:[0]
[23:52:00] [fast][Tomi] SI[54,Transformation Ring,5,0,0,0]serial:[3073] dur:[192] Ex:[0,0,0,0,0,0,0] Set[0] 380:[0] HO:[0,0] E:[0]
[23:52:00] [fast][Tomi] SI[55,Devil's Eye,7,0,0,0]serial:[3084] dur:[1] Ex:[0,0,0,0,0,0,0] Set[0] 380:[0] HO:[0,0] E:[0]
[23:52:00] [fast][Tomi] SI[60,Dragon Boots,3,0,1,1]serial:[0] dur:[71] Ex:[0,0,0,0,0,0,0] Set[0] 380:[0] HO:[0,0] E:[0]
[23:52:00] [fast][Tomi] SI[62,Dragon Helm,3,0,1,1]serial:[0] dur:[71] Ex:[0,0,0,0,0,0,0] Set[0] 380:[0] HO:[0,0] E:[0]
[23:52:00] [fast][Tomi] SI[64,Dragon Pants,3,0,1,1]serial:[0] dur:[71] Ex:[0,0,0,0,0,0,0] Set[0] 380:[0] HO:[0,0] E:[0]
[23:52:00] [fast][Tomi] SI[66,Dragon Gloves,3,0,1,1]serial:[0] dur:[71] Ex:[0,0,0,0,0,0,0] Set[0] 380:[0] HO:[0,0] E:[0]
[23:52:00] [fast][Tomi] SI[76,Divine Stick of Archangel,2,0,0,0]serial:[3079] dur:[184] Ex:[0,0,0,0,0,0,0] Set[0] 380:[0] HO:[0,0] E:[0]
[23:52:00] [fast][Tomi] SI[77,Divine Staff of Archangel,2,0,1,0]serial:[3085] dur:[184] Ex:[0,0,0,0,0,0,0] Set[0] 380:[0] HO:[0,0] E:[0]
[23:52:00] [fast][Tomi] SI[78,Blue Chocolate Box,1,0,0,0]serial:[3124] dur:[2] Ex:[0,0,0,0,0,0,0] Set[0] 380:[0] HO:[0,0] E:[0]
[23:52:00] [fast][Tomi] SI[79,Invisibility Cloak,8,0,0,0]serial:[3032] dur:[255] Ex:[0,0,0,0,0,0,0] Set[0] 380:[0] HO:[0,0] E:[0]
[23:52:00] [fast][Tomi] SI[81,Red Spirit Pants,3,0,0,0]serial:[3090] dur:[83] Ex:[0,0,0,0,0,0,0] Set[0] 380:[0] HO:[0,0] E:[0]
[23:52:00] [fast][Tomi] SI[83,Spirit,1,0,0,0]serial:[3148] dur:[1] Ex:[0,0,0,0,0,0,0] Set[0] 380:[0] HO:[0,0] E:[0]
[23:52:00] [fast][Tomi] SI[94,Dark Master Mask,2,0,1,0]serial:[3095] dur:[80] Ex:[0,0,0,0,0,0,0] Set[0] 380:[0] HO:[0,0] E:[0]
[23:52:00] [fast][Tomi] SI[96,Silk Armor,4,0,0,0]serial:[3151] dur:[30] Ex:[0,0,0,0,0,0,0] Set[0] 380:[0] HO:[0,0] E:[0]
[23:52:00] [fast][Tomi] SI[109,Bill of Balrog,3,1,1,1]serial:[0] dur:[77] Ex:[0,0,0,0,0,0,0] Set[0] 380:[0] HO:[0,0] E:[0]
[23:52:00] [fast][Tomi] SI[114,Dark Master Armor,0,0,0,0]serial:[3106] dur:[78] Ex:[0,0,0,0,0,0,0] Set[0] 380:[0] HO:[0,0] E:[0]
[23:52:00] [fast][Tomi] SI[120,Dragon Armor,3,0,1,1]serial:[0] dur:[71] Ex:[0,0,0,0,0,0,0] Set[0] 380:[0] HO:[0,0] E:[0]
[23:52:00] [fast][Tomi] CharInfoSave : Class=18 Level=400 LVPoint=0 Exp=-402717296 Str=65000 Dex=65000 Vit=65000 Energy=65000 Leadership:0 Map=0 Pk=3
[23:54:57] [XCZBO][XCZBO] Skill Save Complete. 0 269
[23:54:57] [XCZBO][XCZBO] Skill Save Complete. 1 67
[23:54:57] [XCZBO][XCZBO] Skill Save Complete. 2 68
[23:54:57] [XCZBO][XCZBO] Skill Save Complete. 3 69
[23:54:57] [XCZBO][XCZBO] Skill Save Complete. 4 70
[23:54:57] [XCZBO][XCZBO] Skill Save Complete. 5 71
[23:54:57] [XCZBO][XCZBO] Skill Save Complete. 6 72
[23:54:57] [XCZBO][XCZBO] Skill Save Complete. 7 19
[23:54:57] [XCZBO][XCZBO] SI[0,Great Hammer,3,1,1,1]serial:[0] dur:[53] Ex:[0,0,0,0,0,0,0] Set[0] 380:[0] HO:[0,0] E:[0]
[23:54:57] [XCZBO][XCZBO] SI[2,Brass Helm,0,0,0,0]serial:[3160] dur:[44] Ex:[0,0,0,0,0,0,0] Set[0] 380:[0] HO:[0,0] E:[0]
[23:54:57] [XCZBO][XCZBO] SI[3,Leather Armor,1,0,0,0]serial:[97] dur:[31] Ex:[0,0,0,0,0,0,0] Set[0] 380:[0] HO:[0,0] E:[0]
[23:54:57] [XCZBO][XCZBO] SI[6,Scale Boots,4,0,1,0]serial:[3163] dur:[44] Ex:[0,0,0,0,0,0,0] Set[0] 380:[0] HO:[0,0] E:[0]
[23:54:57] [XCZBO][XCZBO] SI[9,Pendant of Fire,0,0,0,0]serial:[103] dur:[50] Ex:[0,0,0,0,0,0,0] Set[0] 380:[0] HO:[0,0] E:[0]
[23:54:57] [XCZBO][XCZBO] SI[12,Bronze Armor,2,0,0,0]serial:[3154] dur:[36] Ex:[0,0,0,0,0,0,0] Set[0] 380:[0] HO:[0,0] E:[0]
[23:54:57] [XCZBO][XCZBO] SI[14,Wind Gloves,3,0,0,0]serial:[3156] dur:[35] Ex:[0,0,0,0,0,0,0] Set[0] 380:[0] HO:[0,0] E:[0]
[23:54:57] [XCZBO][XCZBO] SI[16,Box of Luck,5,0,0,0]serial:[3165] dur:[255] Ex:[0,0,0,0,0,0,0] Set[0] 380:[0] HO:[0,0] E:[0]
[23:54:57] [XCZBO][XCZBO] SI[17,Blood Bone,1,0,0,0]serial:[3157] dur:[128] Ex:[0,0,0,0,0,0,0] Set[0] 380:[0] HO:[0,0] E:[0]
[23:54:57] [XCZBO][XCZBO] SI[18,Bronze Armor,4,0,0,0]serial:[3159] dur:[38] Ex:[0,0,0,0,0,0,0] Set[0] 380:[0] HO:[0,0] E:[0]
[23:54:57] [XCZBO][XCZBO] SI[28,Buckler,4,0,0,0]serial:[3164] dur:[28] Ex:[0,0,0,0,0,0,0] Set[0] 380:[0] HO:[0,0] E:[0]
[23:54:57] [XCZBO][XCZBO] SI[30,Violent Wind Pants,2,0,1,0]serial:[3162] dur:[38] Ex:[0,0,0,0,0,0,0] Set[0] 380:[0] HO:[0,0] E:[0]
[23:54:57] [XCZBO][XCZBO] SI[32,Leather Boots,3,0,1,0]serial:[94] dur:[33] Ex:[0,0,0,0,0,0,0] Set[0] 380:[0] HO:[0,0] E:[0]
[23:54:57] [XCZBO][XCZBO] SI[34,Leather Helm,2,0,1,0]serial:[113] dur:[32] Ex:[0,0,0,0,0,0,0] Set[0] 380:[0] HO:[0,0] E:[0]
[23:54:57] [XCZBO][XCZBO] CharInfoSave : Class=96 Level=112 LVPoint=14 Exp=15160200 Str=300 Dex=200 Vit=217 Energy=150 Leadership:0 Map=2 Pk=3
[23:55:42] [fast][Tomi] Skill Save Complete. 0 44
[23:55:42] [fast][Tomi] Skill Save Complete. 1 67
[23:55:42] [fast][Tomi] Skill Save Complete. 2 68
[23:55:42] [fast][Tomi] Skill Save Complete. 3 69
[23:55:42] [fast][Tomi] Skill Save Complete. 4 70
[23:55:42] [fast][Tomi] Skill Save Complete. 5 71
[23:55:42] [fast][Tomi] Skill Save Complete. 6 72
[23:55:42] [fast][Tomi] Skill Save Complete. 7 22
[23:55:42] [fast][Tomi] Skill Save Complete. 8 22
[23:55:42] [fast][Tomi] Skill Save Complete. 9 47
[23:55:42] [fast][Tomi] Skill Save Complete. 10 41
[23:55:42] [fast][Tomi] SI[0,Sword Breaker,15,1,1,7]serial:[6028] dur:[152] Ex:[1,1,1,1,1,1,0] Set[0] 380:[0] HO:[0,0] E:[7]
[23:55:42] [fast][Tomi] SI[1,Sword Breaker,15,1,1,7]serial:[6029] dur:[152] Ex:[1,1,1,1,1,1,0] Set[0] 380:[0] HO:[0,0] E:[7]
[23:55:42] [fast][Tomi] SI[7,Wing of Storm,15,0,1,7]serial:[6030] dur:[255] Ex:[1,1,1,1,1,1,0] Set[0] 380:[0] HO:[0,0] E:[0]
[23:55:42] [fast][Tomi] SI[13,Jewel of Chaos,0,0,0,0]serial:[6019] dur:[0] Ex:[0,0,0,0,0,0,0] Set[0] 380:[0] HO:[0,0] E:[0]
[23:55:42] [fast][Tomi] SI[14,Jewel of Chaos,0,0,0,0]serial:[6020] dur:[0] Ex:[0,0,0,0,0,0,0] Set[0] 380:[0] HO:[0,0] E:[0]
[23:55:42] [fast][Tomi] SI[17,Pad Boots,0,0,1,0]serial:[31] dur:[28] Ex:[0,0,0,0,0,0,0] Set[0] 380:[0] HO:[0,0] E:[0]
[23:55:42] [fast][Tomi] SI[22,Ring of GM,0,0,0,0]serial:[3004] dur:[255] Ex:[0,0,0,0,0,0,0] Set[0] 380:[0] HO:[0,0] E:[0]
[23:55:42] [fast][Tomi] SI[23,Vine Gloves,0,0,0,0]serial:[33] dur:[22] Ex:[0,0,0,0,0,0,0] Set[0] 380:[0] HO:[0,0] E:[0]
[23:55:42] [fast][Tomi] SI[30,Jewel of Chaos,0,0,0,0]serial:[6022] dur:[0] Ex:[0,0,0,0,0,0,0] Set[0] 380:[0] HO:[0,0] E:[0]
[23:55:42] [fast][Tomi] SI[37,Jewel of Chaos,0,0,0,0]serial:[6023] dur:[0] Ex:[0,0,0,0,0,0,0] Set[0] 380:[0] HO:[0,0] E:[0]
[23:55:42] [fast][Tomi] SI[40,Transformation Ring,0,0,0,0]serial:[32] dur:[159] Ex:[0,0,0,0,0,0,0] Set[0] 380:[0] HO:[0,0] E:[0]
[23:55:42] [fast][Tomi] SI[44,Transformation Ring,0,0,0,0]serial:[20] dur:[125] Ex:[0,0,0,0,0,0,0] Set[0] 380:[0] HO:[0,0] E:[0]
[23:55:42] [fast][Tomi] SI[51,Empty Sphere lvl 2,0,0,0,0]serial:[3072] dur:[1] Ex:[0,0,0,0,0,0,0] Set[0] 380:[0] HO:[0,0] E:[0]
[23:55:42] [fast][Tomi] SI[52,Devil's Key,7,0,0,0]serial:[3074] dur:[1] Ex:[0,0,0,0,0,0,0] Set[0] 380:[0] HO:[0,0] E:[0]
[23:55:42] [fast][Tomi] SI[53,Jewel of Chaos,0,0,0,0]serial:[6025] dur:[0] Ex:[0,0,0,0,0,0,0] Set[0] 380:[0] HO:[0,0] E:[0]
[23:55:42] [fast][Tomi] SI[54,Transformation Ring,5,0,0,0]serial:[3073] dur:[192] Ex:[0,0,0,0,0,0,0] Set[0] 380:[0] HO:[0,0] E:[0]
[23:55:42] [fast][Tomi] SI[55,Devil's Eye,7,0,0,0]serial:[3084] dur:[1] Ex:[0,0,0,0,0,0,0] Set[0] 380:[0] HO:[0,0] E:[0]
[23:55:42] [fast][Tomi] SI[60,Dragon Boots,3,0,1,1]serial:[0] dur:[71] Ex:[0,0,0,0,0,0,0] Set[0] 380:[0] HO:[0,0] E:[0]
[23:55:42] [fast][Tomi] SI[62,Dragon Helm,3,0,1,1]serial:[0] dur:[71] Ex:[0,0,0,0,0,0,0] Set[0] 380:[0] HO:[0,0] E:[0]
[23:55:42] [fast][Tomi] SI[64,Dragon Pants,3,0,1,1]serial:[0] dur:[71] Ex:[0,0,0,0,0,0,0] Set[0] 380:[0] HO:[0,0] E:[0]
[23:55:42] [fast][Tomi] SI[66,Dragon Gloves,3,0,1,1]serial:[0] dur:[71] Ex:[0,0,0,0,0,0,0] Set[0] 380:[0] HO:[0,0] E:[0]
[23:55:42] [fast][Tomi] SI[76,Divine Stick of Archangel,2,0,0,0]serial:[3079] dur:[184] Ex:[0,0,0,0,0,0,0] Set[0] 380:[0] HO:[0,0] E:[0]
[23:55:42] [fast][Tomi] SI[77,Divine Staff of Archangel,2,0,1,0]serial:[3085] dur:[184] Ex:[0,0,0,0,0,0,0] Set[0] 380:[0] HO:[0,0] E:[0]
[23:55:42] [fast][Tomi] SI[78,Blue Chocolate Box,1,0,0,0]serial:[3124] dur:[2] Ex:[0,0,0,0,0,0,0] Set[0] 380:[0] HO:[0,0] E:[0]
[23:55:42] [fast][Tomi] SI[79,Invisibility Cloak,8,0,0,0]serial:[3032] dur:[255] Ex:[0,0,0,0,0,0,0] Set[0] 380:[0] HO:[0,0] E:[0]
[23:55:42] [fast][Tomi] SI[81,Red Spirit Pants,3,0,0,0]serial:[3090] dur:[83] Ex:[0,0,0,0,0,0,0] Set[0] 380:[0] HO:[0,0] E:[0]
[23:55:42] [fast][Tomi] SI[83,Spirit,1,0,0,0]serial:[3148] dur:[1] Ex:[0,0,0,0,0,0,0] Set[0] 380:[0] HO:[0,0] E:[0]
[23:55:42] [fast][Tomi] SI[94,Dark Master Mask,2,0,1,0]serial:[3095] dur:[80] Ex:[0,0,0,0,0,0,0] Set[0] 380:[0] HO:[0,0] E:[0]
[23:55:42] [fast][Tomi] SI[96,Silk Armor,4,0,0,0]serial:[3151] dur:[30] Ex:[0,0,0,0,0,0,0] Set[0] 380:[0] HO:[0,0] E:[0]
[23:55:42] [fast][Tomi] SI[109,Bill of Balrog,3,1,1,1]serial:[0] dur:[77] Ex:[0,0,0,0,0,0,0] Set[0] 380:[0] HO:[0,0] E:[0]
[23:55:42] [fast][Tomi] SI[114,Dark Master Armor,0,0,0,0]serial:[3106] dur:[78] Ex:[0,0,0,0,0,0,0] Set[0] 380:[0] HO:[0,0] E:[0]
[23:55:42] [fast][Tomi] SI[120,Dragon Armor,3,0,1,1]serial:[0] dur:[71] Ex:[0,0,0,0,0,0,0] Set[0] 380:[0] HO:[0,0] E:[0]
[23:55:42] [fast][Tomi] CharInfoSave : Class=18 Level=400 LVPoint=0 Exp=-402717296 Str=65000 Dex=65000 Vit=65000 Energy=65000 Leadership:0 Map=0 Pk=3
